2020-06-19 14:41:43.279 [main] INFO  c.a.n.client.config.impl.LocalConfigInfoProcessor - LOCAL_SNAPSHOT_PATH:C:\Users\917110140\nacos\config
2020-06-19 14:41:43.624 [main] INFO  com.alibaba.nacos.client.config.impl.Limiter - limitTime:5.0
2020-06-19 14:41:43.996 [main] INFO  com.alibaba.nacos.client.config.utils.JVMUtil - isMultiInstance:false
2020-06-19 14:41:44.090 [main] INFO  o.s.c.b.c.PropertySourceBootstrapConfiguration - Located property source: [BootstrapPropertySource {name='bootstrapProperties-app-yj-core-peer1.yaml,DEFAULT_GROUP'}, BootstrapPropertySource {name='bootstrapProperties-app-yj-core.yaml,DEFAULT_GROUP'}, BootstrapPropertySource {name='bootstrapProperties-app-yj-core,DEFAULT_GROUP'}]
2020-06-19 14:41:44.114 [main] INFO  com.yj.AppCore - The following profiles are active: peer1
2020-06-19 14:41:52.412 [main] INFO  o.springframework.cloud.context.scope.GenericScope - BeanFactory id=c37dfbdb-f3e8-3ee3-8102-acbe31ff950a
2020-06-19 14:41:59.492 [main] INFO  o.s.boot.web.embedded.tomcat.TomcatWebServer - Tomcat initialized with port(s): 9000 (http)
2020-06-19 14:41:59.511 [main] INFO  org.apache.coyote.http11.Http11NioProtocol - Initializing ProtocolHandler ["http-nio-9000"]
2020-06-19 14:41:59.512 [main] INFO  org.apache.catalina.core.StandardService - Starting service [Tomcat]
2020-06-19 14:41:59.512 [main] INFO  org.apache.catalina.core.StandardEngine - Starting Servlet engine: [Apache Tomcat/9.0.33]
2020-06-19 14:42:00.158 [main] INFO  o.a.c.core.ContainerBase.[Tomcat].[localhost].[/] - Initializing Spring embedded WebApplicationContext
2020-06-19 14:42:00.158 [main] INFO  org.springframework.web.context.ContextLoader - Root WebApplicationContext: initialization completed in 15216 ms
2020-06-19 14:42:07.418 [main] INFO  s.d.s.w.PropertySourcedRequestMappingHandlerMapping - Mapped URL path [/v2/api-docs] onto method [springfox.documentation.swagger2.web.Swagger2Controller#getDocumentation(String, HttpServletRequest)]
2020-06-19 14:42:07.525 [main] INFO  com.netflix.config.sources.URLConfigurationSource - To enable URLs as dynamic configuration sources, define System property archaius.configurationSource.additionalUrls or make config.properties available on classpath.
2020-06-19 14:42:07.566 [main] INFO  com.netflix.config.sources.URLConfigurationSource - To enable URLs as dynamic configuration sources, define System property archaius.configurationSource.additionalUrls or make config.properties available on classpath.
2020-06-19 14:42:07.992 [main] INFO  o.s.scheduling.concurrent.ThreadPoolTaskExecutor - Initializing ExecutorService 'applicationTaskExecutor'
2020-06-19 14:42:08.392 [main] INFO  o.s.scheduling.concurrent.ThreadPoolTaskScheduler - Initializing ExecutorService 'taskScheduler'
2020-06-19 14:42:08.446 [main] INFO  com.alibaba.nacos.client.naming - initializer namespace from System Property :null
2020-06-19 14:42:08.464 [main] INFO  com.alibaba.nacos.client.naming - initializer namespace from System Environment :null
2020-06-19 14:42:08.465 [main] INFO  com.alibaba.nacos.client.naming - initializer namespace from System Property :null
2020-06-19 14:42:09.059 [main] INFO  com.atomikos.icatch.provider.imp.AssemblerImp - Loaded jar:file:/C:/Users/917110140/.m2/repository/com/atomikos/transactions/4.0.6/transactions-4.0.6.jar!/transactions-defaults.properties
2020-06-19 14:42:09.137 [main] INFO  com.atomikos.icatch.provider.imp.AssemblerImp - USING: com.atomikos.icatch.default_max_wait_time_on_shutdown = 9223372036854775807
2020-06-19 14:42:09.138 [main] INFO  com.atomikos.icatch.provider.imp.AssemblerImp - USING: com.atomikos.icatch.allow_subtransactions = true
2020-06-19 14:42:09.138 [main] INFO  com.atomikos.icatch.provider.imp.AssemblerImp - USING: com.atomikos.icatch.recovery_delay = 10000
2020-06-19 14:42:09.138 [main] INFO  com.atomikos.icatch.provider.imp.AssemblerImp - USING: com.atomikos.icatch.automatic_resource_registration = true
2020-06-19 14:42:09.138 [main] INFO  com.atomikos.icatch.provider.imp.AssemblerImp - USING: com.atomikos.icatch.oltp_max_retries = 5
2020-06-19 14:42:09.138 [main] INFO  com.atomikos.icatch.provider.imp.AssemblerImp - USING: com.atomikos.icatch.client_demarcation = false
2020-06-19 14:42:09.138 [main] INFO  com.atomikos.icatch.provider.imp.AssemblerImp - USING: com.atomikos.icatch.threaded_2pc = false
2020-06-19 14:42:09.138 [main] INFO  com.atomikos.icatch.provider.imp.AssemblerImp - USING: com.atomikos.icatch.serial_jta_transactions = true
2020-06-19 14:42:09.138 [main] INFO  com.atomikos.icatch.provider.imp.AssemblerImp - USING: com.atomikos.icatch.log_base_dir = F:\yj_parents\transaction-logs
2020-06-19 14:42:09.138 [main] INFO  com.atomikos.icatch.provider.imp.AssemblerImp - USING: com.atomikos.icatch.rmi_export_class = none
2020-06-19 14:42:09.138 [main] INFO  com.atomikos.icatch.provider.imp.AssemblerImp - USING: com.atomikos.icatch.max_actives = 50
2020-06-19 14:42:09.138 [main] INFO  com.atomikos.icatch.provider.imp.AssemblerImp - USING: com.atomikos.icatch.checkpoint_interval = 500
2020-06-19 14:42:09.138 [main] INFO  com.atomikos.icatch.provider.imp.AssemblerImp - USING: com.atomikos.icatch.enable_logging = true
2020-06-19 14:42:09.138 [main] INFO  com.atomikos.icatch.provider.imp.AssemblerImp - USING: com.atomikos.icatch.log_base_name = yj_parents_atomiks_core1
2020-06-19 14:42:09.138 [main] INFO  com.atomikos.icatch.provider.imp.AssemblerImp - USING: com.atomikos.icatch.max_timeout = 300000
2020-06-19 14:42:09.138 [main] INFO  com.atomikos.icatch.provider.imp.AssemblerImp - USING: com.atomikos.icatch.trust_client_tm = false
2020-06-19 14:42:09.138 [main] INFO  com.atomikos.icatch.provider.imp.AssemblerImp - USING: java.naming.factory.initial = com.sun.jndi.rmi.registry.RegistryContextFactory
2020-06-19 14:42:09.138 [main] INFO  com.atomikos.icatch.provider.imp.AssemblerImp - USING: com.atomikos.icatch.tm_unique_name = 172.18.18.7.tm
2020-06-19 14:42:09.138 [main] INFO  com.atomikos.icatch.provider.imp.AssemblerImp - USING: com.atomikos.icatch.forget_orphaned_log_entries_delay = 86400000
2020-06-19 14:42:09.138 [main] INFO  com.atomikos.icatch.provider.imp.AssemblerImp - USING: com.atomikos.icatch.oltp_retry_interval = 10000
2020-06-19 14:42:09.138 [main] INFO  com.atomikos.icatch.provider.imp.AssemblerImp - USING: java.naming.provider.url = rmi://localhost:1099
2020-06-19 14:42:09.138 [main] INFO  com.atomikos.icatch.provider.imp.AssemblerImp - USING: com.atomikos.icatch.force_shutdown_on_vm_exit = false
2020-06-19 14:42:09.138 [main] INFO  com.atomikos.icatch.provider.imp.AssemblerImp - USING: com.atomikos.icatch.default_jta_timeout = 10000
2020-06-19 14:42:09.139 [main] INFO  com.atomikos.icatch.provider.imp.AssemblerImp - Using default (local) logging and recovery...
2020-06-19 14:42:09.668 [main] INFO  com.atomikos.datasource.xa.XATransactionalResource - dbcoreDatasource: refreshed XAResource
2020-06-19 14:42:10.673 [main] INFO  s.d.s.web.plugins.DocumentationPluginsBootstrapper - Context refreshed
2020-06-19 14:42:10.815 [main] INFO  s.d.s.web.plugins.DocumentationPluginsBootstrapper - Found 1 custom documentation plugin(s)
2020-06-19 14:42:10.952 [main] INFO  s.d.spring.web.scanners.ApiListingReferenceScanner - Scanning for api listing references
2020-06-19 14:42:11.318 [main] INFO  org.apache.coyote.http11.Http11NioProtocol - Starting ProtocolHandler ["http-nio-9000"]
2020-06-19 14:42:11.378 [main] INFO  o.s.boot.web.embedded.tomcat.TomcatWebServer - Tomcat started on port(s): 9000 (http) with context path ''
2020-06-19 14:42:11.380 [main] INFO  com.alibaba.nacos.client.naming - [BEAT] adding beat: {"cluster":"DEFAULT","ip":"172.18.18.7","metadata":{"preserved.register.source":"SPRING_CLOUD"},"period":5000,"port":9000,"scheduled":false,"serviceName":"DEFAULT_GROUP@@app-yj-core","stopped":false,"weight":1.0} to beat map.
2020-06-19 14:42:11.754 [main] INFO  com.alibaba.nacos.client.naming - [REGISTER-SERVICE] public registering service DEFAULT_GROUP@@app-yj-core with instance: {"clusterName":"DEFAULT","enabled":true,"ephemeral":true,"healthy":true,"instanceHeartBeatInterval":5000,"instanceHeartBeatTimeOut":15000,"ip":"172.18.18.7","ipDeleteTimeout":30000,"metadata":{"preserved.register.source":"SPRING_CLOUD"},"port":9000,"weight":1.0}
2020-06-19 14:42:12.336 [main] INFO  c.a.cloud.nacos.registry.NacosServiceRegistry - nacos registry, DEFAULT_GROUP app-yj-core 172.18.18.7:9000 register finished
2020-06-19 14:42:12.448 [main] INFO  com.yj.AppCore - Started AppCore in 33.347 seconds (JVM running for 34.93)
2020-06-19 14:42:12.453 [main] INFO  com.alibaba.nacos.client.config.impl.ClientWorker - [fixed-127.0.0.1_8848] [subscribe] app-yj-core-peer1.yaml+DEFAULT_GROUP
2020-06-19 14:42:12.454 [main] INFO  com.alibaba.nacos.client.config.impl.CacheData - [fixed-127.0.0.1_8848] [add-listener] ok, tenant=, dataId=app-yj-core-peer1.yaml, group=DEFAULT_GROUP, cnt=1
2020-06-19 14:42:12.454 [main] INFO  com.alibaba.nacos.client.config.impl.ClientWorker - [fixed-127.0.0.1_8848] [subscribe] app-yj-core.yaml+DEFAULT_GROUP
2020-06-19 14:42:12.454 [main] INFO  com.alibaba.nacos.client.config.impl.CacheData - [fixed-127.0.0.1_8848] [add-listener] ok, tenant=, dataId=app-yj-core.yaml, group=DEFAULT_GROUP, cnt=1
2020-06-19 14:42:12.454 [main] INFO  com.alibaba.nacos.client.config.impl.ClientWorker - [fixed-127.0.0.1_8848] [subscribe] app-yj-core+DEFAULT_GROUP
2020-06-19 14:42:12.454 [main] INFO  com.alibaba.nacos.client.config.impl.CacheData - [fixed-127.0.0.1_8848] [add-listener] ok, tenant=, dataId=app-yj-core, group=DEFAULT_GROUP, cnt=1
2020-06-19 14:44:33.719 [main] INFO  c.a.n.client.config.impl.LocalConfigInfoProcessor - LOCAL_SNAPSHOT_PATH:C:\Users\917110140\nacos\config
2020-06-19 14:44:33.746 [main] INFO  com.alibaba.nacos.client.config.impl.Limiter - limitTime:5.0
2020-06-19 14:44:33.781 [main] INFO  com.alibaba.nacos.client.config.utils.JVMUtil - isMultiInstance:false
2020-06-19 14:44:33.786 [main] INFO  o.s.c.b.c.PropertySourceBootstrapConfiguration - Located property source: [BootstrapPropertySource {name='bootstrapProperties-app-yj-core-peer1.yaml,DEFAULT_GROUP'}, BootstrapPropertySource {name='bootstrapProperties-app-yj-core.yaml,DEFAULT_GROUP'}, BootstrapPropertySource {name='bootstrapProperties-app-yj-core,DEFAULT_GROUP'}]
2020-06-19 14:44:33.936 [main] INFO  com.yj.AppCore - The following profiles are active: peer1
2020-06-19 14:44:34.921 [main] INFO  o.springframework.cloud.context.scope.GenericScope - BeanFactory id=c37dfbdb-f3e8-3ee3-8102-acbe31ff950a
2020-06-19 14:44:35.520 [main] INFO  o.s.boot.web.embedded.tomcat.TomcatWebServer - Tomcat initialized with port(s): 9000 (http)
2020-06-19 14:44:35.543 [main] INFO  org.apache.coyote.http11.Http11NioProtocol - Initializing ProtocolHandler ["http-nio-9000"]
2020-06-19 14:44:35.544 [main] INFO  org.apache.catalina.core.StandardService - Starting service [Tomcat]
2020-06-19 14:44:35.544 [main] INFO  org.apache.catalina.core.StandardEngine - Starting Servlet engine: [Apache Tomcat/9.0.33]
2020-06-19 14:44:35.703 [main] INFO  o.a.c.core.ContainerBase.[Tomcat].[localhost].[/] - Initializing Spring embedded WebApplicationContext
2020-06-19 14:44:35.703 [main] INFO  org.springframework.web.context.ContextLoader - Root WebApplicationContext: initialization completed in 1751 ms
2020-06-19 14:44:37.239 [main] INFO  s.d.s.w.PropertySourcedRequestMappingHandlerMapping - Mapped URL path [/v2/api-docs] onto method [springfox.documentation.swagger2.web.Swagger2Controller#getDocumentation(String, HttpServletRequest)]
2020-06-19 14:44:37.271 [main] INFO  com.netflix.config.sources.URLConfigurationSource - To enable URLs as dynamic configuration sources, define System property archaius.configurationSource.additionalUrls or make config.properties available on classpath.
2020-06-19 14:44:37.275 [main] INFO  com.netflix.config.sources.URLConfigurationSource - To enable URLs as dynamic configuration sources, define System property archaius.configurationSource.additionalUrls or make config.properties available on classpath.
2020-06-19 14:44:37.423 [main] INFO  o.s.scheduling.concurrent.ThreadPoolTaskExecutor - Initializing ExecutorService 'applicationTaskExecutor'
2020-06-19 14:44:37.640 [main] INFO  o.s.scheduling.concurrent.ThreadPoolTaskScheduler - Initializing ExecutorService 'taskScheduler'
2020-06-19 14:44:37.659 [main] INFO  com.alibaba.nacos.client.naming - initializer namespace from System Property :null
2020-06-19 14:44:37.659 [main] INFO  com.alibaba.nacos.client.naming - initializer namespace from System Environment :null
2020-06-19 14:44:37.660 [main] INFO  com.alibaba.nacos.client.naming - initializer namespace from System Property :null
2020-06-19 14:44:37.897 [main] INFO  com.atomikos.icatch.provider.imp.AssemblerImp - Loaded jar:file:/C:/Users/917110140/.m2/repository/com/atomikos/transactions/4.0.6/transactions-4.0.6.jar!/transactions-defaults.properties
2020-06-19 14:44:37.906 [main] INFO  com.atomikos.icatch.provider.imp.AssemblerImp - USING: com.atomikos.icatch.default_max_wait_time_on_shutdown = 9223372036854775807
2020-06-19 14:44:37.906 [main] INFO  com.atomikos.icatch.provider.imp.AssemblerImp - USING: com.atomikos.icatch.allow_subtransactions = true
2020-06-19 14:44:37.906 [main] INFO  com.atomikos.icatch.provider.imp.AssemblerImp - USING: com.atomikos.icatch.recovery_delay = 10000
2020-06-19 14:44:37.906 [main] INFO  com.atomikos.icatch.provider.imp.AssemblerImp - USING: com.atomikos.icatch.automatic_resource_registration = true
2020-06-19 14:44:37.906 [main] INFO  com.atomikos.icatch.provider.imp.AssemblerImp - USING: com.atomikos.icatch.oltp_max_retries = 5
2020-06-19 14:44:37.906 [main] INFO  com.atomikos.icatch.provider.imp.AssemblerImp - USING: com.atomikos.icatch.client_demarcation = false
2020-06-19 14:44:37.906 [main] INFO  com.atomikos.icatch.provider.imp.AssemblerImp - USING: com.atomikos.icatch.threaded_2pc = false
2020-06-19 14:44:37.906 [main] INFO  com.atomikos.icatch.provider.imp.AssemblerImp - USING: com.atomikos.icatch.serial_jta_transactions = true
2020-06-19 14:44:37.906 [main] INFO  com.atomikos.icatch.provider.imp.AssemblerImp - USING: com.atomikos.icatch.log_base_dir = F:\yj_parents\transaction-logs
2020-06-19 14:44:37.906 [main] INFO  com.atomikos.icatch.provider.imp.AssemblerImp - USING: com.atomikos.icatch.rmi_export_class = none
2020-06-19 14:44:37.906 [main] INFO  com.atomikos.icatch.provider.imp.AssemblerImp - USING: com.atomikos.icatch.max_actives = 50
2020-06-19 14:44:37.906 [main] INFO  com.atomikos.icatch.provider.imp.AssemblerImp - USING: com.atomikos.icatch.checkpoint_interval = 500
2020-06-19 14:44:37.906 [main] INFO  com.atomikos.icatch.provider.imp.AssemblerImp - USING: com.atomikos.icatch.enable_logging = true
2020-06-19 14:44:37.906 [main] INFO  com.atomikos.icatch.provider.imp.AssemblerImp - USING: com.atomikos.icatch.log_base_name = yj_parents_atomiks_core1
2020-06-19 14:44:37.906 [main] INFO  com.atomikos.icatch.provider.imp.AssemblerImp - USING: com.atomikos.icatch.max_timeout = 300000
2020-06-19 14:44:37.906 [main] INFO  com.atomikos.icatch.provider.imp.AssemblerImp - USING: com.atomikos.icatch.trust_client_tm = false
2020-06-19 14:44:37.906 [main] INFO  com.atomikos.icatch.provider.imp.AssemblerImp - USING: java.naming.factory.initial = com.sun.jndi.rmi.registry.RegistryContextFactory
2020-06-19 14:44:37.906 [main] INFO  com.atomikos.icatch.provider.imp.AssemblerImp - USING: com.atomikos.icatch.tm_unique_name = 172.18.18.7.tm
2020-06-19 14:44:37.906 [main] INFO  com.atomikos.icatch.provider.imp.AssemblerImp - USING: com.atomikos.icatch.forget_orphaned_log_entries_delay = 86400000
2020-06-19 14:44:37.906 [main] INFO  com.atomikos.icatch.provider.imp.AssemblerImp - USING: com.atomikos.icatch.oltp_retry_interval = 10000
2020-06-19 14:44:37.906 [main] INFO  com.atomikos.icatch.provider.imp.AssemblerImp - USING: java.naming.provider.url = rmi://localhost:1099
2020-06-19 14:44:37.906 [main] INFO  com.atomikos.icatch.provider.imp.AssemblerImp - USING: com.atomikos.icatch.force_shutdown_on_vm_exit = false
2020-06-19 14:44:37.906 [main] INFO  com.atomikos.icatch.provider.imp.AssemblerImp - USING: com.atomikos.icatch.default_jta_timeout = 10000
2020-06-19 14:44:37.907 [main] INFO  com.atomikos.icatch.provider.imp.AssemblerImp - Using default (local) logging and recovery...
2020-06-19 14:44:38.823 [main] INFO  com.atomikos.datasource.xa.XATransactionalResource - dbcoreDatasource: refreshed XAResource
2020-06-19 14:44:39.252 [main] INFO  s.d.s.web.plugins.DocumentationPluginsBootstrapper - Context refreshed
2020-06-19 14:44:39.265 [main] INFO  s.d.s.web.plugins.DocumentationPluginsBootstrapper - Found 1 custom documentation plugin(s)
2020-06-19 14:44:39.292 [main] INFO  s.d.spring.web.scanners.ApiListingReferenceScanner - Scanning for api listing references
2020-06-19 14:44:39.394 [main] INFO  org.apache.coyote.http11.Http11NioProtocol - Starting ProtocolHandler ["http-nio-9000"]
2020-06-19 14:44:39.416 [main] INFO  o.s.boot.web.embedded.tomcat.TomcatWebServer - Tomcat started on port(s): 9000 (http) with context path ''
2020-06-19 14:44:39.419 [main] INFO  com.alibaba.nacos.client.naming - [BEAT] adding beat: {"cluster":"DEFAULT","ip":"172.18.18.7","metadata":{"preserved.register.source":"SPRING_CLOUD"},"period":5000,"port":9000,"scheduled":false,"serviceName":"DEFAULT_GROUP@@app-yj-core","stopped":false,"weight":1.0} to beat map.
2020-06-19 14:44:39.491 [main] INFO  com.alibaba.nacos.client.naming - [REGISTER-SERVICE] public registering service DEFAULT_GROUP@@app-yj-core with instance: {"clusterName":"DEFAULT","enabled":true,"ephemeral":true,"healthy":true,"instanceHeartBeatInterval":5000,"instanceHeartBeatTimeOut":15000,"ip":"172.18.18.7","ipDeleteTimeout":30000,"metadata":{"preserved.register.source":"SPRING_CLOUD"},"port":9000,"weight":1.0}
2020-06-19 14:44:39.502 [main] INFO  c.a.cloud.nacos.registry.NacosServiceRegistry - nacos registry, DEFAULT_GROUP app-yj-core 172.18.18.7:9000 register finished
2020-06-19 14:44:39.553 [main] INFO  com.yj.AppCore - Started AppCore in 7.103 seconds (JVM running for 8.218)
2020-06-19 14:44:39.557 [main] INFO  com.alibaba.nacos.client.config.impl.ClientWorker - [fixed-127.0.0.1_8848] [subscribe] app-yj-core-peer1.yaml+DEFAULT_GROUP
2020-06-19 14:44:39.558 [main] INFO  com.alibaba.nacos.client.config.impl.CacheData - [fixed-127.0.0.1_8848] [add-listener] ok, tenant=, dataId=app-yj-core-peer1.yaml, group=DEFAULT_GROUP, cnt=1
2020-06-19 14:44:39.558 [main] INFO  com.alibaba.nacos.client.config.impl.ClientWorker - [fixed-127.0.0.1_8848] [subscribe] app-yj-core.yaml+DEFAULT_GROUP
2020-06-19 14:44:39.558 [main] INFO  com.alibaba.nacos.client.config.impl.CacheData - [fixed-127.0.0.1_8848] [add-listener] ok, tenant=, dataId=app-yj-core.yaml, group=DEFAULT_GROUP, cnt=1
2020-06-19 14:44:39.559 [main] INFO  com.alibaba.nacos.client.config.impl.ClientWorker - [fixed-127.0.0.1_8848] [subscribe] app-yj-core+DEFAULT_GROUP
2020-06-19 14:44:39.559 [main] INFO  com.alibaba.nacos.client.config.impl.CacheData - [fixed-127.0.0.1_8848] [add-listener] ok, tenant=, dataId=app-yj-core, group=DEFAULT_GROUP, cnt=1
2020-06-19 14:45:43.801 [main] INFO  c.a.n.client.config.impl.LocalConfigInfoProcessor - LOCAL_SNAPSHOT_PATH:C:\Users\917110140\nacos\config
2020-06-19 14:45:43.825 [main] INFO  com.alibaba.nacos.client.config.impl.Limiter - limitTime:5.0
2020-06-19 14:45:45.244 [main] INFO  com.alibaba.nacos.client.config.utils.JVMUtil - isMultiInstance:false
2020-06-19 14:45:45.251 [main] INFO  o.s.c.b.c.PropertySourceBootstrapConfiguration - Located property source: [BootstrapPropertySource {name='bootstrapProperties-app-yj-core-peer1.yaml,DEFAULT_GROUP'}, BootstrapPropertySource {name='bootstrapProperties-app-yj-core.yaml,DEFAULT_GROUP'}, BootstrapPropertySource {name='bootstrapProperties-app-yj-core,DEFAULT_GROUP'}]
2020-06-19 14:45:45.300 [main] INFO  com.yj.AppCore - The following profiles are active: peer1
2020-06-19 14:45:46.270 [main] INFO  o.springframework.cloud.context.scope.GenericScope - BeanFactory id=c37dfbdb-f3e8-3ee3-8102-acbe31ff950a
2020-06-19 14:45:46.920 [main] INFO  o.s.boot.web.embedded.tomcat.TomcatWebServer - Tomcat initialized with port(s): 9000 (http)
2020-06-19 14:45:46.928 [main] INFO  org.apache.coyote.http11.Http11NioProtocol - Initializing ProtocolHandler ["http-nio-9000"]
2020-06-19 14:45:46.929 [main] INFO  org.apache.catalina.core.StandardService - Starting service [Tomcat]
2020-06-19 14:45:46.929 [main] INFO  org.apache.catalina.core.StandardEngine - Starting Servlet engine: [Apache Tomcat/9.0.33]
2020-06-19 14:45:47.086 [main] INFO  o.a.c.core.ContainerBase.[Tomcat].[localhost].[/] - Initializing Spring embedded WebApplicationContext
2020-06-19 14:45:47.086 [main] INFO  org.springframework.web.context.ContextLoader - Root WebApplicationContext: initialization completed in 1770 ms
2020-06-19 14:45:48.776 [main] INFO  s.d.s.w.PropertySourcedRequestMappingHandlerMapping - Mapped URL path [/v2/api-docs] onto method [springfox.documentation.swagger2.web.Swagger2Controller#getDocumentation(String, HttpServletRequest)]
2020-06-19 14:45:48.813 [main] INFO  com.netflix.config.sources.URLConfigurationSource - To enable URLs as dynamic configuration sources, define System property archaius.configurationSource.additionalUrls or make config.properties available on classpath.
2020-06-19 14:45:48.818 [main] INFO  com.netflix.config.sources.URLConfigurationSource - To enable URLs as dynamic configuration sources, define System property archaius.configurationSource.additionalUrls or make config.properties available on classpath.
2020-06-19 14:45:48.984 [main] INFO  o.s.scheduling.concurrent.ThreadPoolTaskExecutor - Initializing ExecutorService 'applicationTaskExecutor'
2020-06-19 14:45:49.267 [main] INFO  o.s.scheduling.concurrent.ThreadPoolTaskScheduler - Initializing ExecutorService 'taskScheduler'
2020-06-19 14:45:49.288 [main] INFO  com.alibaba.nacos.client.naming - initializer namespace from System Property :null
2020-06-19 14:45:49.288 [main] INFO  com.alibaba.nacos.client.naming - initializer namespace from System Environment :null
2020-06-19 14:45:49.289 [main] INFO  com.alibaba.nacos.client.naming - initializer namespace from System Property :null
2020-06-19 14:45:49.542 [main] INFO  com.atomikos.icatch.provider.imp.AssemblerImp - Loaded jar:file:/C:/Users/917110140/.m2/repository/com/atomikos/transactions/4.0.6/transactions-4.0.6.jar!/transactions-defaults.properties
2020-06-19 14:45:49.552 [main] INFO  com.atomikos.icatch.provider.imp.AssemblerImp - USING: com.atomikos.icatch.default_max_wait_time_on_shutdown = 9223372036854775807
2020-06-19 14:45:49.552 [main] INFO  com.atomikos.icatch.provider.imp.AssemblerImp - USING: com.atomikos.icatch.allow_subtransactions = true
2020-06-19 14:45:49.552 [main] INFO  com.atomikos.icatch.provider.imp.AssemblerImp - USING: com.atomikos.icatch.recovery_delay = 10000
2020-06-19 14:45:49.552 [main] INFO  com.atomikos.icatch.provider.imp.AssemblerImp - USING: com.atomikos.icatch.automatic_resource_registration = true
2020-06-19 14:45:49.552 [main] INFO  com.atomikos.icatch.provider.imp.AssemblerImp - USING: com.atomikos.icatch.oltp_max_retries = 5
2020-06-19 14:45:49.552 [main] INFO  com.atomikos.icatch.provider.imp.AssemblerImp - USING: com.atomikos.icatch.client_demarcation = false
2020-06-19 14:45:49.552 [main] INFO  com.atomikos.icatch.provider.imp.AssemblerImp - USING: com.atomikos.icatch.threaded_2pc = false
2020-06-19 14:45:49.552 [main] INFO  com.atomikos.icatch.provider.imp.AssemblerImp - USING: com.atomikos.icatch.serial_jta_transactions = true
2020-06-19 14:45:49.552 [main] INFO  com.atomikos.icatch.provider.imp.AssemblerImp - USING: com.atomikos.icatch.log_base_dir = F:\yj_parents\transaction-logs
2020-06-19 14:45:49.552 [main] INFO  com.atomikos.icatch.provider.imp.AssemblerImp - USING: com.atomikos.icatch.rmi_export_class = none
2020-06-19 14:45:49.552 [main] INFO  com.atomikos.icatch.provider.imp.AssemblerImp - USING: com.atomikos.icatch.max_actives = 50
2020-06-19 14:45:49.552 [main] INFO  com.atomikos.icatch.provider.imp.AssemblerImp - USING: com.atomikos.icatch.checkpoint_interval = 500
2020-06-19 14:45:49.552 [main] INFO  com.atomikos.icatch.provider.imp.AssemblerImp - USING: com.atomikos.icatch.enable_logging = true
2020-06-19 14:45:49.552 [main] INFO  com.atomikos.icatch.provider.imp.AssemblerImp - USING: com.atomikos.icatch.log_base_name = yj_parents_atomiks_core1
2020-06-19 14:45:49.552 [main] INFO  com.atomikos.icatch.provider.imp.AssemblerImp - USING: com.atomikos.icatch.max_timeout = 300000
2020-06-19 14:45:49.552 [main] INFO  com.atomikos.icatch.provider.imp.AssemblerImp - USING: com.atomikos.icatch.trust_client_tm = false
2020-06-19 14:45:49.552 [main] INFO  com.atomikos.icatch.provider.imp.AssemblerImp - USING: java.naming.factory.initial = com.sun.jndi.rmi.registry.RegistryContextFactory
2020-06-19 14:45:49.552 [main] INFO  com.atomikos.icatch.provider.imp.AssemblerImp - USING: com.atomikos.icatch.tm_unique_name = 172.18.18.7.tm
2020-06-19 14:45:49.552 [main] INFO  com.atomikos.icatch.provider.imp.AssemblerImp - USING: com.atomikos.icatch.forget_orphaned_log_entries_delay = 86400000
2020-06-19 14:45:49.552 [main] INFO  com.atomikos.icatch.provider.imp.AssemblerImp - USING: com.atomikos.icatch.oltp_retry_interval = 10000
2020-06-19 14:45:49.552 [main] INFO  com.atomikos.icatch.provider.imp.AssemblerImp - USING: java.naming.provider.url = rmi://localhost:1099
2020-06-19 14:45:49.552 [main] INFO  com.atomikos.icatch.provider.imp.AssemblerImp - USING: com.atomikos.icatch.force_shutdown_on_vm_exit = false
2020-06-19 14:45:49.552 [main] INFO  com.atomikos.icatch.provider.imp.AssemblerImp - USING: com.atomikos.icatch.default_jta_timeout = 10000
2020-06-19 14:45:49.553 [main] INFO  com.atomikos.icatch.provider.imp.AssemblerImp - Using default (local) logging and recovery...
2020-06-19 14:45:50.160 [main] INFO  com.atomikos.datasource.xa.XATransactionalResource - dbcoreDatasource: refreshed XAResource
2020-06-19 14:45:50.602 [main] INFO  s.d.s.web.plugins.DocumentationPluginsBootstrapper - Context refreshed
2020-06-19 14:45:50.616 [main] INFO  s.d.s.web.plugins.DocumentationPluginsBootstrapper - Found 1 custom documentation plugin(s)
2020-06-19 14:45:50.644 [main] INFO  s.d.spring.web.scanners.ApiListingReferenceScanner - Scanning for api listing references
2020-06-19 14:45:50.738 [main] INFO  org.apache.coyote.http11.Http11NioProtocol - Starting ProtocolHandler ["http-nio-9000"]
2020-06-19 14:45:50.760 [main] INFO  o.s.boot.web.embedded.tomcat.TomcatWebServer - Tomcat started on port(s): 9000 (http) with context path ''
2020-06-19 14:45:50.762 [main] INFO  com.alibaba.nacos.client.naming - [BEAT] adding beat: {"cluster":"DEFAULT","ip":"172.18.18.7","metadata":{"preserved.register.source":"SPRING_CLOUD"},"period":5000,"port":9000,"scheduled":false,"serviceName":"DEFAULT_GROUP@@app-yj-core","stopped":false,"weight":1.0} to beat map.
2020-06-19 14:45:50.831 [main] INFO  com.alibaba.nacos.client.naming - [REGISTER-SERVICE] public registering service DEFAULT_GROUP@@app-yj-core with instance: {"clusterName":"DEFAULT","enabled":true,"ephemeral":true,"healthy":true,"instanceHeartBeatInterval":5000,"instanceHeartBeatTimeOut":15000,"ip":"172.18.18.7","ipDeleteTimeout":30000,"metadata":{"preserved.register.source":"SPRING_CLOUD"},"port":9000,"weight":1.0}
2020-06-19 14:45:50.841 [main] INFO  c.a.cloud.nacos.registry.NacosServiceRegistry - nacos registry, DEFAULT_GROUP app-yj-core 172.18.18.7:9000 register finished
2020-06-19 14:45:50.889 [main] INFO  com.yj.AppCore - Started AppCore in 8.407 seconds (JVM running for 9.44)
2020-06-19 14:45:50.893 [main] INFO  com.alibaba.nacos.client.config.impl.ClientWorker - [fixed-127.0.0.1_8848] [subscribe] app-yj-core-peer1.yaml+DEFAULT_GROUP
2020-06-19 14:45:50.893 [main] INFO  com.alibaba.nacos.client.config.impl.CacheData - [fixed-127.0.0.1_8848] [add-listener] ok, tenant=, dataId=app-yj-core-peer1.yaml, group=DEFAULT_GROUP, cnt=1
2020-06-19 14:45:50.894 [main] INFO  com.alibaba.nacos.client.config.impl.ClientWorker - [fixed-127.0.0.1_8848] [subscribe] app-yj-core.yaml+DEFAULT_GROUP
2020-06-19 14:45:50.894 [main] INFO  com.alibaba.nacos.client.config.impl.CacheData - [fixed-127.0.0.1_8848] [add-listener] ok, tenant=, dataId=app-yj-core.yaml, group=DEFAULT_GROUP, cnt=1
2020-06-19 14:45:50.894 [main] INFO  com.alibaba.nacos.client.config.impl.ClientWorker - [fixed-127.0.0.1_8848] [subscribe] app-yj-core+DEFAULT_GROUP
2020-06-19 14:45:50.894 [main] INFO  com.alibaba.nacos.client.config.impl.CacheData - [fixed-127.0.0.1_8848] [add-listener] ok, tenant=, dataId=app-yj-core, group=DEFAULT_GROUP, cnt=1
2020-06-19 14:46:14.988 [main] INFO  c.a.n.client.config.impl.LocalConfigInfoProcessor - LOCAL_SNAPSHOT_PATH:C:\Users\917110140\nacos\config
2020-06-19 14:46:15.017 [main] INFO  com.alibaba.nacos.client.config.impl.Limiter - limitTime:5.0
2020-06-19 14:46:15.066 [main] INFO  com.alibaba.nacos.client.config.utils.JVMUtil - isMultiInstance:false
2020-06-19 14:46:15.073 [main] INFO  o.s.c.b.c.PropertySourceBootstrapConfiguration - Located property source: [BootstrapPropertySource {name='bootstrapProperties-app-yj-core-peer1.yaml,DEFAULT_GROUP'}, BootstrapPropertySource {name='bootstrapProperties-app-yj-core.yaml,DEFAULT_GROUP'}, BootstrapPropertySource {name='bootstrapProperties-app-yj-core,DEFAULT_GROUP'}]
2020-06-19 14:46:15.124 [main] INFO  com.yj.AppCore - The following profiles are active: peer1
2020-06-19 14:46:16.367 [main] INFO  o.springframework.cloud.context.scope.GenericScope - BeanFactory id=c37dfbdb-f3e8-3ee3-8102-acbe31ff950a
2020-06-19 14:46:17.126 [main] INFO  o.s.boot.web.embedded.tomcat.TomcatWebServer - Tomcat initialized with port(s): 9000 (http)
2020-06-19 14:46:17.136 [main] INFO  org.apache.coyote.http11.Http11NioProtocol - Initializing ProtocolHandler ["http-nio-9000"]
2020-06-19 14:46:17.137 [main] INFO  org.apache.catalina.core.StandardService - Starting service [Tomcat]
2020-06-19 14:46:17.137 [main] INFO  org.apache.catalina.core.StandardEngine - Starting Servlet engine: [Apache Tomcat/9.0.33]
2020-06-19 14:46:17.369 [main] INFO  o.a.c.core.ContainerBase.[Tomcat].[localhost].[/] - Initializing Spring embedded WebApplicationContext
2020-06-19 14:46:17.369 [main] INFO  org.springframework.web.context.ContextLoader - Root WebApplicationContext: initialization completed in 2229 ms
2020-06-19 14:46:19.748 [main] INFO  s.d.s.w.PropertySourcedRequestMappingHandlerMapping - Mapped URL path [/v2/api-docs] onto method [springfox.documentation.swagger2.web.Swagger2Controller#getDocumentation(String, HttpServletRequest)]
2020-06-19 14:46:19.782 [main] INFO  com.netflix.config.sources.URLConfigurationSource - To enable URLs as dynamic configuration sources, define System property archaius.configurationSource.additionalUrls or make config.properties available on classpath.
2020-06-19 14:46:19.787 [main] INFO  com.netflix.config.sources.URLConfigurationSource - To enable URLs as dynamic configuration sources, define System property archaius.configurationSource.additionalUrls or make config.properties available on classpath.
2020-06-19 14:46:19.940 [main] INFO  o.s.scheduling.concurrent.ThreadPoolTaskExecutor - Initializing ExecutorService 'applicationTaskExecutor'
2020-06-19 14:46:20.168 [main] INFO  o.s.scheduling.concurrent.ThreadPoolTaskScheduler - Initializing ExecutorService 'taskScheduler'
2020-06-19 14:46:20.189 [main] INFO  com.alibaba.nacos.client.naming - initializer namespace from System Property :null
2020-06-19 14:46:20.189 [main] INFO  com.alibaba.nacos.client.naming - initializer namespace from System Environment :null
2020-06-19 14:46:20.189 [main] INFO  com.alibaba.nacos.client.naming - initializer namespace from System Property :null
2020-06-19 14:46:20.411 [main] INFO  com.atomikos.icatch.provider.imp.AssemblerImp - Loaded jar:file:/C:/Users/917110140/.m2/repository/com/atomikos/transactions/4.0.6/transactions-4.0.6.jar!/transactions-defaults.properties
2020-06-19 14:46:20.419 [main] INFO  com.atomikos.icatch.provider.imp.AssemblerImp - USING: com.atomikos.icatch.default_max_wait_time_on_shutdown = 9223372036854775807
2020-06-19 14:46:20.419 [main] INFO  com.atomikos.icatch.provider.imp.AssemblerImp - USING: com.atomikos.icatch.allow_subtransactions = true
2020-06-19 14:46:20.419 [main] INFO  com.atomikos.icatch.provider.imp.AssemblerImp - USING: com.atomikos.icatch.recovery_delay = 10000
2020-06-19 14:46:20.420 [main] INFO  com.atomikos.icatch.provider.imp.AssemblerImp - USING: com.atomikos.icatch.automatic_resource_registration = true
2020-06-19 14:46:20.420 [main] INFO  com.atomikos.icatch.provider.imp.AssemblerImp - USING: com.atomikos.icatch.oltp_max_retries = 5
2020-06-19 14:46:20.420 [main] INFO  com.atomikos.icatch.provider.imp.AssemblerImp - USING: com.atomikos.icatch.client_demarcation = false
2020-06-19 14:46:20.420 [main] INFO  com.atomikos.icatch.provider.imp.AssemblerImp - USING: com.atomikos.icatch.threaded_2pc = false
2020-06-19 14:46:20.420 [main] INFO  com.atomikos.icatch.provider.imp.AssemblerImp - USING: com.atomikos.icatch.serial_jta_transactions = true
2020-06-19 14:46:20.420 [main] INFO  com.atomikos.icatch.provider.imp.AssemblerImp - USING: com.atomikos.icatch.log_base_dir = F:\yj_parents\transaction-logs
2020-06-19 14:46:20.420 [main] INFO  com.atomikos.icatch.provider.imp.AssemblerImp - USING: com.atomikos.icatch.rmi_export_class = none
2020-06-19 14:46:20.420 [main] INFO  com.atomikos.icatch.provider.imp.AssemblerImp - USING: com.atomikos.icatch.max_actives = 50
2020-06-19 14:46:20.420 [main] INFO  com.atomikos.icatch.provider.imp.AssemblerImp - USING: com.atomikos.icatch.checkpoint_interval = 500
2020-06-19 14:46:20.420 [main] INFO  com.atomikos.icatch.provider.imp.AssemblerImp - USING: com.atomikos.icatch.enable_logging = true
2020-06-19 14:46:20.420 [main] INFO  com.atomikos.icatch.provider.imp.AssemblerImp - USING: com.atomikos.icatch.log_base_name = yj_parents_atomiks_core1
2020-06-19 14:46:20.420 [main] INFO  com.atomikos.icatch.provider.imp.AssemblerImp - USING: com.atomikos.icatch.max_timeout = 300000
2020-06-19 14:46:20.420 [main] INFO  com.atomikos.icatch.provider.imp.AssemblerImp - USING: com.atomikos.icatch.trust_client_tm = false
2020-06-19 14:46:20.420 [main] INFO  com.atomikos.icatch.provider.imp.AssemblerImp - USING: java.naming.factory.initial = com.sun.jndi.rmi.registry.RegistryContextFactory
2020-06-19 14:46:20.420 [main] INFO  com.atomikos.icatch.provider.imp.AssemblerImp - USING: com.atomikos.icatch.tm_unique_name = 172.18.18.7.tm
2020-06-19 14:46:20.420 [main] INFO  com.atomikos.icatch.provider.imp.AssemblerImp - USING: com.atomikos.icatch.forget_orphaned_log_entries_delay = 86400000
2020-06-19 14:46:20.420 [main] INFO  com.atomikos.icatch.provider.imp.AssemblerImp - USING: com.atomikos.icatch.oltp_retry_interval = 10000
2020-06-19 14:46:20.420 [main] INFO  com.atomikos.icatch.provider.imp.AssemblerImp - USING: java.naming.provider.url = rmi://localhost:1099
2020-06-19 14:46:20.420 [main] INFO  com.atomikos.icatch.provider.imp.AssemblerImp - USING: com.atomikos.icatch.force_shutdown_on_vm_exit = false
2020-06-19 14:46:20.420 [main] INFO  com.atomikos.icatch.provider.imp.AssemblerImp - USING: com.atomikos.icatch.default_jta_timeout = 10000
2020-06-19 14:46:20.421 [main] INFO  com.atomikos.icatch.provider.imp.AssemblerImp - Using default (local) logging and recovery...
2020-06-19 14:46:21.000 [main] INFO  com.atomikos.datasource.xa.XATransactionalResource - dbcoreDatasource: refreshed XAResource
2020-06-19 14:46:21.469 [main] INFO  s.d.s.web.plugins.DocumentationPluginsBootstrapper - Context refreshed
2020-06-19 14:46:21.483 [main] INFO  s.d.s.web.plugins.DocumentationPluginsBootstrapper - Found 1 custom documentation plugin(s)
2020-06-19 14:46:21.516 [main] INFO  s.d.spring.web.scanners.ApiListingReferenceScanner - Scanning for api listing references
2020-06-19 14:46:21.618 [main] INFO  org.apache.coyote.http11.Http11NioProtocol - Starting ProtocolHandler ["http-nio-9000"]
2020-06-19 14:46:21.670 [main] INFO  o.s.boot.web.embedded.tomcat.TomcatWebServer - Tomcat started on port(s): 9000 (http) with context path ''
2020-06-19 14:46:21.672 [main] INFO  com.alibaba.nacos.client.naming - [BEAT] adding beat: {"cluster":"DEFAULT","ip":"172.18.18.7","metadata":{"preserved.register.source":"SPRING_CLOUD"},"period":5000,"port":9000,"scheduled":false,"serviceName":"DEFAULT_GROUP@@app-yj-core","stopped":false,"weight":1.0} to beat map.
2020-06-19 14:46:21.743 [main] INFO  com.alibaba.nacos.client.naming - [REGISTER-SERVICE] public registering service DEFAULT_GROUP@@app-yj-core with instance: {"clusterName":"DEFAULT","enabled":true,"ephemeral":true,"healthy":true,"instanceHeartBeatInterval":5000,"instanceHeartBeatTimeOut":15000,"ip":"172.18.18.7","ipDeleteTimeout":30000,"metadata":{"preserved.register.source":"SPRING_CLOUD"},"port":9000,"weight":1.0}
2020-06-19 14:46:21.754 [main] INFO  c.a.cloud.nacos.registry.NacosServiceRegistry - nacos registry, DEFAULT_GROUP app-yj-core 172.18.18.7:9000 register finished
2020-06-19 14:46:21.804 [main] INFO  com.yj.AppCore - Started AppCore in 8.684 seconds (JVM running for 9.676)
2020-06-19 14:46:21.808 [main] INFO  com.alibaba.nacos.client.config.impl.ClientWorker - [fixed-127.0.0.1_8848] [subscribe] app-yj-core-peer1.yaml+DEFAULT_GROUP
2020-06-19 14:46:21.809 [main] INFO  com.alibaba.nacos.client.config.impl.CacheData - [fixed-127.0.0.1_8848] [add-listener] ok, tenant=, dataId=app-yj-core-peer1.yaml, group=DEFAULT_GROUP, cnt=1
2020-06-19 14:46:21.809 [main] INFO  com.alibaba.nacos.client.config.impl.ClientWorker - [fixed-127.0.0.1_8848] [subscribe] app-yj-core.yaml+DEFAULT_GROUP
2020-06-19 14:46:21.809 [main] INFO  com.alibaba.nacos.client.config.impl.CacheData - [fixed-127.0.0.1_8848] [add-listener] ok, tenant=, dataId=app-yj-core.yaml, group=DEFAULT_GROUP, cnt=1
2020-06-19 14:46:21.809 [main] INFO  com.alibaba.nacos.client.config.impl.ClientWorker - [fixed-127.0.0.1_8848] [subscribe] app-yj-core+DEFAULT_GROUP
2020-06-19 14:46:21.809 [main] INFO  com.alibaba.nacos.client.config.impl.CacheData - [fixed-127.0.0.1_8848] [add-listener] ok, tenant=, dataId=app-yj-core, group=DEFAULT_GROUP, cnt=1
2020-06-19 17:53:55.199 [main] INFO  c.a.n.client.config.impl.LocalConfigInfoProcessor - LOCAL_SNAPSHOT_PATH:C:\Users\917110140\nacos\config
2020-06-19 17:53:55.256 [main] INFO  com.alibaba.nacos.client.config.impl.Limiter - limitTime:5.0
2020-06-19 17:53:55.442 [main] INFO  o.s.c.b.c.PropertySourceBootstrapConfiguration - Located property source: [BootstrapPropertySource {name='bootstrapProperties-app-yj-member-peer1.properties,DEFAULT_GROUP'}, BootstrapPropertySource {name='bootstrapProperties-app-yj-member.properties,DEFAULT_GROUP'}, BootstrapPropertySource {name='bootstrapProperties-app-yj-member,DEFAULT_GROUP'}]
2020-06-19 17:53:55.470 [main] INFO  com.yj.AppMember - The following profiles are active: peer1
2020-06-19 17:53:56.477 [main] INFO  o.springframework.cloud.context.scope.GenericScope - BeanFactory id=10e29687-4157-360a-af3c-3512c39de0aa
2020-06-19 17:53:57.068 [main] INFO  o.s.boot.web.embedded.tomcat.TomcatWebServer - Tomcat initialized with port(s): 9500 (http)
2020-06-19 17:53:57.078 [main] INFO  org.apache.coyote.http11.Http11NioProtocol - Initializing ProtocolHandler ["http-nio-9500"]
2020-06-19 17:53:57.078 [main] INFO  org.apache.catalina.core.StandardService - Starting service [Tomcat]
2020-06-19 17:53:57.079 [main] INFO  org.apache.catalina.core.StandardEngine - Starting Servlet engine: [Apache Tomcat/9.0.33]
2020-06-19 17:53:57.317 [main] INFO  o.a.c.core.ContainerBase.[Tomcat].[localhost].[/] - Initializing Spring embedded WebApplicationContext
2020-06-19 17:53:57.317 [main] INFO  org.springframework.web.context.ContextLoader - Root WebApplicationContext: initialization completed in 1828 ms
2020-06-19 17:53:58.664 [main] INFO  s.d.s.w.PropertySourcedRequestMappingHandlerMapping - Mapped URL path [/v2/api-docs] onto method [springfox.documentation.swagger2.web.Swagger2Controller#getDocumentation(String, HttpServletRequest)]
2020-06-19 17:53:58.702 [main] INFO  com.netflix.config.sources.URLConfigurationSource - To enable URLs as dynamic configuration sources, define System property archaius.configurationSource.additionalUrls or make config.properties available on classpath.
2020-06-19 17:53:58.707 [main] INFO  com.netflix.config.sources.URLConfigurationSource - To enable URLs as dynamic configuration sources, define System property archaius.configurationSource.additionalUrls or make config.properties available on classpath.
2020-06-19 17:53:58.855 [main] INFO  o.s.scheduling.concurrent.ThreadPoolTaskExecutor - Initializing ExecutorService 'applicationTaskExecutor'
2020-06-19 17:53:59.099 [main] INFO  o.s.scheduling.concurrent.ThreadPoolTaskScheduler - Initializing ExecutorService 'taskScheduler'
2020-06-19 17:53:59.119 [main] INFO  com.alibaba.nacos.client.naming - initializer namespace from System Property :null
2020-06-19 17:53:59.120 [main] INFO  com.alibaba.nacos.client.naming - initializer namespace from System Environment :null
2020-06-19 17:53:59.120 [main] INFO  com.alibaba.nacos.client.naming - initializer namespace from System Property :null
2020-06-19 17:53:59.359 [main] INFO  com.atomikos.icatch.provider.imp.AssemblerImp - Loaded jar:file:/C:/Users/917110140/.m2/repository/com/atomikos/transactions/4.0.6/transactions-4.0.6.jar!/transactions-defaults.properties
2020-06-19 17:53:59.368 [main] INFO  com.atomikos.icatch.provider.imp.AssemblerImp - USING: com.atomikos.icatch.default_max_wait_time_on_shutdown = 9223372036854775807
2020-06-19 17:53:59.368 [main] INFO  com.atomikos.icatch.provider.imp.AssemblerImp - USING: com.atomikos.icatch.allow_subtransactions = true
2020-06-19 17:53:59.368 [main] INFO  com.atomikos.icatch.provider.imp.AssemblerImp - USING: com.atomikos.icatch.recovery_delay = 10000
2020-06-19 17:53:59.368 [main] INFO  com.atomikos.icatch.provider.imp.AssemblerImp - USING: com.atomikos.icatch.automatic_resource_registration = true
2020-06-19 17:53:59.368 [main] INFO  com.atomikos.icatch.provider.imp.AssemblerImp - USING: com.atomikos.icatch.oltp_max_retries = 5
2020-06-19 17:53:59.368 [main] INFO  com.atomikos.icatch.provider.imp.AssemblerImp - USING: com.atomikos.icatch.client_demarcation = false
2020-06-19 17:53:59.368 [main] INFO  com.atomikos.icatch.provider.imp.AssemblerImp - USING: com.atomikos.icatch.threaded_2pc = false
2020-06-19 17:53:59.368 [main] INFO  com.atomikos.icatch.provider.imp.AssemblerImp - USING: com.atomikos.icatch.serial_jta_transactions = true
2020-06-19 17:53:59.368 [main] INFO  com.atomikos.icatch.provider.imp.AssemblerImp - USING: com.atomikos.icatch.log_base_dir = F:\yj_parents\transaction-logs
2020-06-19 17:53:59.368 [main] INFO  com.atomikos.icatch.provider.imp.AssemblerImp - USING: com.atomikos.icatch.rmi_export_class = none
2020-06-19 17:53:59.368 [main] INFO  com.atomikos.icatch.provider.imp.AssemblerImp - USING: com.atomikos.icatch.max_actives = 50
2020-06-19 17:53:59.368 [main] INFO  com.atomikos.icatch.provider.imp.AssemblerImp - USING: com.atomikos.icatch.checkpoint_interval = 500
2020-06-19 17:53:59.368 [main] INFO  com.atomikos.icatch.provider.imp.AssemblerImp - USING: com.atomikos.icatch.enable_logging = true
2020-06-19 17:53:59.368 [main] INFO  com.atomikos.icatch.provider.imp.AssemblerImp - USING: com.atomikos.icatch.log_base_name = yj_parents_atomiks_cj01
2020-06-19 17:53:59.368 [main] INFO  com.atomikos.icatch.provider.imp.AssemblerImp - USING: com.atomikos.icatch.max_timeout = 300000
2020-06-19 17:53:59.368 [main] INFO  com.atomikos.icatch.provider.imp.AssemblerImp - USING: com.atomikos.icatch.trust_client_tm = false
2020-06-19 17:53:59.368 [main] INFO  com.atomikos.icatch.provider.imp.AssemblerImp - USING: java.naming.factory.initial = com.sun.jndi.rmi.registry.RegistryContextFactory
2020-06-19 17:53:59.368 [main] INFO  com.atomikos.icatch.provider.imp.AssemblerImp - USING: com.atomikos.icatch.tm_unique_name = 172.18.18.7.tm
2020-06-19 17:53:59.368 [main] INFO  com.atomikos.icatch.provider.imp.AssemblerImp - USING: com.atomikos.icatch.forget_orphaned_log_entries_delay = 86400000
2020-06-19 17:53:59.368 [main] INFO  com.atomikos.icatch.provider.imp.AssemblerImp - USING: com.atomikos.icatch.oltp_retry_interval = 10000
2020-06-19 17:53:59.368 [main] INFO  com.atomikos.icatch.provider.imp.AssemblerImp - USING: java.naming.provider.url = rmi://localhost:1099
2020-06-19 17:53:59.368 [main] INFO  com.atomikos.icatch.provider.imp.AssemblerImp - USING: com.atomikos.icatch.force_shutdown_on_vm_exit = false
2020-06-19 17:53:59.368 [main] INFO  com.atomikos.icatch.provider.imp.AssemblerImp - USING: com.atomikos.icatch.default_jta_timeout = 10000
2020-06-19 17:53:59.369 [main] INFO  com.atomikos.icatch.provider.imp.AssemblerImp - Using default (local) logging and recovery...
2020-06-19 17:53:59.439 [main] INFO  com.atomikos.datasource.xa.XATransactionalResource - dbCjDatasource: refreshed XAResource
2020-06-19 17:53:59.936 [main] INFO  s.d.s.web.plugins.DocumentationPluginsBootstrapper - Context refreshed
2020-06-19 17:53:59.950 [main] INFO  s.d.s.web.plugins.DocumentationPluginsBootstrapper - Found 1 custom documentation plugin(s)
2020-06-19 17:53:59.978 [main] INFO  s.d.spring.web.scanners.ApiListingReferenceScanner - Scanning for api listing references
2020-06-19 17:54:00.061 [main] INFO  org.apache.coyote.http11.Http11NioProtocol - Starting ProtocolHandler ["http-nio-9500"]
2020-06-19 17:54:00.081 [main] INFO  o.s.boot.web.embedded.tomcat.TomcatWebServer - Tomcat started on port(s): 9500 (http) with context path ''
2020-06-19 17:54:00.084 [main] INFO  com.alibaba.nacos.client.naming - [BEAT] adding beat: {"cluster":"DEFAULT","ip":"172.18.18.7","metadata":{"preserved.register.source":"SPRING_CLOUD"},"period":5000,"port":9500,"scheduled":false,"serviceName":"DEFAULT_GROUP@@app-yj-member","stopped":false,"weight":1.0} to beat map.
2020-06-19 17:54:00.151 [main] INFO  com.alibaba.nacos.client.naming - [REGISTER-SERVICE] public registering service DEFAULT_GROUP@@app-yj-member with instance: {"clusterName":"DEFAULT","enabled":true,"ephemeral":true,"healthy":true,"instanceHeartBeatInterval":5000,"instanceHeartBeatTimeOut":15000,"ip":"172.18.18.7","ipDeleteTimeout":30000,"metadata":{"preserved.register.source":"SPRING_CLOUD"},"port":9500,"weight":1.0}
2020-06-19 17:54:00.220 [main] INFO  c.a.cloud.nacos.registry.NacosServiceRegistry - nacos registry, DEFAULT_GROUP app-yj-member 172.18.18.7:9500 register finished
2020-06-19 17:54:00.273 [main] INFO  com.yj.AppMember - Started AppMember in 6.631 seconds (JVM running for 7.491)
2020-06-19 17:54:00.277 [main] INFO  com.alibaba.nacos.client.config.impl.ClientWorker - [fixed-localhost_8848] [subscribe] app-yj-member-peer1.properties+DEFAULT_GROUP
2020-06-19 17:54:00.278 [main] INFO  com.alibaba.nacos.client.config.impl.CacheData - [fixed-localhost_8848] [add-listener] ok, tenant=, dataId=app-yj-member-peer1.properties, group=DEFAULT_GROUP, cnt=1
2020-06-19 17:54:00.278 [main] INFO  com.alibaba.nacos.client.config.impl.ClientWorker - [fixed-localhost_8848] [subscribe] app-yj-member.properties+DEFAULT_GROUP
2020-06-19 17:54:00.278 [main] INFO  com.alibaba.nacos.client.config.impl.CacheData - [fixed-localhost_8848] [add-listener] ok, tenant=, dataId=app-yj-member.properties, group=DEFAULT_GROUP, cnt=1
2020-06-19 17:54:00.278 [main] INFO  com.alibaba.nacos.client.config.impl.ClientWorker - [fixed-localhost_8848] [subscribe] app-yj-member+DEFAULT_GROUP
2020-06-19 17:54:00.278 [main] INFO  com.alibaba.nacos.client.config.impl.CacheData - [fixed-localhost_8848] [add-listener] ok, tenant=, dataId=app-yj-member, group=DEFAULT_GROUP, cnt=1
2020-06-19 17:54:19.037 [main] INFO  c.a.n.client.config.impl.LocalConfigInfoProcessor - LOCAL_SNAPSHOT_PATH:C:\Users\917110140\nacos\config
2020-06-19 17:54:19.059 [main] INFO  com.alibaba.nacos.client.config.impl.Limiter - limitTime:5.0
2020-06-19 17:54:19.131 [main] INFO  o.s.c.b.c.PropertySourceBootstrapConfiguration - Located property source: [BootstrapPropertySource {name='bootstrapProperties-app-yj-member-peer2.properties,DEFAULT_GROUP'}, BootstrapPropertySource {name='bootstrapProperties-app-yj-member.properties,DEFAULT_GROUP'}, BootstrapPropertySource {name='bootstrapProperties-app-yj-member,DEFAULT_GROUP'}]
2020-06-19 17:54:19.157 [main] INFO  com.yj.AppMember - The following profiles are active: peer2
2020-06-19 17:54:20.104 [main] INFO  o.springframework.cloud.context.scope.GenericScope - BeanFactory id=10e29687-4157-360a-af3c-3512c39de0aa
2020-06-19 17:54:20.712 [main] INFO  o.s.boot.web.embedded.tomcat.TomcatWebServer - Tomcat initialized with port(s): 9501 (http)
2020-06-19 17:54:20.722 [main] INFO  org.apache.coyote.http11.Http11NioProtocol - Initializing ProtocolHandler ["http-nio-9501"]
2020-06-19 17:54:20.723 [main] INFO  org.apache.catalina.core.StandardService - Starting service [Tomcat]
2020-06-19 17:54:20.723 [main] INFO  org.apache.catalina.core.StandardEngine - Starting Servlet engine: [Apache Tomcat/9.0.33]
2020-06-19 17:54:20.959 [main] INFO  o.a.c.core.ContainerBase.[Tomcat].[localhost].[/] - Initializing Spring embedded WebApplicationContext
2020-06-19 17:54:20.960 [main] INFO  org.springframework.web.context.ContextLoader - Root WebApplicationContext: initialization completed in 1787 ms
2020-06-19 17:54:22.368 [main] INFO  s.d.s.w.PropertySourcedRequestMappingHandlerMapping - Mapped URL path [/v2/api-docs] onto method [springfox.documentation.swagger2.web.Swagger2Controller#getDocumentation(String, HttpServletRequest)]
2020-06-19 17:54:22.401 [main] INFO  com.netflix.config.sources.URLConfigurationSource - To enable URLs as dynamic configuration sources, define System property archaius.configurationSource.additionalUrls or make config.properties available on classpath.
2020-06-19 17:54:22.405 [main] INFO  com.netflix.config.sources.URLConfigurationSource - To enable URLs as dynamic configuration sources, define System property archaius.configurationSource.additionalUrls or make config.properties available on classpath.
2020-06-19 17:54:22.542 [main] INFO  o.s.scheduling.concurrent.ThreadPoolTaskExecutor - Initializing ExecutorService 'applicationTaskExecutor'
2020-06-19 17:54:22.784 [main] INFO  o.s.scheduling.concurrent.ThreadPoolTaskScheduler - Initializing ExecutorService 'taskScheduler'
2020-06-19 17:54:22.804 [main] INFO  com.alibaba.nacos.client.naming - initializer namespace from System Property :null
2020-06-19 17:54:22.804 [main] INFO  com.alibaba.nacos.client.naming - initializer namespace from System Environment :null
2020-06-19 17:54:22.805 [main] INFO  com.alibaba.nacos.client.naming - initializer namespace from System Property :null
2020-06-19 17:54:23.081 [main] INFO  com.atomikos.icatch.provider.imp.AssemblerImp - Loaded jar:file:/C:/Users/917110140/.m2/repository/com/atomikos/transactions/4.0.6/transactions-4.0.6.jar!/transactions-defaults.properties
2020-06-19 17:54:23.091 [main] INFO  com.atomikos.icatch.provider.imp.AssemblerImp - USING: com.atomikos.icatch.default_max_wait_time_on_shutdown = 9223372036854775807
2020-06-19 17:54:23.091 [main] INFO  com.atomikos.icatch.provider.imp.AssemblerImp - USING: com.atomikos.icatch.allow_subtransactions = true
2020-06-19 17:54:23.091 [main] INFO  com.atomikos.icatch.provider.imp.AssemblerImp - USING: com.atomikos.icatch.recovery_delay = 10000
2020-06-19 17:54:23.091 [main] INFO  com.atomikos.icatch.provider.imp.AssemblerImp - USING: com.atomikos.icatch.automatic_resource_registration = true
2020-06-19 17:54:23.091 [main] INFO  com.atomikos.icatch.provider.imp.AssemblerImp - USING: com.atomikos.icatch.oltp_max_retries = 5
2020-06-19 17:54:23.091 [main] INFO  com.atomikos.icatch.provider.imp.AssemblerImp - USING: com.atomikos.icatch.client_demarcation = false
2020-06-19 17:54:23.091 [main] INFO  com.atomikos.icatch.provider.imp.AssemblerImp - USING: com.atomikos.icatch.threaded_2pc = false
2020-06-19 17:54:23.091 [main] INFO  com.atomikos.icatch.provider.imp.AssemblerImp - USING: com.atomikos.icatch.serial_jta_transactions = true
2020-06-19 17:54:23.091 [main] INFO  com.atomikos.icatch.provider.imp.AssemblerImp - USING: com.atomikos.icatch.log_base_dir = F:\yj_parents\transaction-logs
2020-06-19 17:54:23.091 [main] INFO  com.atomikos.icatch.provider.imp.AssemblerImp - USING: com.atomikos.icatch.rmi_export_class = none
2020-06-19 17:54:23.091 [main] INFO  com.atomikos.icatch.provider.imp.AssemblerImp - USING: com.atomikos.icatch.max_actives = 50
2020-06-19 17:54:23.091 [main] INFO  com.atomikos.icatch.provider.imp.AssemblerImp - USING: com.atomikos.icatch.checkpoint_interval = 500
2020-06-19 17:54:23.091 [main] INFO  com.atomikos.icatch.provider.imp.AssemblerImp - USING: com.atomikos.icatch.enable_logging = true
2020-06-19 17:54:23.091 [main] INFO  com.atomikos.icatch.provider.imp.AssemblerImp - USING: com.atomikos.icatch.log_base_name = yj_parents_atomiks_cj01
2020-06-19 17:54:23.091 [main] INFO  com.atomikos.icatch.provider.imp.AssemblerImp - USING: com.atomikos.icatch.max_timeout = 300000
2020-06-19 17:54:23.091 [main] INFO  com.atomikos.icatch.provider.imp.AssemblerImp - USING: com.atomikos.icatch.trust_client_tm = false
2020-06-19 17:54:23.091 [main] INFO  com.atomikos.icatch.provider.imp.AssemblerImp - USING: java.naming.factory.initial = com.sun.jndi.rmi.registry.RegistryContextFactory
2020-06-19 17:54:23.091 [main] INFO  com.atomikos.icatch.provider.imp.AssemblerImp - USING: com.atomikos.icatch.tm_unique_name = 172.18.18.7.tm
2020-06-19 17:54:23.091 [main] INFO  com.atomikos.icatch.provider.imp.AssemblerImp - USING: com.atomikos.icatch.forget_orphaned_log_entries_delay = 86400000
2020-06-19 17:54:23.091 [main] INFO  com.atomikos.icatch.provider.imp.AssemblerImp - USING: com.atomikos.icatch.oltp_retry_interval = 10000
2020-06-19 17:54:23.091 [main] INFO  com.atomikos.icatch.provider.imp.AssemblerImp - USING: java.naming.provider.url = rmi://localhost:1099
2020-06-19 17:54:23.091 [main] INFO  com.atomikos.icatch.provider.imp.AssemblerImp - USING: com.atomikos.icatch.force_shutdown_on_vm_exit = false
2020-06-19 17:54:23.092 [main] INFO  com.atomikos.icatch.provider.imp.AssemblerImp - USING: com.atomikos.icatch.default_jta_timeout = 10000
2020-06-19 17:54:23.092 [main] INFO  com.atomikos.icatch.provider.imp.AssemblerImp - Using default (local) logging and recovery...
2020-06-19 17:54:23.518 [main] INFO  o.s.scheduling.concurrent.ThreadPoolTaskScheduler - Shutting down ExecutorService 'taskScheduler'
2020-06-19 17:54:23.518 [main] INFO  o.s.scheduling.concurrent.ThreadPoolTaskExecutor - Shutting down ExecutorService 'applicationTaskExecutor'
2020-06-19 17:54:23.521 [main] INFO  com.atomikos.datasource.pool.ConnectionPool - atomikos connection pool 'dbCjDatasource': destroying pool...
2020-06-19 17:54:24.146 [main] INFO  org.apache.catalina.core.StandardService - Stopping service [Tomcat]
2020-06-19 17:54:24.157 [main] INFO  o.s.b.a.l.ConditionEvaluationReportLoggingListener - 

Error starting ApplicationContext. To display the conditions report re-run your application with 'debug' enabled.
2020-06-19 17:54:50.573 [main] INFO  c.a.n.client.config.impl.LocalConfigInfoProcessor - LOCAL_SNAPSHOT_PATH:C:\Users\917110140\nacos\config
2020-06-19 17:54:50.596 [main] INFO  com.alibaba.nacos.client.config.impl.Limiter - limitTime:5.0
2020-06-19 17:54:50.650 [main] INFO  o.s.c.b.c.PropertySourceBootstrapConfiguration - Located property source: [BootstrapPropertySource {name='bootstrapProperties-app-yj-member-peer2.properties,DEFAULT_GROUP'}, BootstrapPropertySource {name='bootstrapProperties-app-yj-member.properties,DEFAULT_GROUP'}, BootstrapPropertySource {name='bootstrapProperties-app-yj-member,DEFAULT_GROUP'}]
2020-06-19 17:54:50.674 [main] INFO  com.yj.AppMember - The following profiles are active: peer2
2020-06-19 17:54:51.581 [main] INFO  o.springframework.cloud.context.scope.GenericScope - BeanFactory id=10e29687-4157-360a-af3c-3512c39de0aa
2020-06-19 17:54:52.165 [main] INFO  o.s.boot.web.embedded.tomcat.TomcatWebServer - Tomcat initialized with port(s): 9501 (http)
2020-06-19 17:54:52.174 [main] INFO  org.apache.coyote.http11.Http11NioProtocol - Initializing ProtocolHandler ["http-nio-9501"]
2020-06-19 17:54:52.174 [main] INFO  org.apache.catalina.core.StandardService - Starting service [Tomcat]
2020-06-19 17:54:52.175 [main] INFO  org.apache.catalina.core.StandardEngine - Starting Servlet engine: [Apache Tomcat/9.0.33]
2020-06-19 17:54:52.398 [main] INFO  o.a.c.core.ContainerBase.[Tomcat].[localhost].[/] - Initializing Spring embedded WebApplicationContext
2020-06-19 17:54:52.398 [main] INFO  org.springframework.web.context.ContextLoader - Root WebApplicationContext: initialization completed in 1709 ms
2020-06-19 17:54:53.551 [main] INFO  s.d.s.w.PropertySourcedRequestMappingHandlerMapping - Mapped URL path [/v2/api-docs] onto method [springfox.documentation.swagger2.web.Swagger2Controller#getDocumentation(String, HttpServletRequest)]
2020-06-19 17:54:53.592 [main] INFO  com.netflix.config.sources.URLConfigurationSource - To enable URLs as dynamic configuration sources, define System property archaius.configurationSource.additionalUrls or make config.properties available on classpath.
2020-06-19 17:54:53.597 [main] INFO  com.netflix.config.sources.URLConfigurationSource - To enable URLs as dynamic configuration sources, define System property archaius.configurationSource.additionalUrls or make config.properties available on classpath.
2020-06-19 17:54:53.740 [main] INFO  o.s.scheduling.concurrent.ThreadPoolTaskExecutor - Initializing ExecutorService 'applicationTaskExecutor'
2020-06-19 17:54:53.980 [main] INFO  o.s.scheduling.concurrent.ThreadPoolTaskScheduler - Initializing ExecutorService 'taskScheduler'
2020-06-19 17:54:53.998 [main] INFO  com.alibaba.nacos.client.naming - initializer namespace from System Property :null
2020-06-19 17:54:53.998 [main] INFO  com.alibaba.nacos.client.naming - initializer namespace from System Environment :null
2020-06-19 17:54:53.999 [main] INFO  com.alibaba.nacos.client.naming - initializer namespace from System Property :null
2020-06-19 17:54:54.223 [main] INFO  com.atomikos.icatch.provider.imp.AssemblerImp - Loaded jar:file:/C:/Users/917110140/.m2/repository/com/atomikos/transactions/4.0.6/transactions-4.0.6.jar!/transactions-defaults.properties
2020-06-19 17:54:54.231 [main] INFO  com.atomikos.icatch.provider.imp.AssemblerImp - USING: com.atomikos.icatch.default_max_wait_time_on_shutdown = 9223372036854775807
2020-06-19 17:54:54.232 [main] INFO  com.atomikos.icatch.provider.imp.AssemblerImp - USING: com.atomikos.icatch.allow_subtransactions = true
2020-06-19 17:54:54.232 [main] INFO  com.atomikos.icatch.provider.imp.AssemblerImp - USING: com.atomikos.icatch.recovery_delay = 10000
2020-06-19 17:54:54.232 [main] INFO  com.atomikos.icatch.provider.imp.AssemblerImp - USING: com.atomikos.icatch.automatic_resource_registration = true
2020-06-19 17:54:54.232 [main] INFO  com.atomikos.icatch.provider.imp.AssemblerImp - USING: com.atomikos.icatch.oltp_max_retries = 5
2020-06-19 17:54:54.232 [main] INFO  com.atomikos.icatch.provider.imp.AssemblerImp - USING: com.atomikos.icatch.client_demarcation = false
2020-06-19 17:54:54.232 [main] INFO  com.atomikos.icatch.provider.imp.AssemblerImp - USING: com.atomikos.icatch.threaded_2pc = false
2020-06-19 17:54:54.232 [main] INFO  com.atomikos.icatch.provider.imp.AssemblerImp - USING: com.atomikos.icatch.serial_jta_transactions = true
2020-06-19 17:54:54.232 [main] INFO  com.atomikos.icatch.provider.imp.AssemblerImp - USING: com.atomikos.icatch.log_base_dir = F:\yj_parents\transaction-logs
2020-06-19 17:54:54.232 [main] INFO  com.atomikos.icatch.provider.imp.AssemblerImp - USING: com.atomikos.icatch.rmi_export_class = none
2020-06-19 17:54:54.232 [main] INFO  com.atomikos.icatch.provider.imp.AssemblerImp - USING: com.atomikos.icatch.max_actives = 50
2020-06-19 17:54:54.232 [main] INFO  com.atomikos.icatch.provider.imp.AssemblerImp - USING: com.atomikos.icatch.checkpoint_interval = 500
2020-06-19 17:54:54.232 [main] INFO  com.atomikos.icatch.provider.imp.AssemblerImp - USING: com.atomikos.icatch.enable_logging = true
2020-06-19 17:54:54.232 [main] INFO  com.atomikos.icatch.provider.imp.AssemblerImp - USING: com.atomikos.icatch.log_base_name = yj_parents_atomiks_cj01
2020-06-19 17:54:54.232 [main] INFO  com.atomikos.icatch.provider.imp.AssemblerImp - USING: com.atomikos.icatch.max_timeout = 300000
2020-06-19 17:54:54.232 [main] INFO  com.atomikos.icatch.provider.imp.AssemblerImp - USING: com.atomikos.icatch.trust_client_tm = false
2020-06-19 17:54:54.232 [main] INFO  com.atomikos.icatch.provider.imp.AssemblerImp - USING: java.naming.factory.initial = com.sun.jndi.rmi.registry.RegistryContextFactory
2020-06-19 17:54:54.232 [main] INFO  com.atomikos.icatch.provider.imp.AssemblerImp - USING: com.atomikos.icatch.tm_unique_name = 172.18.18.7.tm
2020-06-19 17:54:54.232 [main] INFO  com.atomikos.icatch.provider.imp.AssemblerImp - USING: com.atomikos.icatch.forget_orphaned_log_entries_delay = 86400000
2020-06-19 17:54:54.232 [main] INFO  com.atomikos.icatch.provider.imp.AssemblerImp - USING: com.atomikos.icatch.oltp_retry_interval = 10000
2020-06-19 17:54:54.232 [main] INFO  com.atomikos.icatch.provider.imp.AssemblerImp - USING: java.naming.provider.url = rmi://localhost:1099
2020-06-19 17:54:54.232 [main] INFO  com.atomikos.icatch.provider.imp.AssemblerImp - USING: com.atomikos.icatch.force_shutdown_on_vm_exit = false
2020-06-19 17:54:54.232 [main] INFO  com.atomikos.icatch.provider.imp.AssemblerImp - USING: com.atomikos.icatch.default_jta_timeout = 10000
2020-06-19 17:54:54.233 [main] INFO  com.atomikos.icatch.provider.imp.AssemblerImp - Using default (local) logging and recovery...
2020-06-19 17:54:54.238 [main] INFO  o.s.scheduling.concurrent.ThreadPoolTaskScheduler - Shutting down ExecutorService 'taskScheduler'
2020-06-19 17:54:54.239 [main] INFO  o.s.scheduling.concurrent.ThreadPoolTaskExecutor - Shutting down ExecutorService 'applicationTaskExecutor'
2020-06-19 17:54:54.241 [main] INFO  com.atomikos.datasource.pool.ConnectionPool - atomikos connection pool 'dbCjDatasource': destroying pool...
2020-06-19 17:54:54.589 [main] INFO  org.apache.catalina.core.StandardService - Stopping service [Tomcat]
2020-06-19 17:54:54.600 [main] INFO  o.s.b.a.l.ConditionEvaluationReportLoggingListener - 

Error starting ApplicationContext. To display the conditions report re-run your application with 'debug' enabled.
2020-06-19 17:55:42.859 [main] INFO  c.a.n.client.config.impl.LocalConfigInfoProcessor - LOCAL_SNAPSHOT_PATH:C:\Users\917110140\nacos\config
2020-06-19 17:55:42.882 [main] INFO  com.alibaba.nacos.client.config.impl.Limiter - limitTime:5.0
2020-06-19 17:55:42.930 [main] INFO  o.s.c.b.c.PropertySourceBootstrapConfiguration - Located property source: [BootstrapPropertySource {name='bootstrapProperties-app-yj-member-peer2.properties,DEFAULT_GROUP'}, BootstrapPropertySource {name='bootstrapProperties-app-yj-member.properties,DEFAULT_GROUP'}, BootstrapPropertySource {name='bootstrapProperties-app-yj-member,DEFAULT_GROUP'}]
2020-06-19 17:55:42.993 [main] INFO  com.yj.AppMember - The following profiles are active: peer2
2020-06-19 17:55:43.980 [main] INFO  o.springframework.cloud.context.scope.GenericScope - BeanFactory id=10e29687-4157-360a-af3c-3512c39de0aa
2020-06-19 17:55:44.570 [main] INFO  o.s.boot.web.embedded.tomcat.TomcatWebServer - Tomcat initialized with port(s): 9501 (http)
2020-06-19 17:55:44.579 [main] INFO  org.apache.coyote.http11.Http11NioProtocol - Initializing ProtocolHandler ["http-nio-9501"]
2020-06-19 17:55:44.579 [main] INFO  org.apache.catalina.core.StandardService - Starting service [Tomcat]
2020-06-19 17:55:44.579 [main] INFO  org.apache.catalina.core.StandardEngine - Starting Servlet engine: [Apache Tomcat/9.0.33]
2020-06-19 17:55:44.835 [main] INFO  o.a.c.core.ContainerBase.[Tomcat].[localhost].[/] - Initializing Spring embedded WebApplicationContext
2020-06-19 17:55:44.835 [main] INFO  org.springframework.web.context.ContextLoader - Root WebApplicationContext: initialization completed in 1826 ms
2020-06-19 17:55:45.931 [main] INFO  s.d.s.w.PropertySourcedRequestMappingHandlerMapping - Mapped URL path [/v2/api-docs] onto method [springfox.documentation.swagger2.web.Swagger2Controller#getDocumentation(String, HttpServletRequest)]
2020-06-19 17:55:45.967 [main] INFO  com.netflix.config.sources.URLConfigurationSource - To enable URLs as dynamic configuration sources, define System property archaius.configurationSource.additionalUrls or make config.properties available on classpath.
2020-06-19 17:55:45.971 [main] INFO  com.netflix.config.sources.URLConfigurationSource - To enable URLs as dynamic configuration sources, define System property archaius.configurationSource.additionalUrls or make config.properties available on classpath.
2020-06-19 17:55:46.120 [main] INFO  o.s.scheduling.concurrent.ThreadPoolTaskExecutor - Initializing ExecutorService 'applicationTaskExecutor'
2020-06-19 17:55:46.374 [main] INFO  o.s.scheduling.concurrent.ThreadPoolTaskScheduler - Initializing ExecutorService 'taskScheduler'
2020-06-19 17:55:46.400 [main] INFO  com.alibaba.nacos.client.naming - initializer namespace from System Property :null
2020-06-19 17:55:46.401 [main] INFO  com.alibaba.nacos.client.naming - initializer namespace from System Environment :null
2020-06-19 17:55:46.402 [main] INFO  com.alibaba.nacos.client.naming - initializer namespace from System Property :null
2020-06-19 17:55:46.658 [main] INFO  com.atomikos.icatch.provider.imp.AssemblerImp - Loaded jar:file:/C:/Users/917110140/.m2/repository/com/atomikos/transactions/4.0.6/transactions-4.0.6.jar!/transactions-defaults.properties
2020-06-19 17:55:46.667 [main] INFO  com.atomikos.icatch.provider.imp.AssemblerImp - USING: com.atomikos.icatch.default_max_wait_time_on_shutdown = 9223372036854775807
2020-06-19 17:55:46.668 [main] INFO  com.atomikos.icatch.provider.imp.AssemblerImp - USING: com.atomikos.icatch.allow_subtransactions = true
2020-06-19 17:55:46.668 [main] INFO  com.atomikos.icatch.provider.imp.AssemblerImp - USING: com.atomikos.icatch.recovery_delay = 10000
2020-06-19 17:55:46.668 [main] INFO  com.atomikos.icatch.provider.imp.AssemblerImp - USING: com.atomikos.icatch.automatic_resource_registration = true
2020-06-19 17:55:46.668 [main] INFO  com.atomikos.icatch.provider.imp.AssemblerImp - USING: com.atomikos.icatch.oltp_max_retries = 5
2020-06-19 17:55:46.668 [main] INFO  com.atomikos.icatch.provider.imp.AssemblerImp - USING: com.atomikos.icatch.client_demarcation = false
2020-06-19 17:55:46.668 [main] INFO  com.atomikos.icatch.provider.imp.AssemblerImp - USING: com.atomikos.icatch.threaded_2pc = false
2020-06-19 17:55:46.668 [main] INFO  com.atomikos.icatch.provider.imp.AssemblerImp - USING: com.atomikos.icatch.serial_jta_transactions = true
2020-06-19 17:55:46.668 [main] INFO  com.atomikos.icatch.provider.imp.AssemblerImp - USING: com.atomikos.icatch.log_base_dir = F:\yj_parents\transaction-logs
2020-06-19 17:55:46.668 [main] INFO  com.atomikos.icatch.provider.imp.AssemblerImp - USING: com.atomikos.icatch.rmi_export_class = none
2020-06-19 17:55:46.668 [main] INFO  com.atomikos.icatch.provider.imp.AssemblerImp - USING: com.atomikos.icatch.max_actives = 50
2020-06-19 17:55:46.668 [main] INFO  com.atomikos.icatch.provider.imp.AssemblerImp - USING: com.atomikos.icatch.checkpoint_interval = 500
2020-06-19 17:55:46.668 [main] INFO  com.atomikos.icatch.provider.imp.AssemblerImp - USING: com.atomikos.icatch.enable_logging = true
2020-06-19 17:55:46.668 [main] INFO  com.atomikos.icatch.provider.imp.AssemblerImp - USING: com.atomikos.icatch.log_base_name = yj_parents_atomiks_cj02
2020-06-19 17:55:46.668 [main] INFO  com.atomikos.icatch.provider.imp.AssemblerImp - USING: com.atomikos.icatch.max_timeout = 300000
2020-06-19 17:55:46.668 [main] INFO  com.atomikos.icatch.provider.imp.AssemblerImp - USING: com.atomikos.icatch.trust_client_tm = false
2020-06-19 17:55:46.668 [main] INFO  com.atomikos.icatch.provider.imp.AssemblerImp - USING: java.naming.factory.initial = com.sun.jndi.rmi.registry.RegistryContextFactory
2020-06-19 17:55:46.668 [main] INFO  com.atomikos.icatch.provider.imp.AssemblerImp - USING: com.atomikos.icatch.tm_unique_name = 172.18.18.7.tm
2020-06-19 17:55:46.668 [main] INFO  com.atomikos.icatch.provider.imp.AssemblerImp - USING: com.atomikos.icatch.forget_orphaned_log_entries_delay = 86400000
2020-06-19 17:55:46.668 [main] INFO  com.atomikos.icatch.provider.imp.AssemblerImp - USING: com.atomikos.icatch.oltp_retry_interval = 10000
2020-06-19 17:55:46.668 [main] INFO  com.atomikos.icatch.provider.imp.AssemblerImp - USING: java.naming.provider.url = rmi://localhost:1099
2020-06-19 17:55:46.668 [main] INFO  com.atomikos.icatch.provider.imp.AssemblerImp - USING: com.atomikos.icatch.force_shutdown_on_vm_exit = false
2020-06-19 17:55:46.668 [main] INFO  com.atomikos.icatch.provider.imp.AssemblerImp - USING: com.atomikos.icatch.default_jta_timeout = 10000
2020-06-19 17:55:46.669 [main] INFO  com.atomikos.icatch.provider.imp.AssemblerImp - Using default (local) logging and recovery...
2020-06-19 17:55:47.367 [main] INFO  com.atomikos.datasource.xa.XATransactionalResource - dbCjDatasource: refreshed XAResource
2020-06-19 17:55:47.908 [main] INFO  s.d.s.web.plugins.DocumentationPluginsBootstrapper - Context refreshed
2020-06-19 17:55:47.920 [main] INFO  s.d.s.web.plugins.DocumentationPluginsBootstrapper - Found 1 custom documentation plugin(s)
2020-06-19 17:55:47.946 [main] INFO  s.d.spring.web.scanners.ApiListingReferenceScanner - Scanning for api listing references
2020-06-19 17:55:48.030 [main] INFO  org.apache.coyote.http11.Http11NioProtocol - Starting ProtocolHandler ["http-nio-9501"]
2020-06-19 17:55:48.053 [main] INFO  o.s.boot.web.embedded.tomcat.TomcatWebServer - Tomcat started on port(s): 9501 (http) with context path ''
2020-06-19 17:55:48.055 [main] INFO  com.alibaba.nacos.client.naming - [BEAT] adding beat: {"cluster":"DEFAULT","ip":"172.18.18.7","metadata":{"preserved.register.source":"SPRING_CLOUD"},"period":5000,"port":9501,"scheduled":false,"serviceName":"DEFAULT_GROUP@@app-yj-member","stopped":false,"weight":1.0} to beat map.
2020-06-19 17:55:48.125 [main] INFO  com.alibaba.nacos.client.naming - [REGISTER-SERVICE] public registering service DEFAULT_GROUP@@app-yj-member with instance: {"clusterName":"DEFAULT","enabled":true,"ephemeral":true,"healthy":true,"instanceHeartBeatInterval":5000,"instanceHeartBeatTimeOut":15000,"ip":"172.18.18.7","ipDeleteTimeout":30000,"metadata":{"preserved.register.source":"SPRING_CLOUD"},"port":9501,"weight":1.0}
2020-06-19 17:55:48.149 [main] INFO  c.a.cloud.nacos.registry.NacosServiceRegistry - nacos registry, DEFAULT_GROUP app-yj-member 172.18.18.7:9501 register finished
2020-06-19 17:55:48.200 [main] INFO  com.yj.AppMember - Started AppMember in 6.62 seconds (JVM running for 7.719)
2020-06-19 17:55:48.203 [main] INFO  com.alibaba.nacos.client.config.impl.ClientWorker - [fixed-localhost_8848] [subscribe] app-yj-member.properties+DEFAULT_GROUP
2020-06-19 17:55:48.204 [main] INFO  com.alibaba.nacos.client.config.impl.CacheData - [fixed-localhost_8848] [add-listener] ok, tenant=, dataId=app-yj-member.properties, group=DEFAULT_GROUP, cnt=1
2020-06-19 17:55:48.204 [main] INFO  com.alibaba.nacos.client.config.impl.ClientWorker - [fixed-localhost_8848] [subscribe] app-yj-member-peer2.properties+DEFAULT_GROUP
2020-06-19 17:55:48.204 [main] INFO  com.alibaba.nacos.client.config.impl.CacheData - [fixed-localhost_8848] [add-listener] ok, tenant=, dataId=app-yj-member-peer2.properties, group=DEFAULT_GROUP, cnt=1
2020-06-19 17:55:48.204 [main] INFO  com.alibaba.nacos.client.config.impl.ClientWorker - [fixed-localhost_8848] [subscribe] app-yj-member+DEFAULT_GROUP
2020-06-19 17:55:48.204 [main] INFO  com.alibaba.nacos.client.config.impl.CacheData - [fixed-localhost_8848] [add-listener] ok, tenant=, dataId=app-yj-member, group=DEFAULT_GROUP, cnt=1
2020-06-19 17:58:32.454 [http-nio-9500-exec-1] INFO  o.a.c.core.ContainerBase.[Tomcat].[localhost].[/] - Initializing Spring DispatcherServlet 'dispatcherServlet'
2020-06-19 17:58:32.454 [http-nio-9500-exec-1] INFO  org.springframework.web.servlet.DispatcherServlet - Initializing Servlet 'dispatcherServlet'
2020-06-19 17:58:32.469 [http-nio-9500-exec-1] INFO  org.springframework.web.servlet.DispatcherServlet - Completed initialization in 15 ms
2020-06-19 17:58:37.539 [http-nio-9501-exec-1] INFO  o.a.c.core.ContainerBase.[Tomcat].[localhost].[/] - Initializing Spring DispatcherServlet 'dispatcherServlet'
2020-06-19 17:58:37.539 [http-nio-9501-exec-1] INFO  org.springframework.web.servlet.DispatcherServlet - Initializing Servlet 'dispatcherServlet'
2020-06-19 17:58:37.551 [http-nio-9501-exec-1] INFO  org.springframework.web.servlet.DispatcherServlet - Completed initialization in 12 ms
