2020-06-20 09:31:55.616 [main] INFO  c.a.n.client.config.impl.LocalConfigInfoProcessor - LOCAL_SNAPSHOT_PATH:C:\Users\917110140\nacos\config
2020-06-20 09:31:55.643 [main] INFO  com.alibaba.nacos.client.config.impl.Limiter - limitTime:5.0
2020-06-20 09:31:55.691 [main] INFO  o.s.c.b.c.PropertySourceBootstrapConfiguration - Located property source: [BootstrapPropertySource {name='bootstrapProperties-app-yj-member-peer1.properties,DEFAULT_GROUP'}, BootstrapPropertySource {name='bootstrapProperties-app-yj-member.properties,DEFAULT_GROUP'}, BootstrapPropertySource {name='bootstrapProperties-app-yj-member,DEFAULT_GROUP'}]
2020-06-20 09:31:55.990 [main] INFO  com.yj.AppMember - The following profiles are active: peer1
2020-06-20 09:31:58.096 [main] INFO  o.springframework.cloud.context.scope.GenericScope - BeanFactory id=10e29687-4157-360a-af3c-3512c39de0aa
2020-06-20 09:31:58.931 [main] INFO  o.s.boot.web.embedded.tomcat.TomcatWebServer - Tomcat initialized with port(s): 9500 (http)
2020-06-20 09:31:58.943 [main] INFO  org.apache.coyote.http11.Http11NioProtocol - Initializing ProtocolHandler ["http-nio-9500"]
2020-06-20 09:31:58.943 [main] INFO  org.apache.catalina.core.StandardService - Starting service [Tomcat]
2020-06-20 09:31:58.943 [main] INFO  org.apache.catalina.core.StandardEngine - Starting Servlet engine: [Apache Tomcat/9.0.33]
2020-06-20 09:31:59.294 [main] INFO  o.a.c.core.ContainerBase.[Tomcat].[localhost].[/] - Initializing Spring embedded WebApplicationContext
2020-06-20 09:31:59.295 [main] INFO  org.springframework.web.context.ContextLoader - Root WebApplicationContext: initialization completed in 3167 ms
2020-06-20 09:31:59.596 [main] INFO  c.a.n.client.config.impl.LocalConfigInfoProcessor - LOCAL_SNAPSHOT_PATH:C:\Users\917110140\nacos\config
2020-06-20 09:31:59.623 [main] INFO  com.alibaba.nacos.client.config.impl.Limiter - limitTime:5.0
2020-06-20 09:31:59.652 [main] INFO  o.s.c.b.c.PropertySourceBootstrapConfiguration - Located property source: [BootstrapPropertySource {name='bootstrapProperties-app-yj-member-peer2.properties,DEFAULT_GROUP'}, BootstrapPropertySource {name='bootstrapProperties-app-yj-member.properties,DEFAULT_GROUP'}, BootstrapPropertySource {name='bootstrapProperties-app-yj-member,DEFAULT_GROUP'}]
2020-06-20 09:31:59.707 [main] INFO  com.yj.AppMember - The following profiles are active: peer2
2020-06-20 09:32:00.820 [main] INFO  o.springframework.cloud.context.scope.GenericScope - BeanFactory id=10e29687-4157-360a-af3c-3512c39de0aa
2020-06-20 09:32:01.290 [main] INFO  s.d.s.w.PropertySourcedRequestMappingHandlerMapping - Mapped URL path [/v2/api-docs] onto method [springfox.documentation.swagger2.web.Swagger2Controller#getDocumentation(String, HttpServletRequest)]
2020-06-20 09:32:01.361 [main] INFO  com.netflix.config.sources.URLConfigurationSource - To enable URLs as dynamic configuration sources, define System property archaius.configurationSource.additionalUrls or make config.properties available on classpath.
2020-06-20 09:32:01.367 [main] INFO  com.netflix.config.sources.URLConfigurationSource - To enable URLs as dynamic configuration sources, define System property archaius.configurationSource.additionalUrls or make config.properties available on classpath.
2020-06-20 09:32:01.572 [main] INFO  o.s.scheduling.concurrent.ThreadPoolTaskExecutor - Initializing ExecutorService 'applicationTaskExecutor'
2020-06-20 09:32:01.599 [main] INFO  o.s.boot.web.embedded.tomcat.TomcatWebServer - Tomcat initialized with port(s): 9501 (http)
2020-06-20 09:32:01.608 [main] INFO  org.apache.coyote.http11.Http11NioProtocol - Initializing ProtocolHandler ["http-nio-9501"]
2020-06-20 09:32:01.609 [main] INFO  org.apache.catalina.core.StandardService - Starting service [Tomcat]
2020-06-20 09:32:01.609 [main] INFO  org.apache.catalina.core.StandardEngine - Starting Servlet engine: [Apache Tomcat/9.0.33]
2020-06-20 09:32:01.951 [main] INFO  o.a.c.core.ContainerBase.[Tomcat].[localhost].[/] - Initializing Spring embedded WebApplicationContext
2020-06-20 09:32:01.951 [main] INFO  org.springframework.web.context.ContextLoader - Root WebApplicationContext: initialization completed in 2222 ms
2020-06-20 09:32:02.138 [main] INFO  o.s.scheduling.concurrent.ThreadPoolTaskScheduler - Initializing ExecutorService 'taskScheduler'
2020-06-20 09:32:02.157 [main] INFO  com.alibaba.nacos.client.naming - initializer namespace from System Property :null
2020-06-20 09:32:02.157 [main] INFO  com.alibaba.nacos.client.naming - initializer namespace from System Environment :null
2020-06-20 09:32:02.158 [main] INFO  com.alibaba.nacos.client.naming - initializer namespace from System Property :null
2020-06-20 09:32:02.411 [main] INFO  com.atomikos.icatch.provider.imp.AssemblerImp - Loaded jar:file:/C:/Users/917110140/.m2/repository/com/atomikos/transactions/4.0.6/transactions-4.0.6.jar!/transactions-defaults.properties
2020-06-20 09:32:02.422 [main] INFO  com.atomikos.icatch.provider.imp.AssemblerImp - USING: com.atomikos.icatch.default_max_wait_time_on_shutdown = 9223372036854775807
2020-06-20 09:32:02.422 [main] INFO  com.atomikos.icatch.provider.imp.AssemblerImp - USING: com.atomikos.icatch.allow_subtransactions = true
2020-06-20 09:32:02.422 [main] INFO  com.atomikos.icatch.provider.imp.AssemblerImp - USING: com.atomikos.icatch.recovery_delay = 10000
2020-06-20 09:32:02.422 [main] INFO  com.atomikos.icatch.provider.imp.AssemblerImp - USING: com.atomikos.icatch.automatic_resource_registration = true
2020-06-20 09:32:02.422 [main] INFO  com.atomikos.icatch.provider.imp.AssemblerImp - USING: com.atomikos.icatch.oltp_max_retries = 5
2020-06-20 09:32:02.422 [main] INFO  com.atomikos.icatch.provider.imp.AssemblerImp - USING: com.atomikos.icatch.client_demarcation = false
2020-06-20 09:32:02.422 [main] INFO  com.atomikos.icatch.provider.imp.AssemblerImp - USING: com.atomikos.icatch.threaded_2pc = false
2020-06-20 09:32:02.422 [main] INFO  com.atomikos.icatch.provider.imp.AssemblerImp - USING: com.atomikos.icatch.serial_jta_transactions = true
2020-06-20 09:32:02.423 [main] INFO  com.atomikos.icatch.provider.imp.AssemblerImp - USING: com.atomikos.icatch.log_base_dir = F:\yj_parents\transaction-logs
2020-06-20 09:32:02.423 [main] INFO  com.atomikos.icatch.provider.imp.AssemblerImp - USING: com.atomikos.icatch.rmi_export_class = none
2020-06-20 09:32:02.423 [main] INFO  com.atomikos.icatch.provider.imp.AssemblerImp - USING: com.atomikos.icatch.max_actives = 50
2020-06-20 09:32:02.423 [main] INFO  com.atomikos.icatch.provider.imp.AssemblerImp - USING: com.atomikos.icatch.checkpoint_interval = 500
2020-06-20 09:32:02.423 [main] INFO  com.atomikos.icatch.provider.imp.AssemblerImp - USING: com.atomikos.icatch.enable_logging = true
2020-06-20 09:32:02.423 [main] INFO  com.atomikos.icatch.provider.imp.AssemblerImp - USING: com.atomikos.icatch.log_base_name = yj_parents_atomiks_cj01
2020-06-20 09:32:02.423 [main] INFO  com.atomikos.icatch.provider.imp.AssemblerImp - USING: com.atomikos.icatch.max_timeout = 300000
2020-06-20 09:32:02.423 [main] INFO  com.atomikos.icatch.provider.imp.AssemblerImp - USING: com.atomikos.icatch.trust_client_tm = false
2020-06-20 09:32:02.423 [main] INFO  com.atomikos.icatch.provider.imp.AssemblerImp - USING: java.naming.factory.initial = com.sun.jndi.rmi.registry.RegistryContextFactory
2020-06-20 09:32:02.423 [main] INFO  com.atomikos.icatch.provider.imp.AssemblerImp - USING: com.atomikos.icatch.tm_unique_name = 172.18.18.7.tm
2020-06-20 09:32:02.423 [main] INFO  com.atomikos.icatch.provider.imp.AssemblerImp - USING: com.atomikos.icatch.forget_orphaned_log_entries_delay = 86400000
2020-06-20 09:32:02.423 [main] INFO  com.atomikos.icatch.provider.imp.AssemblerImp - USING: com.atomikos.icatch.oltp_retry_interval = 10000
2020-06-20 09:32:02.423 [main] INFO  com.atomikos.icatch.provider.imp.AssemblerImp - USING: java.naming.provider.url = rmi://localhost:1099
2020-06-20 09:32:02.423 [main] INFO  com.atomikos.icatch.provider.imp.AssemblerImp - USING: com.atomikos.icatch.force_shutdown_on_vm_exit = false
2020-06-20 09:32:02.423 [main] INFO  com.atomikos.icatch.provider.imp.AssemblerImp - USING: com.atomikos.icatch.default_jta_timeout = 10000
2020-06-20 09:32:02.423 [main] INFO  com.atomikos.icatch.provider.imp.AssemblerImp - Using default (local) logging and recovery...
2020-06-20 09:32:02.817 [main] INFO  com.atomikos.datasource.xa.XATransactionalResource - dbCjDatasource: refreshed XAResource
2020-06-20 09:32:03.514 [main] INFO  s.d.s.web.plugins.DocumentationPluginsBootstrapper - Context refreshed
2020-06-20 09:32:03.537 [main] INFO  s.d.s.web.plugins.DocumentationPluginsBootstrapper - Found 1 custom documentation plugin(s)
2020-06-20 09:32:03.571 [main] INFO  s.d.spring.web.scanners.ApiListingReferenceScanner - Scanning for api listing references
2020-06-20 09:32:03.729 [main] INFO  org.apache.coyote.http11.Http11NioProtocol - Starting ProtocolHandler ["http-nio-9500"]
2020-06-20 09:32:03.768 [main] INFO  o.s.boot.web.embedded.tomcat.TomcatWebServer - Tomcat started on port(s): 9500 (http) with context path ''
2020-06-20 09:32:03.780 [main] INFO  s.d.s.w.PropertySourcedRequestMappingHandlerMapping - Mapped URL path [/v2/api-docs] onto method [springfox.documentation.swagger2.web.Swagger2Controller#getDocumentation(String, HttpServletRequest)]
2020-06-20 09:32:03.830 [main] INFO  com.netflix.config.sources.URLConfigurationSource - To enable URLs as dynamic configuration sources, define System property archaius.configurationSource.additionalUrls or make config.properties available on classpath.
2020-06-20 09:32:03.834 [main] INFO  com.netflix.config.sources.URLConfigurationSource - To enable URLs as dynamic configuration sources, define System property archaius.configurationSource.additionalUrls or make config.properties available on classpath.
2020-06-20 09:32:03.771 [main] INFO  com.alibaba.nacos.client.naming - [BEAT] adding beat: {"cluster":"DEFAULT","ip":"172.18.18.7","metadata":{"preserved.register.source":"SPRING_CLOUD"},"period":5000,"port":9500,"scheduled":false,"serviceName":"DEFAULT_GROUP@@app-yj-member","stopped":false,"weight":1.0} to beat map.
2020-06-20 09:32:03.912 [main] INFO  com.alibaba.nacos.client.naming - [REGISTER-SERVICE] public registering service DEFAULT_GROUP@@app-yj-member with instance: {"clusterName":"DEFAULT","enabled":true,"ephemeral":true,"healthy":true,"instanceHeartBeatInterval":5000,"instanceHeartBeatTimeOut":15000,"ip":"172.18.18.7","ipDeleteTimeout":30000,"metadata":{"preserved.register.source":"SPRING_CLOUD"},"port":9500,"weight":1.0}
2020-06-20 09:32:03.927 [main] INFO  c.a.cloud.nacos.registry.NacosServiceRegistry - nacos registry, DEFAULT_GROUP app-yj-member 172.18.18.7:9500 register finished
2020-06-20 09:32:03.999 [main] INFO  o.s.scheduling.concurrent.ThreadPoolTaskExecutor - Initializing ExecutorService 'applicationTaskExecutor'
2020-06-20 09:32:04.069 [main] INFO  com.yj.AppMember - Started AppMember in 10.169 seconds (JVM running for 11.891)
2020-06-20 09:32:04.074 [main] INFO  com.alibaba.nacos.client.config.impl.ClientWorker - [fixed-localhost_8848] [subscribe] app-yj-member-peer1.properties+DEFAULT_GROUP
2020-06-20 09:32:04.074 [main] INFO  com.alibaba.nacos.client.config.impl.CacheData - [fixed-localhost_8848] [add-listener] ok, tenant=, dataId=app-yj-member-peer1.properties, group=DEFAULT_GROUP, cnt=1
2020-06-20 09:32:04.075 [main] INFO  com.alibaba.nacos.client.config.impl.ClientWorker - [fixed-localhost_8848] [subscribe] app-yj-member.properties+DEFAULT_GROUP
2020-06-20 09:32:04.075 [main] INFO  com.alibaba.nacos.client.config.impl.CacheData - [fixed-localhost_8848] [add-listener] ok, tenant=, dataId=app-yj-member.properties, group=DEFAULT_GROUP, cnt=1
2020-06-20 09:32:04.075 [main] INFO  com.alibaba.nacos.client.config.impl.ClientWorker - [fixed-localhost_8848] [subscribe] app-yj-member+DEFAULT_GROUP
2020-06-20 09:32:04.075 [main] INFO  com.alibaba.nacos.client.config.impl.CacheData - [fixed-localhost_8848] [add-listener] ok, tenant=, dataId=app-yj-member, group=DEFAULT_GROUP, cnt=1
2020-06-20 09:32:04.338 [main] INFO  o.s.scheduling.concurrent.ThreadPoolTaskScheduler - Initializing ExecutorService 'taskScheduler'
2020-06-20 09:32:04.358 [main] INFO  com.alibaba.nacos.client.naming - initializer namespace from System Property :null
2020-06-20 09:32:04.359 [main] INFO  com.alibaba.nacos.client.naming - initializer namespace from System Environment :null
2020-06-20 09:32:04.359 [main] INFO  com.alibaba.nacos.client.naming - initializer namespace from System Property :null
2020-06-20 09:32:04.633 [main] INFO  com.atomikos.icatch.provider.imp.AssemblerImp - Loaded jar:file:/C:/Users/917110140/.m2/repository/com/atomikos/transactions/4.0.6/transactions-4.0.6.jar!/transactions-defaults.properties
2020-06-20 09:32:04.642 [main] INFO  com.atomikos.icatch.provider.imp.AssemblerImp - USING: com.atomikos.icatch.default_max_wait_time_on_shutdown = 9223372036854775807
2020-06-20 09:32:04.642 [main] INFO  com.atomikos.icatch.provider.imp.AssemblerImp - USING: com.atomikos.icatch.allow_subtransactions = true
2020-06-20 09:32:04.642 [main] INFO  com.atomikos.icatch.provider.imp.AssemblerImp - USING: com.atomikos.icatch.recovery_delay = 10000
2020-06-20 09:32:04.642 [main] INFO  com.atomikos.icatch.provider.imp.AssemblerImp - USING: com.atomikos.icatch.automatic_resource_registration = true
2020-06-20 09:32:04.642 [main] INFO  com.atomikos.icatch.provider.imp.AssemblerImp - USING: com.atomikos.icatch.oltp_max_retries = 5
2020-06-20 09:32:04.642 [main] INFO  com.atomikos.icatch.provider.imp.AssemblerImp - USING: com.atomikos.icatch.client_demarcation = false
2020-06-20 09:32:04.642 [main] INFO  com.atomikos.icatch.provider.imp.AssemblerImp - USING: com.atomikos.icatch.threaded_2pc = false
2020-06-20 09:32:04.642 [main] INFO  com.atomikos.icatch.provider.imp.AssemblerImp - USING: com.atomikos.icatch.serial_jta_transactions = true
2020-06-20 09:32:04.642 [main] INFO  com.atomikos.icatch.provider.imp.AssemblerImp - USING: com.atomikos.icatch.log_base_dir = F:\yj_parents\transaction-logs
2020-06-20 09:32:04.642 [main] INFO  com.atomikos.icatch.provider.imp.AssemblerImp - USING: com.atomikos.icatch.rmi_export_class = none
2020-06-20 09:32:04.642 [main] INFO  com.atomikos.icatch.provider.imp.AssemblerImp - USING: com.atomikos.icatch.max_actives = 50
2020-06-20 09:32:04.642 [main] INFO  com.atomikos.icatch.provider.imp.AssemblerImp - USING: com.atomikos.icatch.checkpoint_interval = 500
2020-06-20 09:32:04.642 [main] INFO  com.atomikos.icatch.provider.imp.AssemblerImp - USING: com.atomikos.icatch.enable_logging = true
2020-06-20 09:32:04.642 [main] INFO  com.atomikos.icatch.provider.imp.AssemblerImp - USING: com.atomikos.icatch.log_base_name = yj_parents_atomiks_cj02
2020-06-20 09:32:04.642 [main] INFO  com.atomikos.icatch.provider.imp.AssemblerImp - USING: com.atomikos.icatch.max_timeout = 300000
2020-06-20 09:32:04.642 [main] INFO  com.atomikos.icatch.provider.imp.AssemblerImp - USING: com.atomikos.icatch.trust_client_tm = false
2020-06-20 09:32:04.642 [main] INFO  com.atomikos.icatch.provider.imp.AssemblerImp - USING: java.naming.factory.initial = com.sun.jndi.rmi.registry.RegistryContextFactory
2020-06-20 09:32:04.642 [main] INFO  com.atomikos.icatch.provider.imp.AssemblerImp - USING: com.atomikos.icatch.tm_unique_name = 172.18.18.7.tm
2020-06-20 09:32:04.642 [main] INFO  com.atomikos.icatch.provider.imp.AssemblerImp - USING: com.atomikos.icatch.forget_orphaned_log_entries_delay = 86400000
2020-06-20 09:32:04.642 [main] INFO  com.atomikos.icatch.provider.imp.AssemblerImp - USING: com.atomikos.icatch.oltp_retry_interval = 10000
2020-06-20 09:32:04.642 [main] INFO  com.atomikos.icatch.provider.imp.AssemblerImp - USING: java.naming.provider.url = rmi://localhost:1099
2020-06-20 09:32:04.642 [main] INFO  com.atomikos.icatch.provider.imp.AssemblerImp - USING: com.atomikos.icatch.force_shutdown_on_vm_exit = false
2020-06-20 09:32:04.642 [main] INFO  com.atomikos.icatch.provider.imp.AssemblerImp - USING: com.atomikos.icatch.default_jta_timeout = 10000
2020-06-20 09:32:04.643 [main] INFO  com.atomikos.icatch.provider.imp.AssemblerImp - Using default (local) logging and recovery...
2020-06-20 09:32:05.180 [main] INFO  com.atomikos.datasource.xa.XATransactionalResource - dbCjDatasource: refreshed XAResource
2020-06-20 09:32:05.666 [main] INFO  s.d.s.web.plugins.DocumentationPluginsBootstrapper - Context refreshed
2020-06-20 09:32:05.681 [main] INFO  s.d.s.web.plugins.DocumentationPluginsBootstrapper - Found 1 custom documentation plugin(s)
2020-06-20 09:32:05.708 [main] INFO  s.d.spring.web.scanners.ApiListingReferenceScanner - Scanning for api listing references
2020-06-20 09:32:05.795 [main] INFO  org.apache.coyote.http11.Http11NioProtocol - Starting ProtocolHandler ["http-nio-9501"]
2020-06-20 09:32:05.817 [main] INFO  o.s.boot.web.embedded.tomcat.TomcatWebServer - Tomcat started on port(s): 9501 (http) with context path ''
2020-06-20 09:32:05.820 [main] INFO  com.alibaba.nacos.client.naming - [BEAT] adding beat: {"cluster":"DEFAULT","ip":"172.18.18.7","metadata":{"preserved.register.source":"SPRING_CLOUD"},"period":5000,"port":9501,"scheduled":false,"serviceName":"DEFAULT_GROUP@@app-yj-member","stopped":false,"weight":1.0} to beat map.
2020-06-20 09:32:05.890 [main] INFO  com.alibaba.nacos.client.naming - [REGISTER-SERVICE] public registering service DEFAULT_GROUP@@app-yj-member with instance: {"clusterName":"DEFAULT","enabled":true,"ephemeral":true,"healthy":true,"instanceHeartBeatInterval":5000,"instanceHeartBeatTimeOut":15000,"ip":"172.18.18.7","ipDeleteTimeout":30000,"metadata":{"preserved.register.source":"SPRING_CLOUD"},"port":9501,"weight":1.0}
2020-06-20 09:32:05.898 [main] INFO  c.a.cloud.nacos.registry.NacosServiceRegistry - nacos registry, DEFAULT_GROUP app-yj-member 172.18.18.7:9501 register finished
2020-06-20 09:32:05.946 [main] INFO  com.yj.AppMember - Started AppMember in 7.779 seconds (JVM running for 9.957)
2020-06-20 09:32:05.949 [main] INFO  com.alibaba.nacos.client.config.impl.ClientWorker - [fixed-localhost_8848] [subscribe] app-yj-member.properties+DEFAULT_GROUP
2020-06-20 09:32:05.950 [main] INFO  com.alibaba.nacos.client.config.impl.CacheData - [fixed-localhost_8848] [add-listener] ok, tenant=, dataId=app-yj-member.properties, group=DEFAULT_GROUP, cnt=1
2020-06-20 09:32:05.950 [main] INFO  com.alibaba.nacos.client.config.impl.ClientWorker - [fixed-localhost_8848] [subscribe] app-yj-member-peer2.properties+DEFAULT_GROUP
2020-06-20 09:32:05.950 [main] INFO  com.alibaba.nacos.client.config.impl.CacheData - [fixed-localhost_8848] [add-listener] ok, tenant=, dataId=app-yj-member-peer2.properties, group=DEFAULT_GROUP, cnt=1
2020-06-20 09:32:05.950 [main] INFO  com.alibaba.nacos.client.config.impl.ClientWorker - [fixed-localhost_8848] [subscribe] app-yj-member+DEFAULT_GROUP
2020-06-20 09:32:05.950 [main] INFO  com.alibaba.nacos.client.config.impl.CacheData - [fixed-localhost_8848] [add-listener] ok, tenant=, dataId=app-yj-member, group=DEFAULT_GROUP, cnt=1
2020-06-20 09:33:25.508 [http-nio-9500-exec-1] INFO  o.a.c.core.ContainerBase.[Tomcat].[localhost].[/] - Initializing Spring DispatcherServlet 'dispatcherServlet'
2020-06-20 09:33:25.509 [http-nio-9500-exec-1] INFO  org.springframework.web.servlet.DispatcherServlet - Initializing Servlet 'dispatcherServlet'
2020-06-20 09:33:25.523 [http-nio-9500-exec-1] INFO  org.springframework.web.servlet.DispatcherServlet - Completed initialization in 13 ms
