2020-06-22 17:04:21.432 [main] INFO  c.a.n.client.config.impl.LocalConfigInfoProcessor - LOCAL_SNAPSHOT_PATH:C:\Users\917110140\nacos\config
2020-06-22 17:04:21.469 [main] INFO  com.alibaba.nacos.client.config.impl.Limiter - limitTime:5.0
2020-06-22 17:04:21.519 [main] INFO  o.s.c.b.c.PropertySourceBootstrapConfiguration - Located property source: [BootstrapPropertySource {name='bootstrapProperties-app-yj-ui.properties,DEFAULT_GROUP'}, BootstrapPropertySource {name='bootstrapProperties-app-yj-ui,DEFAULT_GROUP'}]
2020-06-22 17:04:21.584 [main] INFO  com.yj.UIApplicaton - No active profile set, falling back to default profiles: default
2020-06-22 17:04:23.030 [main] INFO  o.springframework.cloud.context.scope.GenericScope - BeanFactory id=e14b49b0-b3fc-376b-a798-bbb113d37be2
2020-06-22 17:04:23.403 [main] INFO  o.s.c.s.PostProcessorRegistrationDelegate$BeanPostProcessorChecker - Bean 'shiroConfig' of type [com.yj.shiro.ShiroConfig$$EnhancerBySpringCGLIB$$a3d91d70] is not eligible for getting processed by all BeanPostProcessors (for example: not eligible for auto-proxying)
2020-06-22 17:04:23.436 [main] INFO  o.s.c.s.PostProcessorRegistrationDelegate$BeanPostProcessorChecker - Bean 'default.com.yj.UIApplicaton.FeignClientSpecification' of type [org.springframework.cloud.openfeign.FeignClientSpecification] is not eligible for getting processed by all BeanPostProcessors (for example: not eligible for auto-proxying)
2020-06-22 17:04:23.448 [main] INFO  o.s.c.s.PostProcessorRegistrationDelegate$BeanPostProcessorChecker - Bean 'app-yj-member.FeignClientSpecification' of type [org.springframework.cloud.openfeign.FeignClientSpecification] is not eligible for getting processed by all BeanPostProcessors (for example: not eligible for auto-proxying)
2020-06-22 17:04:23.452 [main] INFO  o.s.c.s.PostProcessorRegistrationDelegate$BeanPostProcessorChecker - Bean 'app-yj-core.FeignClientSpecification' of type [org.springframework.cloud.openfeign.FeignClientSpecification] is not eligible for getting processed by all BeanPostProcessors (for example: not eligible for auto-proxying)
2020-06-22 17:04:23.455 [main] INFO  o.s.c.s.PostProcessorRegistrationDelegate$BeanPostProcessorChecker - Bean 'org.springframework.cloud.openfeign.FeignAutoConfiguration' of type [org.springframework.cloud.openfeign.FeignAutoConfiguration] is not eligible for getting processed by all BeanPostProcessors (for example: not eligible for auto-proxying)
2020-06-22 17:04:23.462 [main] INFO  o.s.c.s.PostProcessorRegistrationDelegate$BeanPostProcessorChecker - Bean 'feignContext' of type [org.springframework.cloud.openfeign.FeignContext] is not eligible for getting processed by all BeanPostProcessors (for example: not eligible for auto-proxying)
2020-06-22 17:04:23.537 [main] INFO  o.s.c.s.PostProcessorRegistrationDelegate$BeanPostProcessorChecker - Bean 'org.springframework.cloud.sleuth.instrument.web.client.feign.TraceFeignClientAutoConfiguration' of type [org.springframework.cloud.sleuth.instrument.web.client.feign.TraceFeignClientAutoConfiguration] is not eligible for getting processed by all BeanPostProcessors (for example: not eligible for auto-proxying)
2020-06-22 17:04:23.568 [main] INFO  o.s.c.s.PostProcessorRegistrationDelegate$BeanPostProcessorChecker - Bean 'org.springframework.cloud.openfeign.ribbon.DefaultFeignLoadBalancedConfiguration' of type [org.springframework.cloud.openfeign.ribbon.DefaultFeignLoadBalancedConfiguration] is not eligible for getting processed by all BeanPostProcessors (for example: not eligible for auto-proxying)
2020-06-22 17:04:23.572 [main] INFO  o.s.c.s.PostProcessorRegistrationDelegate$BeanPostProcessorChecker - Bean 'org.springframework.cloud.openfeign.ribbon.FeignRibbonClientAutoConfiguration' of type [org.springframework.cloud.openfeign.ribbon.FeignRibbonClientAutoConfiguration] is not eligible for getting processed by all BeanPostProcessors (for example: not eligible for auto-proxying)
2020-06-22 17:04:23.578 [main] INFO  o.s.c.s.PostProcessorRegistrationDelegate$BeanPostProcessorChecker - Bean 'default.org.springframework.cloud.netflix.ribbon.RibbonAutoConfiguration.RibbonClientSpecification' of type [org.springframework.cloud.netflix.ribbon.RibbonClientSpecification] is not eligible for getting processed by all BeanPostProcessors (for example: not eligible for auto-proxying)
2020-06-22 17:04:23.582 [main] INFO  o.s.c.s.PostProcessorRegistrationDelegate$BeanPostProcessorChecker - Bean 'default.com.alibaba.cloud.nacos.ribbon.RibbonNacosAutoConfiguration.RibbonClientSpecification' of type [org.springframework.cloud.netflix.ribbon.RibbonClientSpecification] is not eligible for getting processed by all BeanPostProcessors (for example: not eligible for auto-proxying)
2020-06-22 17:04:23.593 [main] INFO  o.s.c.s.PostProcessorRegistrationDelegate$BeanPostProcessorChecker - Bean 'ribbon.eager-load-org.springframework.cloud.netflix.ribbon.RibbonEagerLoadProperties' of type [org.springframework.cloud.netflix.ribbon.RibbonEagerLoadProperties] is not eligible for getting processed by all BeanPostProcessors (for example: not eligible for auto-proxying)
2020-06-22 17:04:23.595 [main] INFO  o.s.c.s.PostProcessorRegistrationDelegate$BeanPostProcessorChecker - Bean 'org.springframework.cloud.netflix.ribbon.RibbonAutoConfiguration' of type [org.springframework.cloud.netflix.ribbon.RibbonAutoConfiguration$$EnhancerBySpringCGLIB$$f9f9227f] is not eligible for getting processed by all BeanPostProcessors (for example: not eligible for auto-proxying)
2020-06-22 17:04:23.606 [main] INFO  o.s.c.s.PostProcessorRegistrationDelegate$BeanPostProcessorChecker - Bean 'springClientFactory' of type [org.springframework.cloud.netflix.ribbon.SpringClientFactory] is not eligible for getting processed by all BeanPostProcessors (for example: not eligible for auto-proxying)
2020-06-22 17:04:23.613 [main] INFO  o.s.c.s.PostProcessorRegistrationDelegate$BeanPostProcessorChecker - Bean 'cachingLBClientFactory' of type [org.springframework.cloud.openfeign.ribbon.CachingSpringLoadBalancerFactory] is not eligible for getting processed by all BeanPostProcessors (for example: not eligible for auto-proxying)
2020-06-22 17:04:23.617 [main] INFO  o.s.c.s.PostProcessorRegistrationDelegate$BeanPostProcessorChecker - Bean 'feignClient' of type [org.springframework.cloud.openfeign.ribbon.LoadBalancerFeignClient] is not eligible for getting processed by all BeanPostProcessors (for example: not eligible for auto-proxying)
2020-06-22 17:04:23.648 [main] INFO  o.s.c.s.PostProcessorRegistrationDelegate$BeanPostProcessorChecker - Bean 'feignHystrixBuilder' of type [feign.hystrix.HystrixFeign$Builder] is not eligible for getting processed by all BeanPostProcessors (for example: not eligible for auto-proxying)
2020-06-22 17:04:23.661 [main] INFO  o.s.c.s.PostProcessorRegistrationDelegate$BeanPostProcessorChecker - Bean 'feign.client-org.springframework.cloud.openfeign.FeignClientProperties' of type [org.springframework.cloud.openfeign.FeignClientProperties] is not eligible for getting processed by all BeanPostProcessors (for example: not eligible for auto-proxying)
2020-06-22 17:04:23.666 [main] INFO  o.s.c.s.PostProcessorRegistrationDelegate$BeanPostProcessorChecker - Bean 'feignConfig' of type [com.yj.config.FeignConfig$$EnhancerBySpringCGLIB$$3c395f01] is not eligible for getting processed by all BeanPostProcessors (for example: not eligible for auto-proxying)
2020-06-22 17:04:23.672 [main] INFO  o.s.c.s.PostProcessorRegistrationDelegate$BeanPostProcessorChecker - Bean 'feignLoggerLevel' of type [feign.Logger$Level] is not eligible for getting processed by all BeanPostProcessors (for example: not eligible for auto-proxying)
2020-06-22 17:04:23.679 [main] INFO  o.s.c.s.PostProcessorRegistrationDelegate$BeanPostProcessorChecker - Bean 'feignRequestOptions' of type [feign.Request$Options] is not eligible for getting processed by all BeanPostProcessors (for example: not eligible for auto-proxying)
2020-06-22 17:04:23.687 [main] INFO  o.s.c.s.PostProcessorRegistrationDelegate$BeanPostProcessorChecker - Bean 'org.springframework.cloud.openfeign.FeignAutoConfiguration$HystrixFeignTargeterConfiguration' of type [org.springframework.cloud.openfeign.FeignAutoConfiguration$HystrixFeignTargeterConfiguration] is not eligible for getting processed by all BeanPostProcessors (for example: not eligible for auto-proxying)
2020-06-22 17:04:23.718 [main] INFO  o.s.c.s.PostProcessorRegistrationDelegate$BeanPostProcessorChecker - Bean 'feignTargeter' of type [org.springframework.cloud.openfeign.HystrixTargeter] is not eligible for getting processed by all BeanPostProcessors (for example: not eligible for auto-proxying)
2020-06-22 17:04:23.736 [main] INFO  o.s.c.s.PostProcessorRegistrationDelegate$BeanPostProcessorChecker - Bean 'com.yj.feign.IUserServiceFeign' of type [com.sun.proxy.$Proxy91] is not eligible for getting processed by all BeanPostProcessors (for example: not eligible for auto-proxying)
2020-06-22 17:04:23.739 [main] INFO  o.s.c.s.PostProcessorRegistrationDelegate$BeanPostProcessorChecker - Bean 'userRealm' of type [com.yj.shiro.UserRealm] is not eligible for getting processed by all BeanPostProcessors (for example: not eligible for auto-proxying)
2020-06-22 17:04:24.010 [main] INFO  o.s.c.s.PostProcessorRegistrationDelegate$BeanPostProcessorChecker - Bean 'securityManager' of type [org.apache.shiro.web.mgt.DefaultWebSecurityManager] is not eligible for getting processed by all BeanPostProcessors (for example: not eligible for auto-proxying)
2020-06-22 17:04:24.629 [main] INFO  o.s.boot.web.embedded.tomcat.TomcatWebServer - Tomcat initialized with port(s): 8080 (http)
2020-06-22 17:04:24.647 [main] INFO  org.apache.catalina.core.StandardService - Starting service [Tomcat]
2020-06-22 17:04:24.649 [main] INFO  org.apache.catalina.core.StandardEngine - Starting Servlet engine: [Apache Tomcat/9.0.33]
2020-06-22 17:04:24.870 [main] INFO  o.a.c.core.ContainerBase.[Tomcat].[localhost].[/] - Initializing Spring embedded WebApplicationContext
2020-06-22 17:04:24.871 [main] INFO  org.springframework.web.context.ContextLoader - Root WebApplicationContext: initialization completed in 3272 ms
2020-06-22 17:04:25.995 [main] INFO  s.d.s.w.PropertySourcedRequestMappingHandlerMapping - Mapped URL path [/v2/api-docs] onto method [springfox.documentation.swagger2.web.Swagger2Controller#getDocumentation(String, HttpServletRequest)]
2020-06-22 17:04:26.043 [main] INFO  com.netflix.config.sources.URLConfigurationSource - To enable URLs as dynamic configuration sources, define System property archaius.configurationSource.additionalUrls or make config.properties available on classpath.
2020-06-22 17:04:26.050 [main] INFO  com.netflix.config.sources.URLConfigurationSource - To enable URLs as dynamic configuration sources, define System property archaius.configurationSource.additionalUrls or make config.properties available on classpath.
2020-06-22 17:04:26.284 [main] INFO  o.s.scheduling.concurrent.ThreadPoolTaskExecutor - Initializing ExecutorService 'applicationTaskExecutor'
2020-06-22 17:04:26.426 [main] INFO  o.s.b.a.web.servlet.WelcomePageHandlerMapping - Adding welcome page template: index
2020-06-22 17:04:26.987 [main] INFO  o.s.scheduling.concurrent.ThreadPoolTaskScheduler - Initializing ExecutorService 'Nacso-Watch-Task-Scheduler'
2020-06-22 17:04:26.997 [main] INFO  com.alibaba.nacos.client.naming - initializer namespace from System Property :null
2020-06-22 17:04:26.997 [main] INFO  com.alibaba.nacos.client.naming - initializer namespace from System Environment :null
2020-06-22 17:04:26.998 [main] INFO  com.alibaba.nacos.client.naming - initializer namespace from System Property :null
2020-06-22 17:04:27.570 [main] INFO  s.d.s.web.plugins.DocumentationPluginsBootstrapper - Context refreshed
2020-06-22 17:04:27.588 [main] INFO  s.d.s.web.plugins.DocumentationPluginsBootstrapper - Found 1 custom documentation plugin(s)
2020-06-22 17:04:27.621 [main] INFO  s.d.spring.web.scanners.ApiListingReferenceScanner - Scanning for api listing references
2020-06-22 17:04:27.754 [main] INFO  o.s.boot.web.embedded.tomcat.TomcatWebServer - Tomcat started on port(s): 8080 (http) with context path ''
2020-06-22 17:04:27.758 [main] INFO  com.alibaba.nacos.client.naming - [BEAT] adding beat: {"cluster":"DEFAULT","ip":"172.18.18.7","metadata":{"preserved.register.source":"SPRING_CLOUD"},"period":5000,"port":8080,"scheduled":false,"serviceName":"DEFAULT_GROUP@@app-yj-ui","stopped":false,"weight":1.0} to beat map.
2020-06-22 17:04:27.859 [main] INFO  com.alibaba.nacos.client.naming - [REGISTER-SERVICE] public registering service DEFAULT_GROUP@@app-yj-ui with instance: {"clusterName":"DEFAULT","enabled":true,"ephemeral":true,"healthy":true,"instanceHeartBeatInterval":5000,"instanceHeartBeatTimeOut":15000,"ip":"172.18.18.7","ipDeleteTimeout":30000,"metadata":{"preserved.register.source":"SPRING_CLOUD"},"port":8080,"weight":1.0}
2020-06-22 17:04:27.870 [main] INFO  c.a.cloud.nacos.registry.NacosServiceRegistry - nacos registry, DEFAULT_GROUP app-yj-ui 172.18.18.7:8080 register finished
2020-06-22 17:04:27.935 [main] INFO  com.yj.UIApplicaton - Started UIApplicaton in 8.756 seconds (JVM running for 9.726)
2020-06-22 17:04:27.940 [main] INFO  com.alibaba.nacos.client.config.impl.ClientWorker - [fixed-localhost_8848] [subscribe] app-yj-ui+DEFAULT_GROUP
2020-06-22 17:04:27.940 [main] INFO  com.alibaba.nacos.client.config.impl.CacheData - [fixed-localhost_8848] [add-listener] ok, tenant=, dataId=app-yj-ui, group=DEFAULT_GROUP, cnt=1
2020-06-22 17:04:27.941 [main] INFO  com.alibaba.nacos.client.config.impl.ClientWorker - [fixed-localhost_8848] [subscribe] app-yj-ui.properties+DEFAULT_GROUP
2020-06-22 17:04:27.941 [main] INFO  com.alibaba.nacos.client.config.impl.CacheData - [fixed-localhost_8848] [add-listener] ok, tenant=, dataId=app-yj-ui.properties, group=DEFAULT_GROUP, cnt=1
2020-06-22 17:04:46.916 [http-nio-8080-exec-1] INFO  o.a.c.core.ContainerBase.[Tomcat].[localhost].[/] - Initializing Spring DispatcherServlet 'dispatcherServlet'
2020-06-22 17:04:46.917 [http-nio-8080-exec-1] INFO  org.springframework.web.servlet.DispatcherServlet - Initializing Servlet 'dispatcherServlet'
2020-06-22 17:04:46.932 [http-nio-8080-exec-1] INFO  org.springframework.web.servlet.DispatcherServlet - Completed initialization in 14 ms
2020-06-22 17:07:46.067 [main] INFO  c.a.n.client.config.impl.LocalConfigInfoProcessor - LOCAL_SNAPSHOT_PATH:C:\Users\917110140\nacos\config
2020-06-22 17:07:46.096 [main] INFO  com.alibaba.nacos.client.config.impl.Limiter - limitTime:5.0
2020-06-22 17:07:46.133 [main] INFO  o.s.c.b.c.PropertySourceBootstrapConfiguration - Located property source: [BootstrapPropertySource {name='bootstrapProperties-app-yj-ui.properties,DEFAULT_GROUP'}, BootstrapPropertySource {name='bootstrapProperties-app-yj-ui,DEFAULT_GROUP'}]
2020-06-22 17:07:46.198 [main] INFO  com.yj.UIApplicaton - No active profile set, falling back to default profiles: default
2020-06-22 17:07:47.329 [main] INFO  o.springframework.cloud.context.scope.GenericScope - BeanFactory id=e14b49b0-b3fc-376b-a798-bbb113d37be2
2020-06-22 17:07:47.586 [main] INFO  o.s.c.s.PostProcessorRegistrationDelegate$BeanPostProcessorChecker - Bean 'shiroConfig' of type [com.yj.shiro.ShiroConfig$$EnhancerBySpringCGLIB$$97fbc83f] is not eligible for getting processed by all BeanPostProcessors (for example: not eligible for auto-proxying)
2020-06-22 17:07:47.615 [main] INFO  o.s.c.s.PostProcessorRegistrationDelegate$BeanPostProcessorChecker - Bean 'default.com.yj.UIApplicaton.FeignClientSpecification' of type [org.springframework.cloud.openfeign.FeignClientSpecification] is not eligible for getting processed by all BeanPostProcessors (for example: not eligible for auto-proxying)
2020-06-22 17:07:47.621 [main] INFO  o.s.c.s.PostProcessorRegistrationDelegate$BeanPostProcessorChecker - Bean 'app-yj-member.FeignClientSpecification' of type [org.springframework.cloud.openfeign.FeignClientSpecification] is not eligible for getting processed by all BeanPostProcessors (for example: not eligible for auto-proxying)
2020-06-22 17:07:47.622 [main] INFO  o.s.c.s.PostProcessorRegistrationDelegate$BeanPostProcessorChecker - Bean 'app-yj-core.FeignClientSpecification' of type [org.springframework.cloud.openfeign.FeignClientSpecification] is not eligible for getting processed by all BeanPostProcessors (for example: not eligible for auto-proxying)
2020-06-22 17:07:47.624 [main] INFO  o.s.c.s.PostProcessorRegistrationDelegate$BeanPostProcessorChecker - Bean 'org.springframework.cloud.openfeign.FeignAutoConfiguration' of type [org.springframework.cloud.openfeign.FeignAutoConfiguration] is not eligible for getting processed by all BeanPostProcessors (for example: not eligible for auto-proxying)
2020-06-22 17:07:47.628 [main] INFO  o.s.c.s.PostProcessorRegistrationDelegate$BeanPostProcessorChecker - Bean 'feignContext' of type [org.springframework.cloud.openfeign.FeignContext] is not eligible for getting processed by all BeanPostProcessors (for example: not eligible for auto-proxying)
2020-06-22 17:07:47.682 [main] INFO  o.s.c.s.PostProcessorRegistrationDelegate$BeanPostProcessorChecker - Bean 'org.springframework.cloud.sleuth.instrument.web.client.feign.TraceFeignClientAutoConfiguration' of type [org.springframework.cloud.sleuth.instrument.web.client.feign.TraceFeignClientAutoConfiguration] is not eligible for getting processed by all BeanPostProcessors (for example: not eligible for auto-proxying)
2020-06-22 17:07:47.700 [main] INFO  o.s.c.s.PostProcessorRegistrationDelegate$BeanPostProcessorChecker - Bean 'org.springframework.cloud.openfeign.ribbon.DefaultFeignLoadBalancedConfiguration' of type [org.springframework.cloud.openfeign.ribbon.DefaultFeignLoadBalancedConfiguration] is not eligible for getting processed by all BeanPostProcessors (for example: not eligible for auto-proxying)
2020-06-22 17:07:47.703 [main] INFO  o.s.c.s.PostProcessorRegistrationDelegate$BeanPostProcessorChecker - Bean 'org.springframework.cloud.openfeign.ribbon.FeignRibbonClientAutoConfiguration' of type [org.springframework.cloud.openfeign.ribbon.FeignRibbonClientAutoConfiguration] is not eligible for getting processed by all BeanPostProcessors (for example: not eligible for auto-proxying)
2020-06-22 17:07:47.708 [main] INFO  o.s.c.s.PostProcessorRegistrationDelegate$BeanPostProcessorChecker - Bean 'default.org.springframework.cloud.netflix.ribbon.RibbonAutoConfiguration.RibbonClientSpecification' of type [org.springframework.cloud.netflix.ribbon.RibbonClientSpecification] is not eligible for getting processed by all BeanPostProcessors (for example: not eligible for auto-proxying)
2020-06-22 17:07:47.711 [main] INFO  o.s.c.s.PostProcessorRegistrationDelegate$BeanPostProcessorChecker - Bean 'default.com.alibaba.cloud.nacos.ribbon.RibbonNacosAutoConfiguration.RibbonClientSpecification' of type [org.springframework.cloud.netflix.ribbon.RibbonClientSpecification] is not eligible for getting processed by all BeanPostProcessors (for example: not eligible for auto-proxying)
2020-06-22 17:07:47.717 [main] INFO  o.s.c.s.PostProcessorRegistrationDelegate$BeanPostProcessorChecker - Bean 'ribbon.eager-load-org.springframework.cloud.netflix.ribbon.RibbonEagerLoadProperties' of type [org.springframework.cloud.netflix.ribbon.RibbonEagerLoadProperties] is not eligible for getting processed by all BeanPostProcessors (for example: not eligible for auto-proxying)
2020-06-22 17:07:47.719 [main] INFO  o.s.c.s.PostProcessorRegistrationDelegate$BeanPostProcessorChecker - Bean 'org.springframework.cloud.netflix.ribbon.RibbonAutoConfiguration' of type [org.springframework.cloud.netflix.ribbon.RibbonAutoConfiguration$$EnhancerBySpringCGLIB$$ee1bcd4e] is not eligible for getting processed by all BeanPostProcessors (for example: not eligible for auto-proxying)
2020-06-22 17:07:47.728 [main] INFO  o.s.c.s.PostProcessorRegistrationDelegate$BeanPostProcessorChecker - Bean 'springClientFactory' of type [org.springframework.cloud.netflix.ribbon.SpringClientFactory] is not eligible for getting processed by all BeanPostProcessors (for example: not eligible for auto-proxying)
2020-06-22 17:07:47.738 [main] INFO  o.s.c.s.PostProcessorRegistrationDelegate$BeanPostProcessorChecker - Bean 'cachingLBClientFactory' of type [org.springframework.cloud.openfeign.ribbon.CachingSpringLoadBalancerFactory] is not eligible for getting processed by all BeanPostProcessors (for example: not eligible for auto-proxying)
2020-06-22 17:07:47.742 [main] INFO  o.s.c.s.PostProcessorRegistrationDelegate$BeanPostProcessorChecker - Bean 'feignClient' of type [org.springframework.cloud.openfeign.ribbon.LoadBalancerFeignClient] is not eligible for getting processed by all BeanPostProcessors (for example: not eligible for auto-proxying)
2020-06-22 17:07:47.766 [main] INFO  o.s.c.s.PostProcessorRegistrationDelegate$BeanPostProcessorChecker - Bean 'feignHystrixBuilder' of type [feign.hystrix.HystrixFeign$Builder] is not eligible for getting processed by all BeanPostProcessors (for example: not eligible for auto-proxying)
2020-06-22 17:07:47.776 [main] INFO  o.s.c.s.PostProcessorRegistrationDelegate$BeanPostProcessorChecker - Bean 'feign.client-org.springframework.cloud.openfeign.FeignClientProperties' of type [org.springframework.cloud.openfeign.FeignClientProperties] is not eligible for getting processed by all BeanPostProcessors (for example: not eligible for auto-proxying)
2020-06-22 17:07:47.780 [main] INFO  o.s.c.s.PostProcessorRegistrationDelegate$BeanPostProcessorChecker - Bean 'feignConfig' of type [com.yj.config.FeignConfig$$EnhancerBySpringCGLIB$$305c09d0] is not eligible for getting processed by all BeanPostProcessors (for example: not eligible for auto-proxying)
2020-06-22 17:07:47.784 [main] INFO  o.s.c.s.PostProcessorRegistrationDelegate$BeanPostProcessorChecker - Bean 'feignLoggerLevel' of type [feign.Logger$Level] is not eligible for getting processed by all BeanPostProcessors (for example: not eligible for auto-proxying)
2020-06-22 17:07:47.789 [main] INFO  o.s.c.s.PostProcessorRegistrationDelegate$BeanPostProcessorChecker - Bean 'feignRequestOptions' of type [feign.Request$Options] is not eligible for getting processed by all BeanPostProcessors (for example: not eligible for auto-proxying)
2020-06-22 17:07:47.795 [main] INFO  o.s.c.s.PostProcessorRegistrationDelegate$BeanPostProcessorChecker - Bean 'org.springframework.cloud.openfeign.FeignAutoConfiguration$HystrixFeignTargeterConfiguration' of type [org.springframework.cloud.openfeign.FeignAutoConfiguration$HystrixFeignTargeterConfiguration] is not eligible for getting processed by all BeanPostProcessors (for example: not eligible for auto-proxying)
2020-06-22 17:07:47.798 [main] INFO  o.s.c.s.PostProcessorRegistrationDelegate$BeanPostProcessorChecker - Bean 'feignTargeter' of type [org.springframework.cloud.openfeign.HystrixTargeter] is not eligible for getting processed by all BeanPostProcessors (for example: not eligible for auto-proxying)
2020-06-22 17:07:47.817 [main] INFO  o.s.c.s.PostProcessorRegistrationDelegate$BeanPostProcessorChecker - Bean 'com.yj.feign.IUserServiceFeign' of type [com.sun.proxy.$Proxy91] is not eligible for getting processed by all BeanPostProcessors (for example: not eligible for auto-proxying)
2020-06-22 17:07:47.820 [main] INFO  o.s.c.s.PostProcessorRegistrationDelegate$BeanPostProcessorChecker - Bean 'userRealm' of type [com.yj.shiro.UserRealm] is not eligible for getting processed by all BeanPostProcessors (for example: not eligible for auto-proxying)
2020-06-22 17:07:48.015 [main] INFO  o.s.c.s.PostProcessorRegistrationDelegate$BeanPostProcessorChecker - Bean 'securityManager' of type [org.apache.shiro.web.mgt.DefaultWebSecurityManager] is not eligible for getting processed by all BeanPostProcessors (for example: not eligible for auto-proxying)
2020-06-22 17:07:48.435 [main] INFO  o.s.boot.web.embedded.tomcat.TomcatWebServer - Tomcat initialized with port(s): 8080 (http)
2020-06-22 17:07:48.447 [main] INFO  org.apache.catalina.core.StandardService - Starting service [Tomcat]
2020-06-22 17:07:48.448 [main] INFO  org.apache.catalina.core.StandardEngine - Starting Servlet engine: [Apache Tomcat/9.0.33]
2020-06-22 17:07:48.647 [main] INFO  o.a.c.core.ContainerBase.[Tomcat].[localhost].[/] - Initializing Spring embedded WebApplicationContext
2020-06-22 17:07:48.648 [main] INFO  org.springframework.web.context.ContextLoader - Root WebApplicationContext: initialization completed in 2425 ms
2020-06-22 17:07:49.555 [main] INFO  s.d.s.w.PropertySourcedRequestMappingHandlerMapping - Mapped URL path [/v2/api-docs] onto method [springfox.documentation.swagger2.web.Swagger2Controller#getDocumentation(String, HttpServletRequest)]
2020-06-22 17:07:49.591 [main] INFO  com.netflix.config.sources.URLConfigurationSource - To enable URLs as dynamic configuration sources, define System property archaius.configurationSource.additionalUrls or make config.properties available on classpath.
2020-06-22 17:07:49.597 [main] INFO  com.netflix.config.sources.URLConfigurationSource - To enable URLs as dynamic configuration sources, define System property archaius.configurationSource.additionalUrls or make config.properties available on classpath.
2020-06-22 17:07:49.774 [main] INFO  o.s.scheduling.concurrent.ThreadPoolTaskExecutor - Initializing ExecutorService 'applicationTaskExecutor'
2020-06-22 17:07:49.879 [main] INFO  o.s.b.a.web.servlet.WelcomePageHandlerMapping - Adding welcome page template: index
2020-06-22 17:07:50.076 [main] INFO  o.s.scheduling.concurrent.ThreadPoolTaskScheduler - Initializing ExecutorService 'Nacso-Watch-Task-Scheduler'
2020-06-22 17:07:50.083 [main] INFO  com.alibaba.nacos.client.naming - initializer namespace from System Property :null
2020-06-22 17:07:50.083 [main] INFO  com.alibaba.nacos.client.naming - initializer namespace from System Environment :null
2020-06-22 17:07:50.084 [main] INFO  com.alibaba.nacos.client.naming - initializer namespace from System Property :null
2020-06-22 17:07:50.476 [main] INFO  s.d.s.web.plugins.DocumentationPluginsBootstrapper - Context refreshed
2020-06-22 17:07:50.489 [main] INFO  s.d.s.web.plugins.DocumentationPluginsBootstrapper - Found 1 custom documentation plugin(s)
2020-06-22 17:07:50.515 [main] INFO  s.d.spring.web.scanners.ApiListingReferenceScanner - Scanning for api listing references
2020-06-22 17:07:50.615 [main] INFO  o.s.boot.web.embedded.tomcat.TomcatWebServer - Tomcat started on port(s): 8080 (http) with context path ''
2020-06-22 17:07:50.618 [main] INFO  com.alibaba.nacos.client.naming - [BEAT] adding beat: {"cluster":"DEFAULT","ip":"172.18.18.7","metadata":{"preserved.register.source":"SPRING_CLOUD"},"period":5000,"port":8080,"scheduled":false,"serviceName":"DEFAULT_GROUP@@app-yj-ui","stopped":false,"weight":1.0} to beat map.
2020-06-22 17:07:50.705 [main] INFO  com.alibaba.nacos.client.naming - [REGISTER-SERVICE] public registering service DEFAULT_GROUP@@app-yj-ui with instance: {"clusterName":"DEFAULT","enabled":true,"ephemeral":true,"healthy":true,"instanceHeartBeatInterval":5000,"instanceHeartBeatTimeOut":15000,"ip":"172.18.18.7","ipDeleteTimeout":30000,"metadata":{"preserved.register.source":"SPRING_CLOUD"},"port":8080,"weight":1.0}
2020-06-22 17:07:50.714 [main] INFO  c.a.cloud.nacos.registry.NacosServiceRegistry - nacos registry, DEFAULT_GROUP app-yj-ui 172.18.18.7:8080 register finished
2020-06-22 17:07:50.772 [main] INFO  com.yj.UIApplicaton - Started UIApplicaton in 6.373 seconds (JVM running for 7.309)
2020-06-22 17:07:50.776 [main] INFO  com.alibaba.nacos.client.config.impl.ClientWorker - [fixed-localhost_8848] [subscribe] app-yj-ui+DEFAULT_GROUP
2020-06-22 17:07:50.776 [main] INFO  com.alibaba.nacos.client.config.impl.CacheData - [fixed-localhost_8848] [add-listener] ok, tenant=, dataId=app-yj-ui, group=DEFAULT_GROUP, cnt=1
2020-06-22 17:07:50.777 [main] INFO  com.alibaba.nacos.client.config.impl.ClientWorker - [fixed-localhost_8848] [subscribe] app-yj-ui.properties+DEFAULT_GROUP
2020-06-22 17:07:50.777 [main] INFO  com.alibaba.nacos.client.config.impl.CacheData - [fixed-localhost_8848] [add-listener] ok, tenant=, dataId=app-yj-ui.properties, group=DEFAULT_GROUP, cnt=1
2020-06-22 17:07:57.961 [http-nio-8080-exec-1] INFO  o.a.c.core.ContainerBase.[Tomcat].[localhost].[/] - Initializing Spring DispatcherServlet 'dispatcherServlet'
2020-06-22 17:07:57.962 [http-nio-8080-exec-1] INFO  org.springframework.web.servlet.DispatcherServlet - Initializing Servlet 'dispatcherServlet'
2020-06-22 17:07:57.974 [http-nio-8080-exec-1] INFO  org.springframework.web.servlet.DispatcherServlet - Completed initialization in 12 ms
2020-06-22 17:08:07.663 [hystrix-app-yj-member-1] INFO  com.netflix.config.ChainedDynamicProperty - Flipping property: app-yj-member.ribbon.ActiveConnectionsLimit to use NEXT property: niws.loadbalancer.availabilityFilteringRule.activeConnectionsLimit = 2147483647
2020-06-22 17:08:07.680 [hystrix-app-yj-member-1] INFO  com.netflix.loadbalancer.BaseLoadBalancer - Client: app-yj-member instantiated a LoadBalancer: DynamicServerListLoadBalancer:{NFLoadBalancer:name=app-yj-member,current list of Servers=[],Load balancer stats=Zone stats: {},Server stats: []}ServerList:null
2020-06-22 17:08:07.686 [hystrix-app-yj-member-1] INFO  c.n.loadbalancer.DynamicServerListLoadBalancer - Using serverListUpdater PollingServerListUpdater
2020-06-22 17:08:07.706 [hystrix-app-yj-member-1] INFO  com.alibaba.nacos.client.naming - new ips(1) service: DEFAULT_GROUP@@app-yj-member -> [{"clusterName":"DEFAULT","enabled":true,"ephemeral":true,"healthy":true,"instanceHeartBeatInterval":5000,"instanceHeartBeatTimeOut":15000,"instanceId":"172.18.18.7#9500#DEFAULT#DEFAULT_GROUP@@app-yj-member","ip":"172.18.18.7","ipDeleteTimeout":30000,"metadata":{"preserved.register.source":"SPRING_CLOUD"},"port":9500,"serviceName":"DEFAULT_GROUP@@app-yj-member","weight":1.0}]
2020-06-22 17:08:07.712 [hystrix-app-yj-member-1] INFO  com.alibaba.nacos.client.naming - current ips:(1) service: DEFAULT_GROUP@@app-yj-member -> [{"clusterName":"DEFAULT","enabled":true,"ephemeral":true,"healthy":true,"instanceHeartBeatInterval":5000,"instanceHeartBeatTimeOut":15000,"instanceId":"172.18.18.7#9500#DEFAULT#DEFAULT_GROUP@@app-yj-member","ip":"172.18.18.7","ipDeleteTimeout":30000,"metadata":{"preserved.register.source":"SPRING_CLOUD"},"port":9500,"serviceName":"DEFAULT_GROUP@@app-yj-member","weight":1.0}]
2020-06-22 17:08:07.723 [hystrix-app-yj-member-1] INFO  com.netflix.config.ChainedDynamicProperty - Flipping property: app-yj-member.ribbon.ActiveConnectionsLimit to use NEXT property: niws.loadbalancer.availabilityFilteringRule.activeConnectionsLimit = 2147483647
2020-06-22 17:08:07.724 [hystrix-app-yj-member-1] INFO  c.n.loadbalancer.DynamicServerListLoadBalancer - DynamicServerListLoadBalancer for client app-yj-member initialized: DynamicServerListLoadBalancer:{NFLoadBalancer:name=app-yj-member,current list of Servers=[172.18.18.7:9500],Load balancer stats=Zone stats: {unknown=[Zone:unknown;	Instance count:1;	Active connections count: 0;	Circuit breaker tripped count: 0;	Active connections per server: 0.0;]
},Server stats: [[Server:172.18.18.7:9500;	Zone:UNKNOWN;	Total Requests:0;	Successive connection failure:0;	Total blackout seconds:0;	Last connection made:Thu Jan 01 08:00:00 CST 1970;	First connection made: Thu Jan 01 08:00:00 CST 1970;	Active Connections:0;	total failure count in last (1000) msecs:0;	average resp time:0.0;	90 percentile resp time:0.0;	95 percentile resp time:0.0;	min resp time:0.0;	max resp time:0.0;	stddev resp time:0.0]
]}ServerList:com.alibaba.cloud.nacos.ribbon.NacosServerList@693739a
2020-06-22 17:08:08.690 [PollingServerListUpdater-0] INFO  com.netflix.config.ChainedDynamicProperty - Flipping property: app-yj-member.ribbon.ActiveConnectionsLimit to use NEXT property: niws.loadbalancer.availabilityFilteringRule.activeConnectionsLimit = 2147483647
2020-06-22 17:11:07.094 [main] INFO  c.a.n.client.config.impl.LocalConfigInfoProcessor - LOCAL_SNAPSHOT_PATH:C:\Users\917110140\nacos\config
2020-06-22 17:11:07.120 [main] INFO  com.alibaba.nacos.client.config.impl.Limiter - limitTime:5.0
2020-06-22 17:11:07.162 [main] INFO  o.s.c.b.c.PropertySourceBootstrapConfiguration - Located property source: [BootstrapPropertySource {name='bootstrapProperties-app-yj-ui.properties,DEFAULT_GROUP'}, BootstrapPropertySource {name='bootstrapProperties-app-yj-ui,DEFAULT_GROUP'}]
2020-06-22 17:11:07.283 [main] INFO  com.yj.UIApplicaton - No active profile set, falling back to default profiles: default
2020-06-22 17:11:08.255 [main] INFO  o.springframework.cloud.context.scope.GenericScope - BeanFactory id=e14b49b0-b3fc-376b-a798-bbb113d37be2
2020-06-22 17:11:08.507 [main] INFO  o.s.c.s.PostProcessorRegistrationDelegate$BeanPostProcessorChecker - Bean 'shiroConfig' of type [com.yj.shiro.ShiroConfig$$EnhancerBySpringCGLIB$$128e7775] is not eligible for getting processed by all BeanPostProcessors (for example: not eligible for auto-proxying)
2020-06-22 17:11:08.535 [main] INFO  o.s.c.s.PostProcessorRegistrationDelegate$BeanPostProcessorChecker - Bean 'default.com.yj.UIApplicaton.FeignClientSpecification' of type [org.springframework.cloud.openfeign.FeignClientSpecification] is not eligible for getting processed by all BeanPostProcessors (for example: not eligible for auto-proxying)
2020-06-22 17:11:08.542 [main] INFO  o.s.c.s.PostProcessorRegistrationDelegate$BeanPostProcessorChecker - Bean 'app-yj-member.FeignClientSpecification' of type [org.springframework.cloud.openfeign.FeignClientSpecification] is not eligible for getting processed by all BeanPostProcessors (for example: not eligible for auto-proxying)
2020-06-22 17:11:08.543 [main] INFO  o.s.c.s.PostProcessorRegistrationDelegate$BeanPostProcessorChecker - Bean 'app-yj-core.FeignClientSpecification' of type [org.springframework.cloud.openfeign.FeignClientSpecification] is not eligible for getting processed by all BeanPostProcessors (for example: not eligible for auto-proxying)
2020-06-22 17:11:08.545 [main] INFO  o.s.c.s.PostProcessorRegistrationDelegate$BeanPostProcessorChecker - Bean 'org.springframework.cloud.openfeign.FeignAutoConfiguration' of type [org.springframework.cloud.openfeign.FeignAutoConfiguration] is not eligible for getting processed by all BeanPostProcessors (for example: not eligible for auto-proxying)
2020-06-22 17:11:08.549 [main] INFO  o.s.c.s.PostProcessorRegistrationDelegate$BeanPostProcessorChecker - Bean 'feignContext' of type [org.springframework.cloud.openfeign.FeignContext] is not eligible for getting processed by all BeanPostProcessors (for example: not eligible for auto-proxying)
2020-06-22 17:11:08.604 [main] INFO  o.s.c.s.PostProcessorRegistrationDelegate$BeanPostProcessorChecker - Bean 'org.springframework.cloud.sleuth.instrument.web.client.feign.TraceFeignClientAutoConfiguration' of type [org.springframework.cloud.sleuth.instrument.web.client.feign.TraceFeignClientAutoConfiguration] is not eligible for getting processed by all BeanPostProcessors (for example: not eligible for auto-proxying)
2020-06-22 17:11:08.635 [main] INFO  o.s.c.s.PostProcessorRegistrationDelegate$BeanPostProcessorChecker - Bean 'org.springframework.cloud.openfeign.ribbon.DefaultFeignLoadBalancedConfiguration' of type [org.springframework.cloud.openfeign.ribbon.DefaultFeignLoadBalancedConfiguration] is not eligible for getting processed by all BeanPostProcessors (for example: not eligible for auto-proxying)
2020-06-22 17:11:08.638 [main] INFO  o.s.c.s.PostProcessorRegistrationDelegate$BeanPostProcessorChecker - Bean 'org.springframework.cloud.openfeign.ribbon.FeignRibbonClientAutoConfiguration' of type [org.springframework.cloud.openfeign.ribbon.FeignRibbonClientAutoConfiguration] is not eligible for getting processed by all BeanPostProcessors (for example: not eligible for auto-proxying)
2020-06-22 17:11:08.643 [main] INFO  o.s.c.s.PostProcessorRegistrationDelegate$BeanPostProcessorChecker - Bean 'default.org.springframework.cloud.netflix.ribbon.RibbonAutoConfiguration.RibbonClientSpecification' of type [org.springframework.cloud.netflix.ribbon.RibbonClientSpecification] is not eligible for getting processed by all BeanPostProcessors (for example: not eligible for auto-proxying)
2020-06-22 17:11:08.646 [main] INFO  o.s.c.s.PostProcessorRegistrationDelegate$BeanPostProcessorChecker - Bean 'default.com.alibaba.cloud.nacos.ribbon.RibbonNacosAutoConfiguration.RibbonClientSpecification' of type [org.springframework.cloud.netflix.ribbon.RibbonClientSpecification] is not eligible for getting processed by all BeanPostProcessors (for example: not eligible for auto-proxying)
2020-06-22 17:11:08.652 [main] INFO  o.s.c.s.PostProcessorRegistrationDelegate$BeanPostProcessorChecker - Bean 'ribbon.eager-load-org.springframework.cloud.netflix.ribbon.RibbonEagerLoadProperties' of type [org.springframework.cloud.netflix.ribbon.RibbonEagerLoadProperties] is not eligible for getting processed by all BeanPostProcessors (for example: not eligible for auto-proxying)
2020-06-22 17:11:08.654 [main] INFO  o.s.c.s.PostProcessorRegistrationDelegate$BeanPostProcessorChecker - Bean 'org.springframework.cloud.netflix.ribbon.RibbonAutoConfiguration' of type [org.springframework.cloud.netflix.ribbon.RibbonAutoConfiguration$$EnhancerBySpringCGLIB$$68ae7c84] is not eligible for getting processed by all BeanPostProcessors (for example: not eligible for auto-proxying)
2020-06-22 17:11:08.662 [main] INFO  o.s.c.s.PostProcessorRegistrationDelegate$BeanPostProcessorChecker - Bean 'springClientFactory' of type [org.springframework.cloud.netflix.ribbon.SpringClientFactory] is not eligible for getting processed by all BeanPostProcessors (for example: not eligible for auto-proxying)
2020-06-22 17:11:08.667 [main] INFO  o.s.c.s.PostProcessorRegistrationDelegate$BeanPostProcessorChecker - Bean 'cachingLBClientFactory' of type [org.springframework.cloud.openfeign.ribbon.CachingSpringLoadBalancerFactory] is not eligible for getting processed by all BeanPostProcessors (for example: not eligible for auto-proxying)
2020-06-22 17:11:08.670 [main] INFO  o.s.c.s.PostProcessorRegistrationDelegate$BeanPostProcessorChecker - Bean 'feignClient' of type [org.springframework.cloud.openfeign.ribbon.LoadBalancerFeignClient] is not eligible for getting processed by all BeanPostProcessors (for example: not eligible for auto-proxying)
2020-06-22 17:11:08.692 [main] INFO  o.s.c.s.PostProcessorRegistrationDelegate$BeanPostProcessorChecker - Bean 'feignHystrixBuilder' of type [feign.hystrix.HystrixFeign$Builder] is not eligible for getting processed by all BeanPostProcessors (for example: not eligible for auto-proxying)
2020-06-22 17:11:08.702 [main] INFO  o.s.c.s.PostProcessorRegistrationDelegate$BeanPostProcessorChecker - Bean 'feign.client-org.springframework.cloud.openfeign.FeignClientProperties' of type [org.springframework.cloud.openfeign.FeignClientProperties] is not eligible for getting processed by all BeanPostProcessors (for example: not eligible for auto-proxying)
2020-06-22 17:11:08.706 [main] INFO  o.s.c.s.PostProcessorRegistrationDelegate$BeanPostProcessorChecker - Bean 'feignConfig' of type [com.yj.config.FeignConfig$$EnhancerBySpringCGLIB$$aaeeb906] is not eligible for getting processed by all BeanPostProcessors (for example: not eligible for auto-proxying)
2020-06-22 17:11:08.710 [main] INFO  o.s.c.s.PostProcessorRegistrationDelegate$BeanPostProcessorChecker - Bean 'feignLoggerLevel' of type [feign.Logger$Level] is not eligible for getting processed by all BeanPostProcessors (for example: not eligible for auto-proxying)
2020-06-22 17:11:08.716 [main] INFO  o.s.c.s.PostProcessorRegistrationDelegate$BeanPostProcessorChecker - Bean 'feignRequestOptions' of type [feign.Request$Options] is not eligible for getting processed by all BeanPostProcessors (for example: not eligible for auto-proxying)
2020-06-22 17:11:08.722 [main] INFO  o.s.c.s.PostProcessorRegistrationDelegate$BeanPostProcessorChecker - Bean 'org.springframework.cloud.openfeign.FeignAutoConfiguration$HystrixFeignTargeterConfiguration' of type [org.springframework.cloud.openfeign.FeignAutoConfiguration$HystrixFeignTargeterConfiguration] is not eligible for getting processed by all BeanPostProcessors (for example: not eligible for auto-proxying)
2020-06-22 17:11:08.725 [main] INFO  o.s.c.s.PostProcessorRegistrationDelegate$BeanPostProcessorChecker - Bean 'feignTargeter' of type [org.springframework.cloud.openfeign.HystrixTargeter] is not eligible for getting processed by all BeanPostProcessors (for example: not eligible for auto-proxying)
2020-06-22 17:11:08.744 [main] INFO  o.s.c.s.PostProcessorRegistrationDelegate$BeanPostProcessorChecker - Bean 'com.yj.feign.IUserServiceFeign' of type [com.sun.proxy.$Proxy91] is not eligible for getting processed by all BeanPostProcessors (for example: not eligible for auto-proxying)
2020-06-22 17:11:08.748 [main] INFO  o.s.c.s.PostProcessorRegistrationDelegate$BeanPostProcessorChecker - Bean 'userRealm' of type [com.yj.shiro.UserRealm] is not eligible for getting processed by all BeanPostProcessors (for example: not eligible for auto-proxying)
2020-06-22 17:11:08.930 [main] INFO  o.s.c.s.PostProcessorRegistrationDelegate$BeanPostProcessorChecker - Bean 'securityManager' of type [org.apache.shiro.web.mgt.DefaultWebSecurityManager] is not eligible for getting processed by all BeanPostProcessors (for example: not eligible for auto-proxying)
2020-06-22 17:11:09.319 [main] INFO  o.s.boot.web.embedded.tomcat.TomcatWebServer - Tomcat initialized with port(s): 8080 (http)
2020-06-22 17:11:09.330 [main] INFO  org.apache.catalina.core.StandardService - Starting service [Tomcat]
2020-06-22 17:11:09.331 [main] INFO  org.apache.catalina.core.StandardEngine - Starting Servlet engine: [Apache Tomcat/9.0.33]
2020-06-22 17:11:09.510 [main] INFO  o.a.c.core.ContainerBase.[Tomcat].[localhost].[/] - Initializing Spring embedded WebApplicationContext
2020-06-22 17:11:09.510 [main] INFO  org.springframework.web.context.ContextLoader - Root WebApplicationContext: initialization completed in 2210 ms
2020-06-22 17:11:10.406 [main] INFO  s.d.s.w.PropertySourcedRequestMappingHandlerMapping - Mapped URL path [/v2/api-docs] onto method [springfox.documentation.swagger2.web.Swagger2Controller#getDocumentation(String, HttpServletRequest)]
2020-06-22 17:11:10.440 [main] INFO  com.netflix.config.sources.URLConfigurationSource - To enable URLs as dynamic configuration sources, define System property archaius.configurationSource.additionalUrls or make config.properties available on classpath.
2020-06-22 17:11:10.445 [main] INFO  com.netflix.config.sources.URLConfigurationSource - To enable URLs as dynamic configuration sources, define System property archaius.configurationSource.additionalUrls or make config.properties available on classpath.
2020-06-22 17:11:10.604 [main] INFO  o.s.scheduling.concurrent.ThreadPoolTaskExecutor - Initializing ExecutorService 'applicationTaskExecutor'
2020-06-22 17:11:10.671 [main] INFO  o.s.b.a.web.servlet.WelcomePageHandlerMapping - Adding welcome page template: index
2020-06-22 17:11:10.869 [main] INFO  o.s.scheduling.concurrent.ThreadPoolTaskScheduler - Initializing ExecutorService 'Nacso-Watch-Task-Scheduler'
2020-06-22 17:11:10.876 [main] INFO  com.alibaba.nacos.client.naming - initializer namespace from System Property :null
2020-06-22 17:11:10.877 [main] INFO  com.alibaba.nacos.client.naming - initializer namespace from System Environment :null
2020-06-22 17:11:10.878 [main] INFO  com.alibaba.nacos.client.naming - initializer namespace from System Property :null
2020-06-22 17:11:11.300 [main] INFO  s.d.s.web.plugins.DocumentationPluginsBootstrapper - Context refreshed
2020-06-22 17:11:11.314 [main] INFO  s.d.s.web.plugins.DocumentationPluginsBootstrapper - Found 1 custom documentation plugin(s)
2020-06-22 17:11:11.344 [main] INFO  s.d.spring.web.scanners.ApiListingReferenceScanner - Scanning for api listing references
2020-06-22 17:11:11.460 [main] INFO  o.s.boot.web.embedded.tomcat.TomcatWebServer - Tomcat started on port(s): 8080 (http) with context path ''
2020-06-22 17:11:11.464 [main] INFO  com.alibaba.nacos.client.naming - [BEAT] adding beat: {"cluster":"DEFAULT","ip":"172.18.18.7","metadata":{"preserved.register.source":"SPRING_CLOUD"},"period":5000,"port":8080,"scheduled":false,"serviceName":"DEFAULT_GROUP@@app-yj-ui","stopped":false,"weight":1.0} to beat map.
2020-06-22 17:11:11.562 [main] INFO  com.alibaba.nacos.client.naming - [REGISTER-SERVICE] public registering service DEFAULT_GROUP@@app-yj-ui with instance: {"clusterName":"DEFAULT","enabled":true,"ephemeral":true,"healthy":true,"instanceHeartBeatInterval":5000,"instanceHeartBeatTimeOut":15000,"ip":"172.18.18.7","ipDeleteTimeout":30000,"metadata":{"preserved.register.source":"SPRING_CLOUD"},"port":8080,"weight":1.0}
2020-06-22 17:11:11.575 [main] INFO  c.a.cloud.nacos.registry.NacosServiceRegistry - nacos registry, DEFAULT_GROUP app-yj-ui 172.18.18.7:8080 register finished
2020-06-22 17:11:11.685 [main] INFO  com.yj.UIApplicaton - Started UIApplicaton in 5.854 seconds (JVM running for 8.052)
2020-06-22 17:11:11.690 [main] INFO  com.alibaba.nacos.client.config.impl.ClientWorker - [fixed-localhost_8848] [subscribe] app-yj-ui+DEFAULT_GROUP
2020-06-22 17:11:11.691 [main] INFO  com.alibaba.nacos.client.config.impl.CacheData - [fixed-localhost_8848] [add-listener] ok, tenant=, dataId=app-yj-ui, group=DEFAULT_GROUP, cnt=1
2020-06-22 17:11:11.691 [main] INFO  com.alibaba.nacos.client.config.impl.ClientWorker - [fixed-localhost_8848] [subscribe] app-yj-ui.properties+DEFAULT_GROUP
2020-06-22 17:11:11.692 [main] INFO  com.alibaba.nacos.client.config.impl.CacheData - [fixed-localhost_8848] [add-listener] ok, tenant=, dataId=app-yj-ui.properties, group=DEFAULT_GROUP, cnt=1
2020-06-22 17:11:42.355 [http-nio-8080-exec-1] INFO  o.a.c.core.ContainerBase.[Tomcat].[localhost].[/] - Initializing Spring DispatcherServlet 'dispatcherServlet'
2020-06-22 17:11:42.357 [http-nio-8080-exec-1] INFO  org.springframework.web.servlet.DispatcherServlet - Initializing Servlet 'dispatcherServlet'
2020-06-22 17:11:42.375 [http-nio-8080-exec-1] INFO  org.springframework.web.servlet.DispatcherServlet - Completed initialization in 15 ms
2020-06-22 17:11:42.794 [hystrix-app-yj-member-1] INFO  com.netflix.config.ChainedDynamicProperty - Flipping property: app-yj-member.ribbon.ActiveConnectionsLimit to use NEXT property: niws.loadbalancer.availabilityFilteringRule.activeConnectionsLimit = 2147483647
2020-06-22 17:11:42.810 [hystrix-app-yj-member-1] INFO  com.netflix.loadbalancer.BaseLoadBalancer - Client: app-yj-member instantiated a LoadBalancer: DynamicServerListLoadBalancer:{NFLoadBalancer:name=app-yj-member,current list of Servers=[],Load balancer stats=Zone stats: {},Server stats: []}ServerList:null
2020-06-22 17:11:42.816 [hystrix-app-yj-member-1] INFO  c.n.loadbalancer.DynamicServerListLoadBalancer - Using serverListUpdater PollingServerListUpdater
2020-06-22 17:11:42.835 [hystrix-app-yj-member-1] INFO  com.alibaba.nacos.client.naming - new ips(1) service: DEFAULT_GROUP@@app-yj-member -> [{"clusterName":"DEFAULT","enabled":true,"ephemeral":true,"healthy":true,"instanceHeartBeatInterval":5000,"instanceHeartBeatTimeOut":15000,"instanceId":"172.18.18.7#9500#DEFAULT#DEFAULT_GROUP@@app-yj-member","ip":"172.18.18.7","ipDeleteTimeout":30000,"metadata":{"preserved.register.source":"SPRING_CLOUD"},"port":9500,"serviceName":"DEFAULT_GROUP@@app-yj-member","weight":1.0}]
2020-06-22 17:11:42.840 [hystrix-app-yj-member-1] INFO  com.alibaba.nacos.client.naming - current ips:(1) service: DEFAULT_GROUP@@app-yj-member -> [{"clusterName":"DEFAULT","enabled":true,"ephemeral":true,"healthy":true,"instanceHeartBeatInterval":5000,"instanceHeartBeatTimeOut":15000,"instanceId":"172.18.18.7#9500#DEFAULT#DEFAULT_GROUP@@app-yj-member","ip":"172.18.18.7","ipDeleteTimeout":30000,"metadata":{"preserved.register.source":"SPRING_CLOUD"},"port":9500,"serviceName":"DEFAULT_GROUP@@app-yj-member","weight":1.0}]
2020-06-22 17:11:42.852 [hystrix-app-yj-member-1] INFO  com.netflix.config.ChainedDynamicProperty - Flipping property: app-yj-member.ribbon.ActiveConnectionsLimit to use NEXT property: niws.loadbalancer.availabilityFilteringRule.activeConnectionsLimit = 2147483647
2020-06-22 17:11:42.853 [hystrix-app-yj-member-1] INFO  c.n.loadbalancer.DynamicServerListLoadBalancer - DynamicServerListLoadBalancer for client app-yj-member initialized: DynamicServerListLoadBalancer:{NFLoadBalancer:name=app-yj-member,current list of Servers=[172.18.18.7:9500],Load balancer stats=Zone stats: {unknown=[Zone:unknown;	Instance count:1;	Active connections count: 0;	Circuit breaker tripped count: 0;	Active connections per server: 0.0;]
},Server stats: [[Server:172.18.18.7:9500;	Zone:UNKNOWN;	Total Requests:0;	Successive connection failure:0;	Total blackout seconds:0;	Last connection made:Thu Jan 01 08:00:00 CST 1970;	First connection made: Thu Jan 01 08:00:00 CST 1970;	Active Connections:0;	total failure count in last (1000) msecs:0;	average resp time:0.0;	90 percentile resp time:0.0;	95 percentile resp time:0.0;	min resp time:0.0;	max resp time:0.0;	stddev resp time:0.0]
]}ServerList:com.alibaba.cloud.nacos.ribbon.NacosServerList@785e041e
2020-06-22 17:11:43.819 [PollingServerListUpdater-0] INFO  com.netflix.config.ChainedDynamicProperty - Flipping property: app-yj-member.ribbon.ActiveConnectionsLimit to use NEXT property: niws.loadbalancer.availabilityFilteringRule.activeConnectionsLimit = 2147483647
