2020-06-23 09:38:19.751 [main] INFO  c.a.n.client.config.impl.LocalConfigInfoProcessor - LOCAL_SNAPSHOT_PATH:C:\Users\917110140\nacos\config
2020-06-23 09:38:19.791 [main] INFO  com.alibaba.nacos.client.config.impl.Limiter - limitTime:5.0
2020-06-23 09:38:19.841 [main] INFO  o.s.c.b.c.PropertySourceBootstrapConfiguration - Located property source: [BootstrapPropertySource {name='bootstrapProperties-app-yj-ui.properties,DEFAULT_GROUP'}, BootstrapPropertySource {name='bootstrapProperties-app-yj-ui,DEFAULT_GROUP'}]
2020-06-23 09:38:19.970 [main] INFO  com.yj.UIApplicaton - No active profile set, falling back to default profiles: default
2020-06-23 09:38:21.116 [main] INFO  o.springframework.cloud.context.scope.GenericScope - BeanFactory id=e14b49b0-b3fc-376b-a798-bbb113d37be2
2020-06-23 09:38:21.375 [main] INFO  o.s.c.s.PostProcessorRegistrationDelegate$BeanPostProcessorChecker - Bean 'shiroConfig' of type [com.yj.shiro.ShiroConfig$$EnhancerBySpringCGLIB$$b03a69f3] is not eligible for getting processed by all BeanPostProcessors (for example: not eligible for auto-proxying)
2020-06-23 09:38:21.403 [main] INFO  o.s.c.s.PostProcessorRegistrationDelegate$BeanPostProcessorChecker - Bean 'default.com.yj.UIApplicaton.FeignClientSpecification' of type [org.springframework.cloud.openfeign.FeignClientSpecification] is not eligible for getting processed by all BeanPostProcessors (for example: not eligible for auto-proxying)
2020-06-23 09:38:21.410 [main] INFO  o.s.c.s.PostProcessorRegistrationDelegate$BeanPostProcessorChecker - Bean 'app-yj-member.FeignClientSpecification' of type [org.springframework.cloud.openfeign.FeignClientSpecification] is not eligible for getting processed by all BeanPostProcessors (for example: not eligible for auto-proxying)
2020-06-23 09:38:21.411 [main] INFO  o.s.c.s.PostProcessorRegistrationDelegate$BeanPostProcessorChecker - Bean 'app-yj-core.FeignClientSpecification' of type [org.springframework.cloud.openfeign.FeignClientSpecification] is not eligible for getting processed by all BeanPostProcessors (for example: not eligible for auto-proxying)
2020-06-23 09:38:21.413 [main] INFO  o.s.c.s.PostProcessorRegistrationDelegate$BeanPostProcessorChecker - Bean 'org.springframework.cloud.openfeign.FeignAutoConfiguration' of type [org.springframework.cloud.openfeign.FeignAutoConfiguration] is not eligible for getting processed by all BeanPostProcessors (for example: not eligible for auto-proxying)
2020-06-23 09:38:21.417 [main] INFO  o.s.c.s.PostProcessorRegistrationDelegate$BeanPostProcessorChecker - Bean 'feignContext' of type [org.springframework.cloud.openfeign.FeignContext] is not eligible for getting processed by all BeanPostProcessors (for example: not eligible for auto-proxying)
2020-06-23 09:38:21.473 [main] INFO  o.s.c.s.PostProcessorRegistrationDelegate$BeanPostProcessorChecker - Bean 'org.springframework.cloud.sleuth.instrument.web.client.feign.TraceFeignClientAutoConfiguration' of type [org.springframework.cloud.sleuth.instrument.web.client.feign.TraceFeignClientAutoConfiguration] is not eligible for getting processed by all BeanPostProcessors (for example: not eligible for auto-proxying)
2020-06-23 09:38:21.491 [main] INFO  o.s.c.s.PostProcessorRegistrationDelegate$BeanPostProcessorChecker - Bean 'org.springframework.cloud.openfeign.ribbon.DefaultFeignLoadBalancedConfiguration' of type [org.springframework.cloud.openfeign.ribbon.DefaultFeignLoadBalancedConfiguration] is not eligible for getting processed by all BeanPostProcessors (for example: not eligible for auto-proxying)
2020-06-23 09:38:21.495 [main] INFO  o.s.c.s.PostProcessorRegistrationDelegate$BeanPostProcessorChecker - Bean 'org.springframework.cloud.openfeign.ribbon.FeignRibbonClientAutoConfiguration' of type [org.springframework.cloud.openfeign.ribbon.FeignRibbonClientAutoConfiguration] is not eligible for getting processed by all BeanPostProcessors (for example: not eligible for auto-proxying)
2020-06-23 09:38:21.500 [main] INFO  o.s.c.s.PostProcessorRegistrationDelegate$BeanPostProcessorChecker - Bean 'default.org.springframework.cloud.netflix.ribbon.RibbonAutoConfiguration.RibbonClientSpecification' of type [org.springframework.cloud.netflix.ribbon.RibbonClientSpecification] is not eligible for getting processed by all BeanPostProcessors (for example: not eligible for auto-proxying)
2020-06-23 09:38:21.503 [main] INFO  o.s.c.s.PostProcessorRegistrationDelegate$BeanPostProcessorChecker - Bean 'default.com.alibaba.cloud.nacos.ribbon.RibbonNacosAutoConfiguration.RibbonClientSpecification' of type [org.springframework.cloud.netflix.ribbon.RibbonClientSpecification] is not eligible for getting processed by all BeanPostProcessors (for example: not eligible for auto-proxying)
2020-06-23 09:38:21.509 [main] INFO  o.s.c.s.PostProcessorRegistrationDelegate$BeanPostProcessorChecker - Bean 'ribbon.eager-load-org.springframework.cloud.netflix.ribbon.RibbonEagerLoadProperties' of type [org.springframework.cloud.netflix.ribbon.RibbonEagerLoadProperties] is not eligible for getting processed by all BeanPostProcessors (for example: not eligible for auto-proxying)
2020-06-23 09:38:21.511 [main] INFO  o.s.c.s.PostProcessorRegistrationDelegate$BeanPostProcessorChecker - Bean 'org.springframework.cloud.netflix.ribbon.RibbonAutoConfiguration' of type [org.springframework.cloud.netflix.ribbon.RibbonAutoConfiguration$$EnhancerBySpringCGLIB$$65a6f02] is not eligible for getting processed by all BeanPostProcessors (for example: not eligible for auto-proxying)
2020-06-23 09:38:21.520 [main] INFO  o.s.c.s.PostProcessorRegistrationDelegate$BeanPostProcessorChecker - Bean 'springClientFactory' of type [org.springframework.cloud.netflix.ribbon.SpringClientFactory] is not eligible for getting processed by all BeanPostProcessors (for example: not eligible for auto-proxying)
2020-06-23 09:38:21.525 [main] INFO  o.s.c.s.PostProcessorRegistrationDelegate$BeanPostProcessorChecker - Bean 'cachingLBClientFactory' of type [org.springframework.cloud.openfeign.ribbon.CachingSpringLoadBalancerFactory] is not eligible for getting processed by all BeanPostProcessors (for example: not eligible for auto-proxying)
2020-06-23 09:38:21.528 [main] INFO  o.s.c.s.PostProcessorRegistrationDelegate$BeanPostProcessorChecker - Bean 'feignClient' of type [org.springframework.cloud.openfeign.ribbon.LoadBalancerFeignClient] is not eligible for getting processed by all BeanPostProcessors (for example: not eligible for auto-proxying)
2020-06-23 09:38:21.551 [main] INFO  o.s.c.s.PostProcessorRegistrationDelegate$BeanPostProcessorChecker - Bean 'feignHystrixBuilder' of type [feign.hystrix.HystrixFeign$Builder] is not eligible for getting processed by all BeanPostProcessors (for example: not eligible for auto-proxying)
2020-06-23 09:38:21.564 [main] INFO  o.s.c.s.PostProcessorRegistrationDelegate$BeanPostProcessorChecker - Bean 'feign.client-org.springframework.cloud.openfeign.FeignClientProperties' of type [org.springframework.cloud.openfeign.FeignClientProperties] is not eligible for getting processed by all BeanPostProcessors (for example: not eligible for auto-proxying)
2020-06-23 09:38:21.569 [main] INFO  o.s.c.s.PostProcessorRegistrationDelegate$BeanPostProcessorChecker - Bean 'feignConfig' of type [com.yj.config.FeignConfig$$EnhancerBySpringCGLIB$$489aab84] is not eligible for getting processed by all BeanPostProcessors (for example: not eligible for auto-proxying)
2020-06-23 09:38:21.574 [main] INFO  o.s.c.s.PostProcessorRegistrationDelegate$BeanPostProcessorChecker - Bean 'feignLoggerLevel' of type [feign.Logger$Level] is not eligible for getting processed by all BeanPostProcessors (for example: not eligible for auto-proxying)
2020-06-23 09:38:21.580 [main] INFO  o.s.c.s.PostProcessorRegistrationDelegate$BeanPostProcessorChecker - Bean 'feignRequestOptions' of type [feign.Request$Options] is not eligible for getting processed by all BeanPostProcessors (for example: not eligible for auto-proxying)
2020-06-23 09:38:21.591 [main] INFO  o.s.c.s.PostProcessorRegistrationDelegate$BeanPostProcessorChecker - Bean 'org.springframework.cloud.openfeign.FeignAutoConfiguration$HystrixFeignTargeterConfiguration' of type [org.springframework.cloud.openfeign.FeignAutoConfiguration$HystrixFeignTargeterConfiguration] is not eligible for getting processed by all BeanPostProcessors (for example: not eligible for auto-proxying)
2020-06-23 09:38:21.595 [main] INFO  o.s.c.s.PostProcessorRegistrationDelegate$BeanPostProcessorChecker - Bean 'feignTargeter' of type [org.springframework.cloud.openfeign.HystrixTargeter] is not eligible for getting processed by all BeanPostProcessors (for example: not eligible for auto-proxying)
2020-06-23 09:38:21.614 [main] INFO  o.s.c.s.PostProcessorRegistrationDelegate$BeanPostProcessorChecker - Bean 'com.yj.feign.IUserServiceFeign' of type [com.sun.proxy.$Proxy91] is not eligible for getting processed by all BeanPostProcessors (for example: not eligible for auto-proxying)
2020-06-23 09:38:21.618 [main] INFO  o.s.c.s.PostProcessorRegistrationDelegate$BeanPostProcessorChecker - Bean 'userRealm' of type [com.yj.shiro.UserRealm] is not eligible for getting processed by all BeanPostProcessors (for example: not eligible for auto-proxying)
2020-06-23 09:38:21.930 [main] INFO  o.s.c.s.PostProcessorRegistrationDelegate$BeanPostProcessorChecker - Bean 'securityManager' of type [org.apache.shiro.web.mgt.DefaultWebSecurityManager] is not eligible for getting processed by all BeanPostProcessors (for example: not eligible for auto-proxying)
2020-06-23 09:38:22.323 [main] INFO  o.s.boot.web.embedded.tomcat.TomcatWebServer - Tomcat initialized with port(s): 8080 (http)
2020-06-23 09:38:22.333 [main] INFO  org.apache.catalina.core.StandardService - Starting service [Tomcat]
2020-06-23 09:38:22.333 [main] INFO  org.apache.catalina.core.StandardEngine - Starting Servlet engine: [Apache Tomcat/9.0.33]
2020-06-23 09:38:22.509 [main] INFO  o.a.c.core.ContainerBase.[Tomcat].[localhost].[/] - Initializing Spring embedded WebApplicationContext
2020-06-23 09:38:22.511 [main] INFO  org.springframework.web.context.ContextLoader - Root WebApplicationContext: initialization completed in 2525 ms
2020-06-23 09:38:23.473 [main] INFO  s.d.s.w.PropertySourcedRequestMappingHandlerMapping - Mapped URL path [/v2/api-docs] onto method [springfox.documentation.swagger2.web.Swagger2Controller#getDocumentation(String, HttpServletRequest)]
2020-06-23 09:38:23.512 [main] INFO  com.netflix.config.sources.URLConfigurationSource - To enable URLs as dynamic configuration sources, define System property archaius.configurationSource.additionalUrls or make config.properties available on classpath.
2020-06-23 09:38:23.517 [main] INFO  com.netflix.config.sources.URLConfigurationSource - To enable URLs as dynamic configuration sources, define System property archaius.configurationSource.additionalUrls or make config.properties available on classpath.
2020-06-23 09:38:23.670 [main] INFO  o.s.scheduling.concurrent.ThreadPoolTaskExecutor - Initializing ExecutorService 'applicationTaskExecutor'
2020-06-23 09:38:23.738 [main] INFO  o.s.b.a.web.servlet.WelcomePageHandlerMapping - Adding welcome page template: index
2020-06-23 09:38:24.009 [main] INFO  o.s.scheduling.concurrent.ThreadPoolTaskScheduler - Initializing ExecutorService 'Nacso-Watch-Task-Scheduler'
2020-06-23 09:38:24.018 [main] INFO  com.alibaba.nacos.client.naming - initializer namespace from System Property :null
2020-06-23 09:38:24.019 [main] INFO  com.alibaba.nacos.client.naming - initializer namespace from System Environment :null
2020-06-23 09:38:24.019 [main] INFO  com.alibaba.nacos.client.naming - initializer namespace from System Property :null
2020-06-23 09:38:24.530 [main] INFO  s.d.s.web.plugins.DocumentationPluginsBootstrapper - Context refreshed
2020-06-23 09:38:24.544 [main] INFO  s.d.s.web.plugins.DocumentationPluginsBootstrapper - Found 1 custom documentation plugin(s)
2020-06-23 09:38:24.570 [main] INFO  s.d.spring.web.scanners.ApiListingReferenceScanner - Scanning for api listing references
2020-06-23 09:38:24.666 [main] INFO  o.s.boot.web.embedded.tomcat.TomcatWebServer - Tomcat started on port(s): 8080 (http) with context path ''
2020-06-23 09:38:24.668 [main] INFO  com.alibaba.nacos.client.naming - [BEAT] adding beat: {"cluster":"DEFAULT","ip":"172.18.18.7","metadata":{"preserved.register.source":"SPRING_CLOUD"},"period":5000,"port":8080,"scheduled":false,"serviceName":"DEFAULT_GROUP@@app-yj-ui","stopped":false,"weight":1.0} to beat map.
2020-06-23 09:38:24.755 [main] INFO  com.alibaba.nacos.client.naming - [REGISTER-SERVICE] public registering service DEFAULT_GROUP@@app-yj-ui with instance: {"clusterName":"DEFAULT","enabled":true,"ephemeral":true,"healthy":true,"instanceHeartBeatInterval":5000,"instanceHeartBeatTimeOut":15000,"ip":"172.18.18.7","ipDeleteTimeout":30000,"metadata":{"preserved.register.source":"SPRING_CLOUD"},"port":8080,"weight":1.0}
2020-06-23 09:38:24.766 [main] INFO  c.a.cloud.nacos.registry.NacosServiceRegistry - nacos registry, DEFAULT_GROUP app-yj-ui 172.18.18.7:8080 register finished
2020-06-23 09:38:24.816 [main] INFO  com.yj.UIApplicaton - Started UIApplicaton in 6.751 seconds (JVM running for 7.749)
2020-06-23 09:38:24.820 [main] INFO  com.alibaba.nacos.client.config.impl.ClientWorker - [fixed-localhost_8848] [subscribe] app-yj-ui+DEFAULT_GROUP
2020-06-23 09:38:24.821 [main] INFO  com.alibaba.nacos.client.config.impl.CacheData - [fixed-localhost_8848] [add-listener] ok, tenant=, dataId=app-yj-ui, group=DEFAULT_GROUP, cnt=1
2020-06-23 09:38:24.821 [main] INFO  com.alibaba.nacos.client.config.impl.ClientWorker - [fixed-localhost_8848] [subscribe] app-yj-ui.properties+DEFAULT_GROUP
2020-06-23 09:38:24.822 [main] INFO  com.alibaba.nacos.client.config.impl.CacheData - [fixed-localhost_8848] [add-listener] ok, tenant=, dataId=app-yj-ui.properties, group=DEFAULT_GROUP, cnt=1
2020-06-23 09:40:35.644 [http-nio-8080-exec-1] INFO  o.a.c.core.ContainerBase.[Tomcat].[localhost].[/] - Initializing Spring DispatcherServlet 'dispatcherServlet'
2020-06-23 09:40:35.646 [http-nio-8080-exec-1] INFO  org.springframework.web.servlet.DispatcherServlet - Initializing Servlet 'dispatcherServlet'
2020-06-23 09:40:35.665 [http-nio-8080-exec-1] INFO  org.springframework.web.servlet.DispatcherServlet - Completed initialization in 19 ms
2020-06-23 09:40:42.436 [hystrix-app-yj-core-1] INFO  com.netflix.config.ChainedDynamicProperty - Flipping property: app-yj-core.ribbon.ActiveConnectionsLimit to use NEXT property: niws.loadbalancer.availabilityFilteringRule.activeConnectionsLimit = 2147483647
2020-06-23 09:40:42.457 [hystrix-app-yj-core-1] INFO  com.netflix.loadbalancer.BaseLoadBalancer - Client: app-yj-core instantiated a LoadBalancer: DynamicServerListLoadBalancer:{NFLoadBalancer:name=app-yj-core,current list of Servers=[],Load balancer stats=Zone stats: {},Server stats: []}ServerList:null
2020-06-23 09:40:42.465 [hystrix-app-yj-core-1] INFO  c.n.loadbalancer.DynamicServerListLoadBalancer - Using serverListUpdater PollingServerListUpdater
2020-06-23 09:40:42.485 [hystrix-app-yj-core-1] INFO  com.alibaba.nacos.client.naming - new ips(1) service: DEFAULT_GROUP@@app-yj-core -> [{"clusterName":"DEFAULT","enabled":true,"ephemeral":true,"healthy":true,"instanceHeartBeatInterval":5000,"instanceHeartBeatTimeOut":15000,"instanceId":"172.18.18.7#9000#DEFAULT#DEFAULT_GROUP@@app-yj-core","ip":"172.18.18.7","ipDeleteTimeout":30000,"metadata":{"preserved.register.source":"SPRING_CLOUD"},"port":9000,"serviceName":"DEFAULT_GROUP@@app-yj-core","weight":1.0}]
2020-06-23 09:40:42.492 [hystrix-app-yj-core-1] INFO  com.alibaba.nacos.client.naming - current ips:(1) service: DEFAULT_GROUP@@app-yj-core -> [{"clusterName":"DEFAULT","enabled":true,"ephemeral":true,"healthy":true,"instanceHeartBeatInterval":5000,"instanceHeartBeatTimeOut":15000,"instanceId":"172.18.18.7#9000#DEFAULT#DEFAULT_GROUP@@app-yj-core","ip":"172.18.18.7","ipDeleteTimeout":30000,"metadata":{"preserved.register.source":"SPRING_CLOUD"},"port":9000,"serviceName":"DEFAULT_GROUP@@app-yj-core","weight":1.0}]
2020-06-23 09:40:42.504 [hystrix-app-yj-core-1] INFO  com.netflix.config.ChainedDynamicProperty - Flipping property: app-yj-core.ribbon.ActiveConnectionsLimit to use NEXT property: niws.loadbalancer.availabilityFilteringRule.activeConnectionsLimit = 2147483647
2020-06-23 09:40:42.505 [hystrix-app-yj-core-1] INFO  c.n.loadbalancer.DynamicServerListLoadBalancer - DynamicServerListLoadBalancer for client app-yj-core initialized: DynamicServerListLoadBalancer:{NFLoadBalancer:name=app-yj-core,current list of Servers=[172.18.18.7:9000],Load balancer stats=Zone stats: {unknown=[Zone:unknown;	Instance count:1;	Active connections count: 0;	Circuit breaker tripped count: 0;	Active connections per server: 0.0;]
},Server stats: [[Server:172.18.18.7:9000;	Zone:UNKNOWN;	Total Requests:0;	Successive connection failure:0;	Total blackout seconds:0;	Last connection made:Thu Jan 01 08:00:00 CST 1970;	First connection made: Thu Jan 01 08:00:00 CST 1970;	Active Connections:0;	total failure count in last (1000) msecs:0;	average resp time:0.0;	90 percentile resp time:0.0;	95 percentile resp time:0.0;	min resp time:0.0;	max resp time:0.0;	stddev resp time:0.0]
]}ServerList:com.alibaba.cloud.nacos.ribbon.NacosServerList@267c5b5a
2020-06-23 09:40:43.469 [PollingServerListUpdater-0] INFO  com.netflix.config.ChainedDynamicProperty - Flipping property: app-yj-core.ribbon.ActiveConnectionsLimit to use NEXT property: niws.loadbalancer.availabilityFilteringRule.activeConnectionsLimit = 2147483647
2020-06-23 09:44:17.407 [main] INFO  c.a.n.client.config.impl.LocalConfigInfoProcessor - LOCAL_SNAPSHOT_PATH:C:\Users\917110140\nacos\config
2020-06-23 09:44:17.433 [main] INFO  com.alibaba.nacos.client.config.impl.Limiter - limitTime:5.0
2020-06-23 09:44:17.466 [main] INFO  o.s.c.b.c.PropertySourceBootstrapConfiguration - Located property source: [BootstrapPropertySource {name='bootstrapProperties-app-yj-ui.properties,DEFAULT_GROUP'}, BootstrapPropertySource {name='bootstrapProperties-app-yj-ui,DEFAULT_GROUP'}]
2020-06-23 09:44:17.536 [main] INFO  com.yj.UIApplicaton - No active profile set, falling back to default profiles: default
2020-06-23 09:44:18.557 [main] INFO  o.springframework.cloud.context.scope.GenericScope - BeanFactory id=e14b49b0-b3fc-376b-a798-bbb113d37be2
2020-06-23 09:44:18.801 [main] INFO  o.s.c.s.PostProcessorRegistrationDelegate$BeanPostProcessorChecker - Bean 'shiroConfig' of type [com.yj.shiro.ShiroConfig$$EnhancerBySpringCGLIB$$4d4afb94] is not eligible for getting processed by all BeanPostProcessors (for example: not eligible for auto-proxying)
2020-06-23 09:44:18.830 [main] INFO  o.s.c.s.PostProcessorRegistrationDelegate$BeanPostProcessorChecker - Bean 'default.com.yj.UIApplicaton.FeignClientSpecification' of type [org.springframework.cloud.openfeign.FeignClientSpecification] is not eligible for getting processed by all BeanPostProcessors (for example: not eligible for auto-proxying)
2020-06-23 09:44:18.838 [main] INFO  o.s.c.s.PostProcessorRegistrationDelegate$BeanPostProcessorChecker - Bean 'app-yj-member.FeignClientSpecification' of type [org.springframework.cloud.openfeign.FeignClientSpecification] is not eligible for getting processed by all BeanPostProcessors (for example: not eligible for auto-proxying)
2020-06-23 09:44:18.839 [main] INFO  o.s.c.s.PostProcessorRegistrationDelegate$BeanPostProcessorChecker - Bean 'app-yj-core.FeignClientSpecification' of type [org.springframework.cloud.openfeign.FeignClientSpecification] is not eligible for getting processed by all BeanPostProcessors (for example: not eligible for auto-proxying)
2020-06-23 09:44:18.841 [main] INFO  o.s.c.s.PostProcessorRegistrationDelegate$BeanPostProcessorChecker - Bean 'org.springframework.cloud.openfeign.FeignAutoConfiguration' of type [org.springframework.cloud.openfeign.FeignAutoConfiguration] is not eligible for getting processed by all BeanPostProcessors (for example: not eligible for auto-proxying)
2020-06-23 09:44:18.844 [main] INFO  o.s.c.s.PostProcessorRegistrationDelegate$BeanPostProcessorChecker - Bean 'feignContext' of type [org.springframework.cloud.openfeign.FeignContext] is not eligible for getting processed by all BeanPostProcessors (for example: not eligible for auto-proxying)
2020-06-23 09:44:18.902 [main] INFO  o.s.c.s.PostProcessorRegistrationDelegate$BeanPostProcessorChecker - Bean 'org.springframework.cloud.sleuth.instrument.web.client.feign.TraceFeignClientAutoConfiguration' of type [org.springframework.cloud.sleuth.instrument.web.client.feign.TraceFeignClientAutoConfiguration] is not eligible for getting processed by all BeanPostProcessors (for example: not eligible for auto-proxying)
2020-06-23 09:44:18.925 [main] INFO  o.s.c.s.PostProcessorRegistrationDelegate$BeanPostProcessorChecker - Bean 'org.springframework.cloud.openfeign.ribbon.DefaultFeignLoadBalancedConfiguration' of type [org.springframework.cloud.openfeign.ribbon.DefaultFeignLoadBalancedConfiguration] is not eligible for getting processed by all BeanPostProcessors (for example: not eligible for auto-proxying)
2020-06-23 09:44:18.928 [main] INFO  o.s.c.s.PostProcessorRegistrationDelegate$BeanPostProcessorChecker - Bean 'org.springframework.cloud.openfeign.ribbon.FeignRibbonClientAutoConfiguration' of type [org.springframework.cloud.openfeign.ribbon.FeignRibbonClientAutoConfiguration] is not eligible for getting processed by all BeanPostProcessors (for example: not eligible for auto-proxying)
2020-06-23 09:44:18.933 [main] INFO  o.s.c.s.PostProcessorRegistrationDelegate$BeanPostProcessorChecker - Bean 'default.org.springframework.cloud.netflix.ribbon.RibbonAutoConfiguration.RibbonClientSpecification' of type [org.springframework.cloud.netflix.ribbon.RibbonClientSpecification] is not eligible for getting processed by all BeanPostProcessors (for example: not eligible for auto-proxying)
2020-06-23 09:44:18.937 [main] INFO  o.s.c.s.PostProcessorRegistrationDelegate$BeanPostProcessorChecker - Bean 'default.com.alibaba.cloud.nacos.ribbon.RibbonNacosAutoConfiguration.RibbonClientSpecification' of type [org.springframework.cloud.netflix.ribbon.RibbonClientSpecification] is not eligible for getting processed by all BeanPostProcessors (for example: not eligible for auto-proxying)
2020-06-23 09:44:18.944 [main] INFO  o.s.c.s.PostProcessorRegistrationDelegate$BeanPostProcessorChecker - Bean 'ribbon.eager-load-org.springframework.cloud.netflix.ribbon.RibbonEagerLoadProperties' of type [org.springframework.cloud.netflix.ribbon.RibbonEagerLoadProperties] is not eligible for getting processed by all BeanPostProcessors (for example: not eligible for auto-proxying)
2020-06-23 09:44:18.946 [main] INFO  o.s.c.s.PostProcessorRegistrationDelegate$BeanPostProcessorChecker - Bean 'org.springframework.cloud.netflix.ribbon.RibbonAutoConfiguration' of type [org.springframework.cloud.netflix.ribbon.RibbonAutoConfiguration$$EnhancerBySpringCGLIB$$a36b00a3] is not eligible for getting processed by all BeanPostProcessors (for example: not eligible for auto-proxying)
2020-06-23 09:44:18.955 [main] INFO  o.s.c.s.PostProcessorRegistrationDelegate$BeanPostProcessorChecker - Bean 'springClientFactory' of type [org.springframework.cloud.netflix.ribbon.SpringClientFactory] is not eligible for getting processed by all BeanPostProcessors (for example: not eligible for auto-proxying)
2020-06-23 09:44:18.961 [main] INFO  o.s.c.s.PostProcessorRegistrationDelegate$BeanPostProcessorChecker - Bean 'cachingLBClientFactory' of type [org.springframework.cloud.openfeign.ribbon.CachingSpringLoadBalancerFactory] is not eligible for getting processed by all BeanPostProcessors (for example: not eligible for auto-proxying)
2020-06-23 09:44:18.964 [main] INFO  o.s.c.s.PostProcessorRegistrationDelegate$BeanPostProcessorChecker - Bean 'feignClient' of type [org.springframework.cloud.openfeign.ribbon.LoadBalancerFeignClient] is not eligible for getting processed by all BeanPostProcessors (for example: not eligible for auto-proxying)
2020-06-23 09:44:18.987 [main] INFO  o.s.c.s.PostProcessorRegistrationDelegate$BeanPostProcessorChecker - Bean 'feignHystrixBuilder' of type [feign.hystrix.HystrixFeign$Builder] is not eligible for getting processed by all BeanPostProcessors (for example: not eligible for auto-proxying)
2020-06-23 09:44:18.998 [main] INFO  o.s.c.s.PostProcessorRegistrationDelegate$BeanPostProcessorChecker - Bean 'feign.client-org.springframework.cloud.openfeign.FeignClientProperties' of type [org.springframework.cloud.openfeign.FeignClientProperties] is not eligible for getting processed by all BeanPostProcessors (for example: not eligible for auto-proxying)
2020-06-23 09:44:19.004 [main] INFO  o.s.c.s.PostProcessorRegistrationDelegate$BeanPostProcessorChecker - Bean 'feignConfig' of type [com.yj.config.FeignConfig$$EnhancerBySpringCGLIB$$e5ab3d25] is not eligible for getting processed by all BeanPostProcessors (for example: not eligible for auto-proxying)
2020-06-23 09:44:19.024 [main] INFO  o.s.c.s.PostProcessorRegistrationDelegate$BeanPostProcessorChecker - Bean 'feignLoggerLevel' of type [feign.Logger$Level] is not eligible for getting processed by all BeanPostProcessors (for example: not eligible for auto-proxying)
2020-06-23 09:44:19.040 [main] INFO  o.s.c.s.PostProcessorRegistrationDelegate$BeanPostProcessorChecker - Bean 'feignRequestOptions' of type [feign.Request$Options] is not eligible for getting processed by all BeanPostProcessors (for example: not eligible for auto-proxying)
2020-06-23 09:44:19.048 [main] INFO  o.s.c.s.PostProcessorRegistrationDelegate$BeanPostProcessorChecker - Bean 'org.springframework.cloud.openfeign.FeignAutoConfiguration$HystrixFeignTargeterConfiguration' of type [org.springframework.cloud.openfeign.FeignAutoConfiguration$HystrixFeignTargeterConfiguration] is not eligible for getting processed by all BeanPostProcessors (for example: not eligible for auto-proxying)
2020-06-23 09:44:19.053 [main] INFO  o.s.c.s.PostProcessorRegistrationDelegate$BeanPostProcessorChecker - Bean 'feignTargeter' of type [org.springframework.cloud.openfeign.HystrixTargeter] is not eligible for getting processed by all BeanPostProcessors (for example: not eligible for auto-proxying)
2020-06-23 09:44:19.076 [main] INFO  o.s.c.s.PostProcessorRegistrationDelegate$BeanPostProcessorChecker - Bean 'com.yj.feign.IUserServiceFeign' of type [com.sun.proxy.$Proxy91] is not eligible for getting processed by all BeanPostProcessors (for example: not eligible for auto-proxying)
2020-06-23 09:44:19.079 [main] INFO  o.s.c.s.PostProcessorRegistrationDelegate$BeanPostProcessorChecker - Bean 'userRealm' of type [com.yj.shiro.UserRealm] is not eligible for getting processed by all BeanPostProcessors (for example: not eligible for auto-proxying)
2020-06-23 09:44:19.268 [main] INFO  o.s.c.s.PostProcessorRegistrationDelegate$BeanPostProcessorChecker - Bean 'securityManager' of type [org.apache.shiro.web.mgt.DefaultWebSecurityManager] is not eligible for getting processed by all BeanPostProcessors (for example: not eligible for auto-proxying)
2020-06-23 09:44:19.667 [main] INFO  o.s.boot.web.embedded.tomcat.TomcatWebServer - Tomcat initialized with port(s): 8080 (http)
2020-06-23 09:44:19.677 [main] INFO  org.apache.catalina.core.StandardService - Starting service [Tomcat]
2020-06-23 09:44:19.677 [main] INFO  org.apache.catalina.core.StandardEngine - Starting Servlet engine: [Apache Tomcat/9.0.33]
2020-06-23 09:44:19.857 [main] INFO  o.a.c.core.ContainerBase.[Tomcat].[localhost].[/] - Initializing Spring embedded WebApplicationContext
2020-06-23 09:44:19.858 [main] INFO  org.springframework.web.context.ContextLoader - Root WebApplicationContext: initialization completed in 2307 ms
2020-06-23 09:44:20.785 [main] INFO  s.d.s.w.PropertySourcedRequestMappingHandlerMapping - Mapped URL path [/v2/api-docs] onto method [springfox.documentation.swagger2.web.Swagger2Controller#getDocumentation(String, HttpServletRequest)]
2020-06-23 09:44:20.829 [main] INFO  com.netflix.config.sources.URLConfigurationSource - To enable URLs as dynamic configuration sources, define System property archaius.configurationSource.additionalUrls or make config.properties available on classpath.
2020-06-23 09:44:20.834 [main] INFO  com.netflix.config.sources.URLConfigurationSource - To enable URLs as dynamic configuration sources, define System property archaius.configurationSource.additionalUrls or make config.properties available on classpath.
2020-06-23 09:44:21.010 [main] INFO  o.s.scheduling.concurrent.ThreadPoolTaskExecutor - Initializing ExecutorService 'applicationTaskExecutor'
2020-06-23 09:44:21.078 [main] INFO  o.s.b.a.web.servlet.WelcomePageHandlerMapping - Adding welcome page template: index
2020-06-23 09:44:21.342 [main] INFO  o.s.scheduling.concurrent.ThreadPoolTaskScheduler - Initializing ExecutorService 'Nacso-Watch-Task-Scheduler'
2020-06-23 09:44:21.351 [main] INFO  com.alibaba.nacos.client.naming - initializer namespace from System Property :null
2020-06-23 09:44:21.352 [main] INFO  com.alibaba.nacos.client.naming - initializer namespace from System Environment :null
2020-06-23 09:44:21.352 [main] INFO  com.alibaba.nacos.client.naming - initializer namespace from System Property :null
2020-06-23 09:44:21.772 [main] INFO  s.d.s.web.plugins.DocumentationPluginsBootstrapper - Context refreshed
2020-06-23 09:44:21.785 [main] INFO  s.d.s.web.plugins.DocumentationPluginsBootstrapper - Found 1 custom documentation plugin(s)
2020-06-23 09:44:21.815 [main] INFO  s.d.spring.web.scanners.ApiListingReferenceScanner - Scanning for api listing references
2020-06-23 09:44:21.920 [main] INFO  o.s.boot.web.embedded.tomcat.TomcatWebServer - Tomcat started on port(s): 8080 (http) with context path ''
2020-06-23 09:44:21.923 [main] INFO  com.alibaba.nacos.client.naming - [BEAT] adding beat: {"cluster":"DEFAULT","ip":"172.18.18.7","metadata":{"preserved.register.source":"SPRING_CLOUD"},"period":5000,"port":8080,"scheduled":false,"serviceName":"DEFAULT_GROUP@@app-yj-ui","stopped":false,"weight":1.0} to beat map.
2020-06-23 09:44:22.021 [main] INFO  com.alibaba.nacos.client.naming - [REGISTER-SERVICE] public registering service DEFAULT_GROUP@@app-yj-ui with instance: {"clusterName":"DEFAULT","enabled":true,"ephemeral":true,"healthy":true,"instanceHeartBeatInterval":5000,"instanceHeartBeatTimeOut":15000,"ip":"172.18.18.7","ipDeleteTimeout":30000,"metadata":{"preserved.register.source":"SPRING_CLOUD"},"port":8080,"weight":1.0}
2020-06-23 09:44:22.032 [main] INFO  c.a.cloud.nacos.registry.NacosServiceRegistry - nacos registry, DEFAULT_GROUP app-yj-ui 172.18.18.7:8080 register finished
2020-06-23 09:44:22.096 [main] INFO  com.yj.UIApplicaton - Started UIApplicaton in 6.504 seconds (JVM running for 7.52)
2020-06-23 09:44:22.101 [main] INFO  com.alibaba.nacos.client.config.impl.ClientWorker - [fixed-localhost_8848] [subscribe] app-yj-ui+DEFAULT_GROUP
2020-06-23 09:44:22.102 [main] INFO  com.alibaba.nacos.client.config.impl.CacheData - [fixed-localhost_8848] [add-listener] ok, tenant=, dataId=app-yj-ui, group=DEFAULT_GROUP, cnt=1
2020-06-23 09:44:22.102 [main] INFO  com.alibaba.nacos.client.config.impl.ClientWorker - [fixed-localhost_8848] [subscribe] app-yj-ui.properties+DEFAULT_GROUP
2020-06-23 09:44:22.103 [main] INFO  com.alibaba.nacos.client.config.impl.CacheData - [fixed-localhost_8848] [add-listener] ok, tenant=, dataId=app-yj-ui.properties, group=DEFAULT_GROUP, cnt=1
