2020-06-19 14:41:43.850 [main] WARN  c.a.cloud.nacos.client.NacosPropertySourceBuilder - Ignore the empty nacos configuration and get it based on dataId[app-yj-core] & group[DEFAULT_GROUP]
2020-06-19 14:41:43.929 [main] WARN  c.a.cloud.nacos.client.NacosPropertySourceBuilder - Ignore the empty nacos configuration and get it based on dataId[app-yj-core.yaml] & group[DEFAULT_GROUP]
2020-06-19 14:42:02.017 [main] WARN  o.s.cloud.sleuth.zipkin2.ZipkinAutoConfiguration - Check result of the [AsyncReporter{org.springframework.cloud.sleuth.zipkin2.sender.RestTemplateSender@2ba1209b}] contains an error [CheckResult{ok=false, error=org.springframework.web.client.ResourceAccessException: I/O error on POST request for "http://localhost:9411/api/v2/spans": Read timed out; nested exception is java.net.SocketTimeoutException: Read timed out}]
2020-06-19 14:42:07.524 [main] WARN  com.netflix.config.sources.URLConfigurationSource - No URLs will be polled as dynamic configuration sources.
2020-06-19 14:42:07.566 [main] WARN  com.netflix.config.sources.URLConfigurationSource - No URLs will be polled as dynamic configuration sources.
2020-06-19 14:42:09.095 [main] WARN  com.atomikos.icatch.provider.imp.AssemblerImp - Thanks for using Atomikos! Evaluate http://www.atomikos.com/Main/ExtremeTransactions for advanced features and professional support
or register at http://www.atomikos.com/Main/RegisterYourDownload to disable this message and receive FREE tips & advice
2020-06-19 14:44:33.772 [main] WARN  c.a.cloud.nacos.client.NacosPropertySourceBuilder - Ignore the empty nacos configuration and get it based on dataId[app-yj-core] & group[DEFAULT_GROUP]
2020-06-19 14:44:33.776 [main] WARN  c.a.cloud.nacos.client.NacosPropertySourceBuilder - Ignore the empty nacos configuration and get it based on dataId[app-yj-core.yaml] & group[DEFAULT_GROUP]
2020-06-19 14:44:36.008 [main] WARN  o.s.cloud.sleuth.zipkin2.ZipkinAutoConfiguration - Check result of the [AsyncReporter{org.springframework.cloud.sleuth.zipkin2.sender.RestTemplateSender@4a9860}] contains an error [CheckResult{ok=false, error=org.springframework.web.client.HttpClientErrorException$BadRequest: 400 Bad Request: [Empty JSON_V2 message]}]
2020-06-19 14:44:37.270 [main] WARN  com.netflix.config.sources.URLConfigurationSource - No URLs will be polled as dynamic configuration sources.
2020-06-19 14:44:37.275 [main] WARN  com.netflix.config.sources.URLConfigurationSource - No URLs will be polled as dynamic configuration sources.
2020-06-19 14:44:37.901 [main] WARN  com.atomikos.icatch.provider.imp.AssemblerImp - Thanks for using Atomikos! Evaluate http://www.atomikos.com/Main/ExtremeTransactions for advanced features and professional support
or register at http://www.atomikos.com/Main/RegisterYourDownload to disable this message and receive FREE tips & advice
2020-06-19 14:45:44.939 [main] WARN  c.a.cloud.nacos.client.NacosPropertySourceBuilder - Ignore the empty nacos configuration and get it based on dataId[app-yj-core] & group[DEFAULT_GROUP]
2020-06-19 14:45:45.237 [main] WARN  c.a.cloud.nacos.client.NacosPropertySourceBuilder - Ignore the empty nacos configuration and get it based on dataId[app-yj-core.yaml] & group[DEFAULT_GROUP]
2020-06-19 14:45:47.401 [main] WARN  o.s.cloud.sleuth.zipkin2.ZipkinAutoConfiguration - Check result of the [AsyncReporter{org.springframework.cloud.sleuth.zipkin2.sender.RestTemplateSender@5d318e91}] contains an error [CheckResult{ok=false, error=org.springframework.web.client.HttpClientErrorException$BadRequest: 400 Bad Request: [Empty JSON_V2 message]}]
2020-06-19 14:45:48.813 [main] WARN  com.netflix.config.sources.URLConfigurationSource - No URLs will be polled as dynamic configuration sources.
2020-06-19 14:45:48.818 [main] WARN  com.netflix.config.sources.URLConfigurationSource - No URLs will be polled as dynamic configuration sources.
2020-06-19 14:45:49.546 [main] WARN  com.atomikos.icatch.provider.imp.AssemblerImp - Thanks for using Atomikos! Evaluate http://www.atomikos.com/Main/ExtremeTransactions for advanced features and professional support
or register at http://www.atomikos.com/Main/RegisterYourDownload to disable this message and receive FREE tips & advice
2020-06-19 14:46:15.041 [main] WARN  c.a.cloud.nacos.client.NacosPropertySourceBuilder - Ignore the empty nacos configuration and get it based on dataId[app-yj-core] & group[DEFAULT_GROUP]
2020-06-19 14:46:15.059 [main] WARN  c.a.cloud.nacos.client.NacosPropertySourceBuilder - Ignore the empty nacos configuration and get it based on dataId[app-yj-core.yaml] & group[DEFAULT_GROUP]
2020-06-19 14:46:17.748 [main] WARN  o.s.cloud.sleuth.zipkin2.ZipkinAutoConfiguration - Check result of the [AsyncReporter{org.springframework.cloud.sleuth.zipkin2.sender.RestTemplateSender@298b64f7}] contains an error [CheckResult{ok=false, error=org.springframework.web.client.HttpClientErrorException$BadRequest: 400 Bad Request: [Empty JSON_V2 message]}]
2020-06-19 14:46:19.782 [main] WARN  com.netflix.config.sources.URLConfigurationSource - No URLs will be polled as dynamic configuration sources.
2020-06-19 14:46:19.787 [main] WARN  com.netflix.config.sources.URLConfigurationSource - No URLs will be polled as dynamic configuration sources.
2020-06-19 14:46:20.414 [main] WARN  com.atomikos.icatch.provider.imp.AssemblerImp - Thanks for using Atomikos! Evaluate http://www.atomikos.com/Main/ExtremeTransactions for advanced features and professional support
or register at http://www.atomikos.com/Main/RegisterYourDownload to disable this message and receive FREE tips & advice
2020-06-19 17:53:55.379 [main] WARN  c.a.cloud.nacos.client.NacosPropertySourceBuilder - Ignore the empty nacos configuration and get it based on dataId[app-yj-member] & group[DEFAULT_GROUP]
2020-06-19 17:53:55.433 [main] WARN  c.a.cloud.nacos.client.NacosPropertySourceBuilder - Ignore the empty nacos configuration and get it based on dataId[app-yj-member.properties] & group[DEFAULT_GROUP]
2020-06-19 17:53:55.441 [main] WARN  c.a.cloud.nacos.client.NacosPropertySourceBuilder - Ignore the empty nacos configuration and get it based on dataId[app-yj-member-peer1.properties] & group[DEFAULT_GROUP]
2020-06-19 17:53:57.540 [main] WARN  o.s.cloud.sleuth.zipkin2.ZipkinAutoConfiguration - Check result of the [AsyncReporter{org.springframework.cloud.sleuth.zipkin2.sender.RestTemplateSender@412c5e8b}] contains an error [CheckResult{ok=false, error=org.springframework.web.client.HttpClientErrorException$BadRequest: 400 Bad Request: [Empty JSON_V2 message]}]
2020-06-19 17:53:58.702 [main] WARN  com.netflix.config.sources.URLConfigurationSource - No URLs will be polled as dynamic configuration sources.
2020-06-19 17:53:58.706 [main] WARN  com.netflix.config.sources.URLConfigurationSource - No URLs will be polled as dynamic configuration sources.
2020-06-19 17:53:59.362 [main] WARN  com.atomikos.icatch.provider.imp.AssemblerImp - Thanks for using Atomikos! Evaluate http://www.atomikos.com/Main/ExtremeTransactions for advanced features and professional support
or register at http://www.atomikos.com/Main/RegisterYourDownload to disable this message and receive FREE tips & advice
2020-06-19 17:54:19.091 [main] WARN  c.a.cloud.nacos.client.NacosPropertySourceBuilder - Ignore the empty nacos configuration and get it based on dataId[app-yj-member] & group[DEFAULT_GROUP]
2020-06-19 17:54:19.111 [main] WARN  c.a.cloud.nacos.client.NacosPropertySourceBuilder - Ignore the empty nacos configuration and get it based on dataId[app-yj-member.properties] & group[DEFAULT_GROUP]
2020-06-19 17:54:19.130 [main] WARN  c.a.cloud.nacos.client.NacosPropertySourceBuilder - Ignore the empty nacos configuration and get it based on dataId[app-yj-member-peer2.properties] & group[DEFAULT_GROUP]
2020-06-19 17:54:21.155 [main] WARN  o.s.cloud.sleuth.zipkin2.ZipkinAutoConfiguration - Check result of the [AsyncReporter{org.springframework.cloud.sleuth.zipkin2.sender.RestTemplateSender@31973858}] contains an error [CheckResult{ok=false, error=org.springframework.web.client.HttpClientErrorException$BadRequest: 400 Bad Request: [Empty JSON_V2 message]}]
2020-06-19 17:54:22.401 [main] WARN  com.netflix.config.sources.URLConfigurationSource - No URLs will be polled as dynamic configuration sources.
2020-06-19 17:54:22.405 [main] WARN  com.netflix.config.sources.URLConfigurationSource - No URLs will be polled as dynamic configuration sources.
2020-06-19 17:54:23.085 [main] WARN  com.atomikos.icatch.provider.imp.AssemblerImp - Thanks for using Atomikos! Evaluate http://www.atomikos.com/Main/ExtremeTransactions for advanced features and professional support
or register at http://www.atomikos.com/Main/RegisterYourDownload to disable this message and receive FREE tips & advice
2020-06-19 17:54:23.517 [main] WARN  o.s.b.w.s.c.AnnotationConfigServletWebServerApplicationContext - Exception encountered during context initialization - cancelling refresh attempt: org.springframework.beans.factory.BeanCreationException: Error creating bean with name 'userTransactionService' defined in class path resource [org/springframework/boot/autoconfigure/transaction/jta/AtomikosJtaConfiguration.class]: Invocation of init method failed; nested exception is com.atomikos.icatch.SysException: Error in init: Log already in use? yj_parents_atomiks_cj01 in F:\yj_parents\transaction-logs\
2020-06-19 17:54:24.140 [AsyncReporter{org.springframework.cloud.sleuth.zipkin2.sender.RestTemplateSender@31973858}] WARN  z.reporter.AsyncReporter$BoundedAsyncReporter - Spans were dropped due to exceptions. All subsequent errors will be logged at FINE level.
2020-06-19 17:54:24.144 [AsyncReporter{org.springframework.cloud.sleuth.zipkin2.sender.RestTemplateSender@31973858}] WARN  z.reporter.AsyncReporter$BoundedAsyncReporter - Dropped 0 spans due to BadRequest(400 Bad Request: [Empty JSON_V2 message])
org.springframework.web.client.HttpClientErrorException$BadRequest: 400 Bad Request: [Empty JSON_V2 message]
	at org.springframework.web.client.HttpClientErrorException.create(HttpClientErrorException.java:101)
	at org.springframework.web.client.DefaultResponseErrorHandler.handleError(DefaultResponseErrorHandler.java:170)
	at org.springframework.web.client.DefaultResponseErrorHandler.handleError(DefaultResponseErrorHandler.java:112)
	at org.springframework.web.client.ResponseErrorHandler.handleError(ResponseErrorHandler.java:63)
	at org.springframework.web.client.RestTemplate.handleResponse(RestTemplate.java:782)
	at org.springframework.web.client.RestTemplate.doExecute(RestTemplate.java:740)
	at org.springframework.cloud.sleuth.zipkin2.sender.ZipkinRestTemplateWrapper.doExecute(ZipkinRestTemplateSenderConfiguration.java:228)
	at org.springframework.web.client.RestTemplate.exchange(RestTemplate.java:641)
	at org.springframework.cloud.sleuth.zipkin2.sender.RestTemplateSender.post(RestTemplateSender.java:129)
	at org.springframework.cloud.sleuth.zipkin2.sender.RestTemplateSender$HttpPostCall.doExecute(RestTemplateSender.java:142)
	at org.springframework.cloud.sleuth.zipkin2.sender.RestTemplateSender$HttpPostCall.doExecute(RestTemplateSender.java:132)
	at zipkin2.Call$Base.execute(Call.java:380)
	at zipkin2.reporter.AsyncReporter$BoundedAsyncReporter.flush(AsyncReporter.java:284)
	at zipkin2.reporter.AsyncReporter$Flusher.run(AsyncReporter.java:358)
	at java.lang.Thread.run(Thread.java:748)
2020-06-19 17:54:50.630 [main] WARN  c.a.cloud.nacos.client.NacosPropertySourceBuilder - Ignore the empty nacos configuration and get it based on dataId[app-yj-member] & group[DEFAULT_GROUP]
2020-06-19 17:54:50.641 [main] WARN  c.a.cloud.nacos.client.NacosPropertySourceBuilder - Ignore the empty nacos configuration and get it based on dataId[app-yj-member.properties] & group[DEFAULT_GROUP]
2020-06-19 17:54:50.649 [main] WARN  c.a.cloud.nacos.client.NacosPropertySourceBuilder - Ignore the empty nacos configuration and get it based on dataId[app-yj-member-peer2.properties] & group[DEFAULT_GROUP]
2020-06-19 17:54:52.596 [main] WARN  o.s.cloud.sleuth.zipkin2.ZipkinAutoConfiguration - Check result of the [AsyncReporter{org.springframework.cloud.sleuth.zipkin2.sender.RestTemplateSender@412c5e8b}] contains an error [CheckResult{ok=false, error=org.springframework.web.client.HttpClientErrorException$BadRequest: 400 Bad Request: [Empty JSON_V2 message]}]
2020-06-19 17:54:53.592 [main] WARN  com.netflix.config.sources.URLConfigurationSource - No URLs will be polled as dynamic configuration sources.
2020-06-19 17:54:53.596 [main] WARN  com.netflix.config.sources.URLConfigurationSource - No URLs will be polled as dynamic configuration sources.
2020-06-19 17:54:54.226 [main] WARN  com.atomikos.icatch.provider.imp.AssemblerImp - Thanks for using Atomikos! Evaluate http://www.atomikos.com/Main/ExtremeTransactions for advanced features and professional support
or register at http://www.atomikos.com/Main/RegisterYourDownload to disable this message and receive FREE tips & advice
2020-06-19 17:54:54.238 [main] WARN  o.s.b.w.s.c.AnnotationConfigServletWebServerApplicationContext - Exception encountered during context initialization - cancelling refresh attempt: org.springframework.beans.factory.BeanCreationException: Error creating bean with name 'userTransactionService' defined in class path resource [org/springframework/boot/autoconfigure/transaction/jta/AtomikosJtaConfiguration.class]: Invocation of init method failed; nested exception is com.atomikos.icatch.SysException: Error in init: Log already in use? yj_parents_atomiks_cj01 in F:\yj_parents\transaction-logs\
2020-06-19 17:54:54.583 [AsyncReporter{org.springframework.cloud.sleuth.zipkin2.sender.RestTemplateSender@412c5e8b}] WARN  z.reporter.AsyncReporter$BoundedAsyncReporter - Spans were dropped due to exceptions. All subsequent errors will be logged at FINE level.
2020-06-19 17:54:54.587 [AsyncReporter{org.springframework.cloud.sleuth.zipkin2.sender.RestTemplateSender@412c5e8b}] WARN  z.reporter.AsyncReporter$BoundedAsyncReporter - Dropped 0 spans due to BadRequest(400 Bad Request: [Empty JSON_V2 message])
org.springframework.web.client.HttpClientErrorException$BadRequest: 400 Bad Request: [Empty JSON_V2 message]
	at org.springframework.web.client.HttpClientErrorException.create(HttpClientErrorException.java:101)
	at org.springframework.web.client.DefaultResponseErrorHandler.handleError(DefaultResponseErrorHandler.java:170)
	at org.springframework.web.client.DefaultResponseErrorHandler.handleError(DefaultResponseErrorHandler.java:112)
	at org.springframework.web.client.ResponseErrorHandler.handleError(ResponseErrorHandler.java:63)
	at org.springframework.web.client.RestTemplate.handleResponse(RestTemplate.java:782)
	at org.springframework.web.client.RestTemplate.doExecute(RestTemplate.java:740)
	at org.springframework.cloud.sleuth.zipkin2.sender.ZipkinRestTemplateWrapper.doExecute(ZipkinRestTemplateSenderConfiguration.java:228)
	at org.springframework.web.client.RestTemplate.exchange(RestTemplate.java:641)
	at org.springframework.cloud.sleuth.zipkin2.sender.RestTemplateSender.post(RestTemplateSender.java:129)
	at org.springframework.cloud.sleuth.zipkin2.sender.RestTemplateSender$HttpPostCall.doExecute(RestTemplateSender.java:142)
	at org.springframework.cloud.sleuth.zipkin2.sender.RestTemplateSender$HttpPostCall.doExecute(RestTemplateSender.java:132)
	at zipkin2.Call$Base.execute(Call.java:380)
	at zipkin2.reporter.AsyncReporter$BoundedAsyncReporter.flush(AsyncReporter.java:284)
	at zipkin2.reporter.AsyncReporter$Flusher.run(AsyncReporter.java:358)
	at java.lang.Thread.run(Thread.java:748)
2020-06-19 17:55:42.916 [main] WARN  c.a.cloud.nacos.client.NacosPropertySourceBuilder - Ignore the empty nacos configuration and get it based on dataId[app-yj-member] & group[DEFAULT_GROUP]
2020-06-19 17:55:42.922 [main] WARN  c.a.cloud.nacos.client.NacosPropertySourceBuilder - Ignore the empty nacos configuration and get it based on dataId[app-yj-member.properties] & group[DEFAULT_GROUP]
2020-06-19 17:55:42.929 [main] WARN  c.a.cloud.nacos.client.NacosPropertySourceBuilder - Ignore the empty nacos configuration and get it based on dataId[app-yj-member-peer2.properties] & group[DEFAULT_GROUP]
2020-06-19 17:55:45.047 [main] WARN  o.s.cloud.sleuth.zipkin2.ZipkinAutoConfiguration - Check result of the [AsyncReporter{org.springframework.cloud.sleuth.zipkin2.sender.RestTemplateSender@6418e39e}] contains an error [CheckResult{ok=false, error=org.springframework.web.client.HttpClientErrorException$BadRequest: 400 Bad Request: [Empty JSON_V2 message]}]
2020-06-19 17:55:45.967 [main] WARN  com.netflix.config.sources.URLConfigurationSource - No URLs will be polled as dynamic configuration sources.
2020-06-19 17:55:45.971 [main] WARN  com.netflix.config.sources.URLConfigurationSource - No URLs will be polled as dynamic configuration sources.
2020-06-19 17:55:46.662 [main] WARN  com.atomikos.icatch.provider.imp.AssemblerImp - Thanks for using Atomikos! Evaluate http://www.atomikos.com/Main/ExtremeTransactions for advanced features and professional support
or register at http://www.atomikos.com/Main/RegisterYourDownload to disable this message and receive FREE tips & advice
